2025-04-06 19:36:52,235 - WARNING - No singles matches found for tournament M25 Luque
2025-04-06 19:36:52,236 - WARNING - API response might not contain match data for this tournament yet
2025-04-06 19:51:04,446 - WARNING - Failed to fetch statistics for match 2138600157, but will continue processing
2025-04-06 19:53:42,633 - WARNING - Failed to fetch statistics for match 1351006315, but will continue processing
2025-04-06 19:53:44,981 - WARNING - Failed to fetch statistics for match 1351006316, but will continue processing
2025-04-06 19:53:47,234 - WARNING - Failed to fetch statistics for match 1351006317, but will continue processing
2025-04-06 19:53:49,512 - WARNING - Failed to fetch statistics for match 1351006318, but will continue processing
2025-04-06 19:53:51,780 - WARNING - Failed to fetch statistics for match 1351006319, but will continue processing
2025-04-06 19:53:53,971 - WARNING - Failed to fetch statistics for match 1351006320, but will continue processing
2025-04-06 19:53:56,250 - WARNING - Failed to fetch statistics for match 1351006321, but will continue processing
2025-04-06 19:53:58,450 - WARNING - Failed to fetch statistics for match 1351006322, but will continue processing
2025-04-06 19:54:00,858 - WARNING - Failed to fetch statistics for match 1351006323, but will continue processing
2025-04-06 19:54:03,015 - WARNING - Failed to fetch statistics for match 1351006324, but will continue processing
2025-04-06 19:54:05,354 - WARNING - Failed to fetch statistics for match 1351006325, but will continue processing
2025-04-06 19:54:08,949 - WARNING - Failed to fetch statistics for match 1351006326, but will continue processing
2025-04-06 19:54:11,288 - WARNING - Failed to fetch statistics for match 1351006327, but will continue processing
2025-04-06 19:54:13,452 - WARNING - Failed to fetch statistics for match 1351006328, but will continue processing
2025-04-06 19:54:16,751 - WARNING - Failed to fetch statistics for match 1352294595, but will continue processing
2025-04-06 19:54:18,966 - WARNING - Failed to fetch statistics for match 1352294607, but will continue processing
2025-04-06 19:55:51,480 - WARNING - Failed to fetch statistics for match 1344564489, but will continue processing
2025-04-06 19:55:53,739 - WARNING - Failed to fetch statistics for match 1344564493, but will continue processing
2025-04-06 19:55:55,863 - WARNING - Failed to fetch statistics for match 1349718078, but will continue processing
2025-04-06 19:55:59,352 - WARNING - Failed to fetch statistics for match 1349718082, but will continue processing
2025-04-06 19:56:01,568 - WARNING - Failed to fetch statistics for match 1349718083, but will continue processing
2025-04-06 19:56:05,259 - WARNING - Failed to fetch statistics for match 1349718084, but will continue processing
2025-04-06 19:56:07,504 - WARNING - Failed to fetch statistics for match 1349718086, but will continue processing
2025-04-06 19:56:10,823 - WARNING - Failed to fetch statistics for match 1349718087, but will continue processing
2025-04-06 19:56:14,158 - WARNING - Failed to fetch statistics for match 1349718090, but will continue processing
2025-04-06 19:56:16,308 - WARNING - Failed to fetch statistics for match 1349718091, but will continue processing
2025-04-06 19:56:18,589 - WARNING - Failed to fetch statistics for match 1349718094, but will continue processing
2025-04-06 19:56:20,794 - WARNING - Failed to fetch statistics for match 1349718095, but will continue processing
2025-04-06 19:56:23,106 - WARNING - Failed to fetch statistics for match 1349718096, but will continue processing
2025-04-06 19:56:26,577 - WARNING - Failed to fetch statistics for match 1354871016, but will continue processing
2025-04-06 19:56:28,755 - WARNING - Failed to fetch statistics for match 1354871025, but will continue processing
2025-04-06 19:56:30,991 - WARNING - Failed to fetch statistics for match 1354871029, but will continue processing
2025-04-06 19:56:33,281 - WARNING - Failed to fetch statistics for match 1354871035, but will continue processing
2025-04-06 19:56:40,725 - WARNING - Failed to fetch statistics for match 1379343800, but will continue processing
2025-04-06 19:56:45,836 - WARNING - Failed to fetch statistics for match 1379343804, but will continue processing
2025-04-06 19:56:48,177 - WARNING - Failed to fetch statistics for match 1379343806, but will continue processing
2025-04-06 19:56:50,315 - WARNING - Failed to fetch statistics for match 1379343807, but will continue processing
2025-04-06 19:56:52,559 - WARNING - Failed to fetch statistics for match 1379343809, but will continue processing
2025-04-06 19:56:54,736 - WARNING - Failed to fetch statistics for match 1379343817, but will continue processing
2025-04-06 19:56:56,955 - WARNING - Failed to fetch statistics for match 1379343824, but will continue processing
2025-04-06 19:56:59,201 - WARNING - Failed to fetch statistics for match 1379343825, but will continue processing
2025-04-06 19:57:01,502 - WARNING - Failed to fetch statistics for match 1379343826, but will continue processing
2025-04-06 19:57:03,861 - WARNING - Failed to fetch statistics for match 1379343827, but will continue processing
2025-04-06 19:57:06,315 - WARNING - Failed to fetch statistics for match 1379343829, but will continue processing
2025-04-06 19:57:08,637 - WARNING - Failed to fetch statistics for match 1379343830, but will continue processing
2025-04-06 19:57:10,919 - WARNING - Failed to fetch statistics for match 1379343831, but will continue processing
2025-04-06 19:57:13,128 - WARNING - Failed to fetch statistics for match 1379343832, but will continue processing
2025-04-06 19:57:15,319 - WARNING - Failed to fetch statistics for match 1383207802, but will continue processing
2025-04-06 19:57:18,810 - WARNING - Failed to fetch statistics for match 1383207809, but will continue processing
2025-04-06 19:57:20,965 - WARNING - Failed to fetch statistics for match 1385783913, but will continue processing
2025-04-06 19:57:23,221 - WARNING - Failed to fetch statistics for match 1385783922, but will continue processing
2025-04-06 19:57:25,360 - WARNING - Failed to fetch statistics for match 1385783932, but will continue processing
2025-04-06 19:57:27,522 - WARNING - Failed to fetch statistics for match 1383207798, but will continue processing
2025-04-06 19:57:29,791 - WARNING - Failed to fetch statistics for match 1385783916, but will continue processing
2025-04-06 19:57:31,989 - WARNING - Failed to fetch statistics for match 1388360114, but will continue processing
2025-04-06 19:57:34,194 - WARNING - Failed to fetch statistics for match 1385783920, but will continue processing
2025-04-06 19:57:36,422 - WARNING - Failed to fetch statistics for match 1388360103, but will continue processing
2025-04-06 19:57:38,731 - WARNING - Failed to fetch statistics for match 1411546904, but will continue processing
2025-04-06 19:57:41,030 - WARNING - Failed to fetch statistics for match 1412835130, but will continue processing
2025-04-06 19:57:43,193 - WARNING - Failed to fetch statistics for match 1412835140, but will continue processing
2025-04-06 19:57:45,360 - WARNING - Failed to fetch statistics for match 1412835146, but will continue processing
2025-04-06 19:57:47,575 - WARNING - Failed to fetch statistics for match 1412835152, but will continue processing
2025-04-06 19:57:49,832 - WARNING - Failed to fetch statistics for match 1419276690, but will continue processing
2025-04-06 19:57:52,017 - WARNING - Failed to fetch statistics for match 1443758021, but will continue processing
2025-04-06 19:57:54,234 - WARNING - Failed to fetch statistics for match 1447623964, but will continue processing
2025-04-06 19:57:56,444 - WARNING - Failed to fetch statistics for match 1445046626, but will continue processing
2025-04-06 19:57:58,682 - WARNING - Failed to fetch statistics for match 1443758030, but will continue processing
2025-04-06 19:58:00,845 - WARNING - Failed to fetch statistics for match 1445046614, but will continue processing
2025-04-06 19:58:03,046 - WARNING - Failed to fetch statistics for match 1446335262, but will continue processing
2025-04-06 19:58:05,232 - WARNING - Failed to fetch statistics for match 1447623965, but will continue processing
2025-04-06 19:58:07,560 - WARNING - Failed to fetch statistics for match 1445046611, but will continue processing
2025-04-06 19:58:09,902 - WARNING - Failed to fetch statistics for match 1446335261, but will continue processing
2025-04-06 19:58:12,071 - WARNING - Failed to fetch statistics for match 1450201432, but will continue processing
2025-04-06 19:58:14,293 - WARNING - Failed to fetch statistics for match 1490156616, but will continue processing
2025-04-06 19:58:16,446 - WARNING - Failed to fetch statistics for match 1512068724, but will continue processing
2025-04-06 19:58:18,821 - WARNING - Failed to fetch statistics for match 1490156635, but will continue processing
2025-04-06 19:58:20,980 - WARNING - Failed to fetch statistics for match 1503045969, but will continue processing
2025-04-06 19:58:23,218 - WARNING - Failed to fetch statistics for match 1503045967, but will continue processing
2025-04-06 19:58:25,469 - WARNING - Failed to fetch statistics for match 1503045953, but will continue processing
2025-04-06 19:58:27,725 - WARNING - Failed to fetch statistics for match 1530114873, but will continue processing
2025-04-06 19:58:29,976 - WARNING - Failed to fetch statistics for match 1530114914, but will continue processing
2025-04-06 19:58:32,177 - WARNING - Failed to fetch statistics for match 1784024676, but will continue processing
2025-04-06 19:58:34,594 - WARNING - Failed to fetch statistics for match 1798206526, but will continue processing
2025-04-06 19:58:36,836 - WARNING - Failed to fetch statistics for match 1784024675, but will continue processing
2025-04-06 19:58:39,201 - WARNING - Failed to fetch statistics for match 1798206540, but will continue processing
2025-04-06 19:58:41,455 - WARNING - Failed to fetch statistics for match 2045762549, but will continue processing
2025-04-06 19:58:43,671 - WARNING - Failed to fetch statistics for match 2045762524, but will continue processing
2025-04-17 22:53:38,770 - WARNING - Failed to fetch statistics for match 3307241744, but will continue processing
2025-04-17 22:53:42,607 - WARNING - Failed to fetch statistics for match 3344669975, but will continue processing
2025-04-17 22:53:46,543 - WARNING - Failed to fetch statistics for match 3388553164, but will continue processing
2025-04-17 22:53:50,578 - WARNING - Failed to fetch statistics for match 3444054620, but will continue processing
2025-04-17 22:53:54,499 - WARNING - Failed to fetch statistics for match 3761591147, but will continue processing
2025-04-17 22:53:58,407 - WARNING - Failed to fetch statistics for match 3806773389, but will continue processing
2025-04-17 22:55:11,173 - WARNING - Failed to fetch statistics for match 3327891597, but will continue processing
2025-04-17 22:55:14,998 - WARNING - Failed to fetch statistics for match 3364029976, but will continue processing
2025-04-17 22:55:18,833 - WARNING - Failed to fetch statistics for match 3388553201, but will continue processing
2025-04-17 22:55:22,704 - WARNING - Failed to fetch statistics for match 3406623253, but will continue processing
2025-04-17 22:55:26,575 - WARNING - Failed to fetch statistics for match 3761591202, but will continue processing
2025-04-17 22:55:30,472 - WARNING - Failed to fetch statistics for match 3782245794, but will continue processing
2025-04-17 22:56:45,428 - WARNING - Failed to fetch statistics for match 3173041812, but will continue processing
2025-04-17 22:56:49,345 - WARNING - Failed to fetch statistics for match 3210466345, but will continue processing
2025-04-17 22:56:53,353 - WARNING - Failed to fetch statistics for match 3210466362, but will continue processing
2025-04-17 22:56:57,191 - WARNING - Failed to fetch statistics for match 3210466363, but will continue processing
2025-04-17 22:57:00,981 - WARNING - Failed to fetch statistics for match 3251763292, but will continue processing
2025-04-17 22:57:04,826 - WARNING - Failed to fetch statistics for match 3597671149, but will continue processing
2025-04-17 22:57:08,688 - WARNING - Failed to fetch statistics for match 3597671148, but will continue processing
2025-04-17 22:57:12,683 - WARNING - Failed to fetch statistics for match 3615742213, but will continue processing
2025-04-17 22:57:16,538 - WARNING - Failed to fetch statistics for match 3615742234, but will continue processing
2025-04-17 22:57:20,400 - WARNING - Failed to fetch statistics for match 3640267388, but will continue processing
2025-04-17 22:57:24,999 - WARNING - Failed to fetch statistics for match 3666083693, but will continue processing
2025-04-17 22:57:33,557 - WARNING - Failed to fetch statistics for match 3691900191, but will continue processing
2025-04-17 22:57:37,457 - WARNING - Failed to fetch statistics for match 3706099408, but will continue processing
2025-04-17 22:58:18,960 - WARNING - Failed to fetch statistics for match 3344685596, but will continue processing
2025-04-17 22:58:46,860 - WARNING - Failed to fetch statistics for match 3307257367, but will continue processing
2025-04-17 22:58:50,717 - WARNING - Failed to fetch statistics for match 3307257388, but will continue processing
2025-04-17 22:58:54,573 - WARNING - Failed to fetch statistics for match 3327907190, but will continue processing
2025-04-17 22:58:58,415 - WARNING - Failed to fetch statistics for match 3726753097, but will continue processing
2025-04-17 22:59:02,234 - WARNING - Failed to fetch statistics for match 3761606799, but will continue processing
2025-04-17 22:59:06,124 - WARNING - Failed to fetch statistics for match 3344685616, but will continue processing
2025-04-17 22:59:10,561 - WARNING - Failed to fetch statistics for match 3761606815, but will continue processing
2025-04-17 22:59:16,424 - WARNING - Failed to fetch statistics for match 3761606821, but will continue processing
2025-04-17 22:59:21,611 - WARNING - Failed to fetch statistics for match 3782261404, but will continue processing
2025-04-17 23:00:40,782 - WARNING - Failed to fetch statistics for match 3073675621, but will continue processing
2025-04-17 23:00:44,690 - WARNING - Failed to fetch statistics for match 3073675619, but will continue processing
2025-04-17 23:00:48,534 - WARNING - Failed to fetch statistics for match 3117654808, but will continue processing
2025-04-17 23:00:52,497 - WARNING - Failed to fetch statistics for match 3117654815, but will continue processing
2025-04-17 23:00:56,420 - WARNING - Failed to fetch statistics for match 3129165593, but will continue processing
2025-04-17 23:01:00,386 - WARNING - Failed to fetch statistics for match 3156265563, but will continue processing
2025-04-17 23:01:04,230 - WARNING - Failed to fetch statistics for match 3152394134, but will continue processing
2025-04-17 23:01:08,121 - WARNING - Failed to fetch statistics for match 3196270840, but will continue processing
2025-04-17 23:01:11,966 - WARNING - Failed to fetch statistics for match 3196270853, but will continue processing
2025-04-17 23:01:15,936 - WARNING - Failed to fetch statistics for match 3495700299, but will continue processing
2025-04-17 23:01:19,777 - WARNING - Failed to fetch statistics for match 3525387854, but will continue processing
2025-04-17 23:01:23,622 - WARNING - Failed to fetch statistics for match 3561529417, but will continue processing
2025-04-17 23:01:27,478 - WARNING - Failed to fetch statistics for match 3597671224, but will continue processing
2025-04-17 23:02:53,047 - WARNING - Failed to fetch statistics for match 3117654853, but will continue processing
2025-04-17 23:02:56,878 - WARNING - Failed to fetch statistics for match 3073675645, but will continue processing
2025-04-17 23:03:00,836 - WARNING - Failed to fetch statistics for match 3427290671, but will continue processing
2025-04-17 23:03:04,754 - WARNING - Failed to fetch statistics for match 3129165610, but will continue processing
2025-04-17 23:03:08,584 - WARNING - Failed to fetch statistics for match 3462140761, but will continue processing
2025-04-17 23:03:12,474 - WARNING - Failed to fetch statistics for match 3506026417, but will continue processing
2025-04-17 23:03:16,381 - WARNING - Failed to fetch statistics for match 3561529480, but will continue processing
2025-04-17 23:04:43,507 - WARNING - Failed to fetch statistics for match 3327907278, but will continue processing
2025-04-17 23:04:47,334 - WARNING - Failed to fetch statistics for match 3327907302, but will continue processing
2025-04-17 23:04:51,213 - WARNING - Failed to fetch statistics for match 3073675667, but will continue processing
2025-04-17 23:04:55,648 - WARNING - Failed to fetch statistics for match 3327907280, but will continue processing
2025-04-17 23:04:59,450 - WARNING - Failed to fetch statistics for match 3364045671, but will continue processing
2025-04-17 23:05:03,372 - WARNING - Failed to fetch statistics for match 3373080451, but will continue processing
2025-04-17 23:05:07,269 - WARNING - Failed to fetch statistics for match 3373080446, but will continue processing
2025-04-17 23:05:11,166 - WARNING - Failed to fetch statistics for match 3782261532, but will continue processing
2025-04-17 23:05:15,092 - WARNING - Failed to fetch statistics for match 3761606937, but will continue processing
2025-04-17 23:06:13,105 - ERROR - Error updating player in database: (psycopg2.errors.UniqueViolation) duplicate key value violates unique constraint "players_pkey"
DETAIL:  Key (id)=(89965) already exists.

[SQL: 
                    INSERT INTO players (
                        id, name, hand, height_cm, country_code, birth_date,
                        turned_pro, weight_kg, birthplace, residence, coach,
                        player_status, last_updated
                    ) VALUES (
                        %(id)s, %(name)s, %(hand)s, %(height_cm)s, %(country_code)s, %(birth_date)s,
                        %(turned_pro)s, %(weight_kg)s, %(birthplace)s, %(residence)s, %(coach)s,
                        %(player_status)s, CURRENT_TIMESTAMP
                    )
                ]
[parameters: {'id': 89965, 'name': 'Julian Messina', 'hand': None, 'height_cm': None, 'country_code': 'USA', 'birth_date': None, 'turned_pro': None, 'weight_kg': None, 'birthplace': None, 'residence': None, 'coach': None, 'player_status': 'Active'}]
(Background on this error at: https://sqlalche.me/e/20/gkpj)
2025-04-17 23:06:13,105 - ERROR - Data that caused error: {'id': 89965, 'name': 'Julian Messina', 'hand': None, 'height_cm': None, 'country_code': 'USA', 'birth_date': None, 'turned_pro': None, 'weight_kg': None, 'birthplace': None, 'residence': None, 'coach': None, 'player_status': 'Active'}
2025-04-17 23:06:13,106 - ERROR - Failed to update player Julian Messina in database
2025-04-17 23:06:13,106 - WARNING - Creating minimal player record for Julian Messina
2025-04-17 23:06:13,369 - ERROR - Error updating player in database: (sqlalchemy.exc.InvalidRequestError) A value is required for bind parameter 'birth_date'
[SQL: 
                    INSERT INTO players (
                        id, name, hand, height_cm, country_code, birth_date,
                        turned_pro, weight_kg, birthplace, residence, coach,
                        player_status, last_updated
                    ) VALUES (
                        %(id)s, %(name)s, %(hand)s, %(height_cm)s, %(country_code)s, %(birth_date)s,
                        %(turned_pro)s, %(weight_kg)s, %(birthplace)s, %(residence)s, %(coach)s,
                        %(player_status)s, CURRENT_TIMESTAMP
                    )
                ]
[parameters: [{'id': 89965, 'name': 'Julian Messina', 'hand': None, 'country_code': None, 'height_cm': None, 'weight_kg': None}]]
(Background on this error at: https://sqlalche.me/e/20/cd3x)
2025-04-17 23:06:13,369 - ERROR - Data that caused error: {'id': 89965, 'name': 'Julian Messina', 'hand': None, 'country_code': None, 'height_cm': None, 'weight_kg': None}
2025-04-17 23:06:13,370 - WARNING - Skipping match 2387247298 insertion - missing loser data for player Julian Messina (ID: 89965)
2025-04-17 23:06:13,370 - WARNING - Skipping match 2387247298 insertion - missing player data
2025-04-17 23:08:26,344 - WARNING - Failed to fetch statistics for match 3277574987, but will continue processing
2025-04-17 23:08:30,219 - WARNING - Failed to fetch statistics for match 3285318328, but will continue processing
2025-04-17 23:08:34,139 - WARNING - Failed to fetch statistics for match 3307258179, but will continue processing
2025-04-17 23:08:38,010 - WARNING - Failed to fetch statistics for match 3307258169, but will continue processing
2025-04-17 23:08:41,879 - WARNING - Failed to fetch statistics for match 3307258168, but will continue processing
2025-04-17 23:08:45,711 - WARNING - Failed to fetch statistics for match 3307258172, but will continue processing
2025-04-17 23:08:49,639 - WARNING - Failed to fetch statistics for match 3344686417, but will continue processing
2025-04-17 23:08:53,489 - WARNING - Failed to fetch statistics for match 3344686402, but will continue processing
2025-04-17 23:08:57,425 - WARNING - Failed to fetch statistics for match 3327907996, but will continue processing
2025-04-17 23:09:01,278 - WARNING - Failed to fetch statistics for match 3373081165, but will continue processing
2025-04-17 23:09:05,088 - WARNING - Failed to fetch statistics for match 3364046378, but will continue processing
2025-04-17 23:09:08,978 - WARNING - Failed to fetch statistics for match 3388569623, but will continue processing
2025-04-17 23:09:12,852 - WARNING - Failed to fetch statistics for match 3373081151, but will continue processing
2025-04-17 23:09:16,759 - WARNING - Failed to fetch statistics for match 3406639671, but will continue processing
2025-04-17 23:09:20,616 - WARNING - Failed to fetch statistics for match 3388569607, but will continue processing
2025-04-17 23:09:24,475 - WARNING - Failed to fetch statistics for match 3406639701, but will continue processing
2025-04-17 23:09:28,355 - WARNING - Failed to fetch statistics for match 3726753944, but will continue processing
2025-04-17 23:09:32,163 - WARNING - Failed to fetch statistics for match 3726753953, but will continue processing
2025-04-17 23:09:36,021 - WARNING - Failed to fetch statistics for match 3726753930, but will continue processing
2025-04-17 23:09:39,901 - WARNING - Failed to fetch statistics for match 3726753963, but will continue processing
2025-04-17 23:09:43,862 - WARNING - Failed to fetch statistics for match 3761607668, but will continue processing
2025-04-17 23:09:47,701 - WARNING - Failed to fetch statistics for match 3782262276, but will continue processing
2025-04-17 23:09:51,562 - WARNING - Failed to fetch statistics for match 3761607706, but will continue processing
2025-04-17 23:09:55,489 - WARNING - Failed to fetch statistics for match 3761607653, but will continue processing
2025-04-17 23:10:01,816 - WARNING - Failed to fetch statistics for match 2375636661, but will continue processing
2025-04-17 23:10:05,691 - WARNING - Failed to fetch statistics for match 2375636662, but will continue processing
2025-04-17 23:10:11,386 - WARNING - Failed to fetch statistics for match 2375636663, but will continue processing
2025-04-17 23:10:15,281 - WARNING - Failed to fetch statistics for match 2375636664, but will continue processing
2025-04-17 23:10:19,170 - WARNING - Failed to fetch statistics for match 2375636665, but will continue processing
2025-04-17 23:10:23,050 - WARNING - Failed to fetch statistics for match 2375636666, but will continue processing
2025-04-17 23:10:26,964 - WARNING - Failed to fetch statistics for match 2375636667, but will continue processing
2025-04-17 23:10:30,749 - WARNING - Failed to fetch statistics for match 2375636668, but will continue processing
2025-04-17 23:10:34,630 - WARNING - Failed to fetch statistics for match 2375636669, but will continue processing
2025-04-17 23:10:38,384 - WARNING - Failed to fetch statistics for match 2375636670, but will continue processing
2025-04-17 23:10:42,211 - WARNING - Failed to fetch statistics for match 2375636671, but will continue processing
2025-04-17 23:10:47,062 - WARNING - Failed to fetch statistics for match 2375636672, but will continue processing
2025-04-17 23:10:50,870 - WARNING - Failed to fetch statistics for match 2375636673, but will continue processing
2025-04-17 23:10:54,774 - WARNING - Failed to fetch statistics for match 2375636674, but will continue processing
2025-04-17 23:11:00,477 - WARNING - Failed to fetch statistics for match 2375636675, but will continue processing
2025-04-17 23:11:06,133 - WARNING - Failed to fetch statistics for match 2375636676, but will continue processing
2025-04-17 23:11:42,960 - WARNING - Failed to fetch statistics for match 3307258252, but will continue processing
2025-04-17 23:11:46,945 - WARNING - Failed to fetch statistics for match 3156266384, but will continue processing
2025-04-17 23:11:50,834 - WARNING - Failed to fetch statistics for match 3156266397, but will continue processing
2025-04-17 23:11:57,267 - WARNING - Failed to fetch statistics for match 3173042713, but will continue processing
2025-04-17 23:12:01,128 - WARNING - Failed to fetch statistics for match 3173042706, but will continue processing
2025-04-17 23:12:04,981 - WARNING - Failed to fetch statistics for match 3210467249, but will continue processing
2025-04-17 23:12:10,754 - WARNING - Failed to fetch statistics for match 3210467250, but will continue processing
2025-04-17 23:12:14,596 - WARNING - Failed to fetch statistics for match 3210467238, but will continue processing
2025-04-17 23:12:18,462 - WARNING - Failed to fetch statistics for match 3277575071, but will continue processing
2025-04-17 23:12:22,379 - WARNING - Failed to fetch statistics for match 3251764191, but will continue processing
2025-04-17 23:12:26,202 - WARNING - Failed to fetch statistics for match 3251764184, but will continue processing
2025-04-17 23:12:29,962 - WARNING - Failed to fetch statistics for match 3277575061, but will continue processing
2025-04-17 23:12:33,926 - WARNING - Failed to fetch statistics for match 3251764172, but will continue processing
2025-04-17 23:12:37,866 - WARNING - Failed to fetch statistics for match 3285318386, but will continue processing
2025-04-17 23:12:41,832 - WARNING - Failed to fetch statistics for match 3307258250, but will continue processing
2025-04-17 23:12:45,832 - WARNING - Failed to fetch statistics for match 3327908076, but will continue processing
2025-04-17 23:12:49,727 - WARNING - Failed to fetch statistics for match 3577019651, but will continue processing
2025-04-17 23:12:53,715 - WARNING - Failed to fetch statistics for match 3597672098, but will continue processing
2025-04-17 23:12:57,492 - WARNING - Failed to fetch statistics for match 3597672099, but will continue processing
2025-04-17 23:13:01,341 - WARNING - Failed to fetch statistics for match 3597672132, but will continue processing
2025-04-17 23:13:05,172 - WARNING - Failed to fetch statistics for match 3615743196, but will continue processing
2025-04-17 23:13:09,058 - WARNING - Failed to fetch statistics for match 3615743201, but will continue processing
2025-04-17 23:13:13,020 - WARNING - Failed to fetch statistics for match 3640268395, but will continue processing
2025-04-17 23:13:16,962 - WARNING - Failed to fetch statistics for match 3640268387, but will continue processing
2025-04-17 23:15:06,466 - WARNING - Failed to fetch statistics for match 3285318452, but will continue processing
2025-04-17 23:15:10,349 - WARNING - Failed to fetch statistics for match 3307258275, but will continue processing
2025-04-17 23:15:14,207 - WARNING - Failed to fetch statistics for match 3307258276, but will continue processing
2025-04-17 23:15:18,028 - WARNING - Failed to fetch statistics for match 3285318444, but will continue processing
2025-04-17 23:15:21,884 - WARNING - Failed to fetch statistics for match 3327908101, but will continue processing
2025-04-17 23:15:25,733 - WARNING - Failed to fetch statistics for match 3327908107, but will continue processing
2025-04-17 23:15:29,602 - WARNING - Failed to fetch statistics for match 3373081284, but will continue processing
2025-04-17 23:15:33,433 - WARNING - Failed to fetch statistics for match 3373081282, but will continue processing
2025-04-17 23:15:37,312 - WARNING - Failed to fetch statistics for match 3726754082, but will continue processing
2025-04-17 23:15:41,150 - WARNING - Failed to fetch statistics for match 3726754077, but will continue processing
2025-04-17 23:15:45,046 - WARNING - Failed to fetch statistics for match 3806790035, but will continue processing
2025-04-17 23:15:49,204 - WARNING - Failed to fetch statistics for match 3761607789, but will continue processing
2025-04-17 23:16:06,799 - WARNING - Failed to fetch statistics for match 2378216853, but will continue processing
2025-04-17 23:16:10,770 - WARNING - Failed to fetch statistics for match 2378216858, but will continue processing
2025-04-17 23:16:14,571 - WARNING - Failed to fetch statistics for match 2380797010, but will continue processing
2025-04-17 23:16:18,462 - WARNING - Failed to fetch statistics for match 2380797013, but will continue processing
2025-04-17 23:16:22,420 - WARNING - Failed to fetch statistics for match 2380797017, but will continue processing
2025-04-17 23:16:26,321 - WARNING - Failed to fetch statistics for match 2380797024, but will continue processing
2025-04-17 23:16:30,225 - WARNING - Failed to fetch statistics for match 2380797028, but will continue processing
2025-04-17 23:16:34,093 - WARNING - Failed to fetch statistics for match 2380797038, but will continue processing
2025-04-17 23:16:38,031 - WARNING - Failed to fetch statistics for match 2380797041, but will continue processing
2025-04-17 23:16:41,836 - WARNING - Failed to fetch statistics for match 2380797042, but will continue processing
2025-04-17 23:16:45,777 - WARNING - Failed to fetch statistics for match 2380797048, but will continue processing
2025-04-17 23:16:49,613 - WARNING - Failed to fetch statistics for match 2380797050, but will continue processing
2025-04-17 23:16:53,548 - WARNING - Failed to fetch statistics for match 2383377149, but will continue processing
2025-04-17 23:16:57,426 - WARNING - Failed to fetch statistics for match 2383377153, but will continue processing
2025-04-17 23:17:01,334 - WARNING - Failed to fetch statistics for match 2383377154, but will continue processing
2025-04-17 23:17:05,151 - WARNING - Failed to fetch statistics for match 2383377162, but will continue processing
2025-04-17 23:17:09,019 - WARNING - Failed to fetch statistics for match 2392407948, but will continue processing
2025-04-17 23:17:12,921 - WARNING - Failed to fetch statistics for match 2392407974, but will continue processing
2025-04-17 23:17:16,737 - WARNING - Failed to fetch statistics for match 2389827645, but will continue processing
2025-04-17 23:17:20,612 - WARNING - Failed to fetch statistics for match 2389827646, but will continue processing
2025-04-17 23:17:24,565 - WARNING - Failed to fetch statistics for match 2389827681, but will continue processing
2025-04-17 23:17:28,427 - WARNING - Failed to fetch statistics for match 2389827685, but will continue processing
2025-04-17 23:17:32,251 - WARNING - Failed to fetch statistics for match 2392407954, but will continue processing
2025-04-17 23:17:36,095 - WARNING - Failed to fetch statistics for match 2389827664, but will continue processing
2025-04-17 23:17:39,954 - WARNING - Failed to fetch statistics for match 2794949318, but will continue processing
2025-04-17 23:17:45,755 - WARNING - Failed to fetch statistics for match 2810432918, but will continue processing
2025-04-17 23:17:49,641 - WARNING - Failed to fetch statistics for match 2810432919, but will continue processing
2025-04-17 23:17:53,477 - WARNING - Failed to fetch statistics for match 2828497580, but will continue processing
2025-04-17 23:17:57,511 - WARNING - Failed to fetch statistics for match 3388569776, but will continue processing
2025-04-17 23:18:01,322 - WARNING - Failed to fetch statistics for match 3285318470, but will continue processing
2025-04-17 23:18:05,150 - WARNING - Failed to fetch statistics for match 3285318476, but will continue processing
2025-04-17 23:18:08,973 - WARNING - Failed to fetch statistics for match 3285318499, but will continue processing
2025-04-17 23:18:12,793 - WARNING - Failed to fetch statistics for match 3285318513, but will continue processing
2025-04-17 23:18:16,629 - WARNING - Failed to fetch statistics for match 3327908155, but will continue processing
2025-04-17 23:18:20,596 - WARNING - Failed to fetch statistics for match 3327908162, but will continue processing
2025-04-17 23:18:25,109 - WARNING - Failed to fetch statistics for match 3364046549, but will continue processing
2025-04-17 23:18:34,328 - WARNING - Failed to fetch statistics for match 3327908151, but will continue processing
2025-04-17 23:18:38,300 - WARNING - Failed to fetch statistics for match 3364046576, but will continue processing
2025-04-17 23:18:42,144 - WARNING - Failed to fetch statistics for match 3373081372, but will continue processing
2025-04-17 23:18:45,984 - WARNING - Failed to fetch statistics for match 3388569829, but will continue processing
2025-04-17 23:18:49,858 - WARNING - Failed to fetch statistics for match 3726754174, but will continue processing
2025-04-17 23:18:53,749 - WARNING - Failed to fetch statistics for match 3746117209, but will continue processing
2025-04-17 23:18:57,759 - WARNING - Failed to fetch statistics for match 3746117257, but will continue processing
2025-04-17 23:19:01,645 - WARNING - Failed to fetch statistics for match 3761607875, but will continue processing
2025-04-17 23:19:05,547 - WARNING - Failed to fetch statistics for match 3782262488, but will continue processing
2025-04-17 23:19:09,428 - WARNING - Failed to fetch statistics for match 3782262499, but will continue processing
2025-04-17 23:19:13,322 - WARNING - Failed to fetch statistics for match 3806790121, but will continue processing
2025-04-17 23:19:17,218 - WARNING - Failed to fetch statistics for match 3806790164, but will continue processing
2025-04-17 23:19:35,686 - WARNING - Failed to fetch statistics for match 2375636725, but will continue processing
2025-04-17 23:19:39,550 - WARNING - Failed to fetch statistics for match 2375636732, but will continue processing
2025-04-17 23:19:43,401 - WARNING - Failed to fetch statistics for match 2375636734, but will continue processing
2025-04-17 23:19:47,236 - WARNING - Failed to fetch statistics for match 2375636735, but will continue processing
2025-04-17 23:19:51,108 - WARNING - Failed to fetch statistics for match 2375636738, but will continue processing
2025-04-17 23:19:54,987 - WARNING - Failed to fetch statistics for match 2375636740, but will continue processing
2025-04-17 23:19:58,840 - WARNING - Failed to fetch statistics for match 2375636741, but will continue processing
2025-04-17 23:20:02,752 - WARNING - Failed to fetch statistics for match 2375636743, but will continue processing
2025-04-17 23:20:06,611 - WARNING - Failed to fetch statistics for match 2375636744, but will continue processing
2025-04-17 23:20:10,464 - WARNING - Failed to fetch statistics for match 2375636750, but will continue processing
2025-04-17 23:20:14,345 - WARNING - Failed to fetch statistics for match 2375636752, but will continue processing
2025-04-17 23:20:18,206 - WARNING - Failed to fetch statistics for match 2375636757, but will continue processing
2025-04-17 23:20:22,039 - WARNING - Failed to fetch statistics for match 2375636758, but will continue processing
2025-04-17 23:20:25,844 - WARNING - Failed to fetch statistics for match 2375636760, but will continue processing
2025-04-17 23:20:29,831 - WARNING - Failed to fetch statistics for match 2375636766, but will continue processing
2025-04-17 23:20:33,711 - WARNING - Failed to fetch statistics for match 2375636767, but will continue processing
2025-04-17 23:20:37,608 - WARNING - Failed to fetch statistics for match 2642701978, but will continue processing
2025-04-17 23:20:41,505 - WARNING - Failed to fetch statistics for match 2642701992, but will continue processing
2025-04-17 23:20:45,383 - WARNING - Failed to fetch statistics for match 2642701994, but will continue processing
2025-04-17 23:20:49,596 - WARNING - Failed to fetch statistics for match 2642701999, but will continue processing
2025-04-17 23:20:53,391 - WARNING - Failed to fetch statistics for match 2642702002, but will continue processing
2025-04-17 23:20:57,260 - WARNING - Failed to fetch statistics for match 2642702014, but will continue processing
2025-04-17 23:21:01,134 - WARNING - Failed to fetch statistics for match 2642702015, but will continue processing
2025-04-17 23:21:05,082 - WARNING - Failed to fetch statistics for match 2642702019, but will continue processing
2025-04-17 23:21:08,902 - WARNING - Failed to fetch statistics for match 2642701984, but will continue processing
2025-04-17 23:21:12,773 - WARNING - Failed to fetch statistics for match 2642701979, but will continue processing
2025-04-17 23:21:16,628 - WARNING - Failed to fetch statistics for match 2642702009, but will continue processing
2025-04-17 23:21:20,596 - WARNING - Failed to fetch statistics for match 2714953952, but will continue processing
2025-04-17 23:21:24,581 - WARNING - Failed to fetch statistics for match 3210467384, but will continue processing
2025-04-17 23:21:28,474 - WARNING - Failed to fetch statistics for match 3231115811, but will continue processing
2025-04-17 23:21:32,284 - WARNING - Failed to fetch statistics for match 3210467382, but will continue processing
2025-04-17 23:21:36,214 - WARNING - Failed to fetch statistics for match 3210467377, but will continue processing
2025-04-17 23:21:40,064 - WARNING - Failed to fetch statistics for match 3210467410, but will continue processing
2025-04-17 23:21:43,953 - WARNING - Failed to fetch statistics for match 3251764317, but will continue processing
2025-04-17 23:21:47,795 - WARNING - Failed to fetch statistics for match 3251764312, but will continue processing
2025-04-17 23:21:51,609 - WARNING - Failed to fetch statistics for match 3229927958, but will continue processing
2025-04-17 23:21:55,453 - WARNING - Failed to fetch statistics for match 3285318541, but will continue processing
2025-04-17 23:21:59,335 - WARNING - Failed to fetch statistics for match 3277575249, but will continue processing
2025-04-17 23:22:03,312 - WARNING - Failed to fetch statistics for match 3285318595, but will continue processing
2025-04-17 23:22:07,103 - WARNING - Failed to fetch statistics for match 3640268560, but will continue processing
2025-04-17 23:22:10,928 - WARNING - Failed to fetch statistics for match 3640268571, but will continue processing
2025-04-17 23:22:14,811 - WARNING - Failed to fetch statistics for match 3640268547, but will continue processing
2025-04-17 23:22:18,689 - WARNING - Failed to fetch statistics for match 3640268557, but will continue processing
2025-04-17 23:22:22,565 - WARNING - Failed to fetch statistics for match 3640268576, but will continue processing
2025-04-17 23:22:26,469 - WARNING - Failed to fetch statistics for match 3666084855, but will continue processing
2025-04-17 23:22:30,345 - WARNING - Failed to fetch statistics for match 3691901368, but will continue processing
2025-04-17 23:22:34,181 - WARNING - Failed to fetch statistics for match 3666084844, but will continue processing
2025-04-17 23:22:52,884 - WARNING - Failed to fetch statistics for match 2382087144, but will continue processing
2025-04-17 23:22:56,767 - WARNING - Failed to fetch statistics for match 2382087150, but will continue processing
2025-04-17 23:23:00,606 - WARNING - Failed to fetch statistics for match 2382087151, but will continue processing
2025-04-17 23:23:04,484 - WARNING - Failed to fetch statistics for match 2382087153, but will continue processing
2025-04-17 23:23:08,391 - WARNING - Failed to fetch statistics for match 2382087155, but will continue processing
2025-04-17 23:23:12,418 - WARNING - Failed to fetch statistics for match 2382087162, but will continue processing
2025-04-17 23:23:16,332 - WARNING - Failed to fetch statistics for match 2382087163, but will continue processing
2025-04-17 23:23:20,210 - WARNING - Failed to fetch statistics for match 2382087165, but will continue processing
2025-04-17 23:23:24,163 - WARNING - Failed to fetch statistics for match 2382087168, but will continue processing
2025-04-17 23:23:28,076 - WARNING - Failed to fetch statistics for match 2382087178, but will continue processing
2025-04-17 23:23:32,136 - WARNING - Failed to fetch statistics for match 2382087179, but will continue processing
2025-04-17 23:23:36,043 - WARNING - Failed to fetch statistics for match 2382087182, but will continue processing
2025-04-17 23:23:39,950 - WARNING - Failed to fetch statistics for match 2387247494, but will continue processing
2025-04-17 23:23:43,861 - WARNING - Failed to fetch statistics for match 2387247495, but will continue processing
2025-04-17 23:23:47,839 - WARNING - Failed to fetch statistics for match 2387247503, but will continue processing
2025-04-17 23:23:51,769 - WARNING - Failed to fetch statistics for match 2387247507, but will continue processing
2025-04-17 23:23:55,643 - WARNING - Failed to fetch statistics for match 2740757857, but will continue processing
2025-04-17 23:23:59,594 - WARNING - Failed to fetch statistics for match 2740757858, but will continue processing
2025-04-17 23:24:03,411 - WARNING - Failed to fetch statistics for match 2740757877, but will continue processing
2025-04-17 23:24:07,225 - WARNING - Failed to fetch statistics for match 2740757891, but will continue processing
2025-04-17 23:24:11,152 - WARNING - Failed to fetch statistics for match 2794949411, but will continue processing
2025-04-17 23:24:14,999 - WARNING - Failed to fetch statistics for match 2794949413, but will continue processing
2025-04-17 23:24:19,011 - WARNING - Failed to fetch statistics for match 2794949433, but will continue processing
2025-04-17 23:24:22,844 - WARNING - Failed to fetch statistics for match 2810433068, but will continue processing
2025-04-17 23:24:38,465 - WARNING - Failed to fetch statistics for match 3344686714, but will continue processing
2025-04-17 23:24:42,351 - WARNING - Failed to fetch statistics for match 3344686725, but will continue processing
2025-04-17 23:24:46,209 - WARNING - Failed to fetch statistics for match 3277575286, but will continue processing
2025-04-17 23:24:50,132 - WARNING - Failed to fetch statistics for match 3285318642, but will continue processing
2025-04-17 23:24:54,027 - WARNING - Failed to fetch statistics for match 3285318650, but will continue processing
2025-04-17 23:24:57,882 - WARNING - Failed to fetch statistics for match 3307258525, but will continue processing
2025-04-17 23:25:01,735 - WARNING - Failed to fetch statistics for match 3307258490, but will continue processing
2025-04-17 23:25:05,586 - WARNING - Failed to fetch statistics for match 3327908305, but will continue processing
2025-04-17 23:25:12,084 - WARNING - Failed to fetch statistics for match 3327908356, but will continue processing
2025-04-17 23:25:16,042 - WARNING - Failed to fetch statistics for match 3373081534, but will continue processing
2025-04-17 23:25:20,646 - WARNING - Failed to fetch statistics for match 3364046700, but will continue processing
2025-04-17 23:25:24,520 - WARNING - Failed to fetch statistics for match 3364046751, but will continue processing
2025-04-17 23:25:28,397 - WARNING - Failed to fetch statistics for match 3373081479, but will continue processing
2025-04-17 23:25:32,345 - WARNING - Failed to fetch statistics for match 3726754321, but will continue processing
2025-04-17 23:25:36,179 - WARNING - Failed to fetch statistics for match 3706100636, but will continue processing
2025-04-17 23:25:40,104 - WARNING - Failed to fetch statistics for match 3706100682, but will continue processing
2025-04-17 23:25:44,014 - WARNING - Failed to fetch statistics for match 3706100684, but will continue processing
2025-04-17 23:25:47,876 - WARNING - Failed to fetch statistics for match 3746117431, but will continue processing
2025-04-17 23:25:51,758 - WARNING - Failed to fetch statistics for match 3746117403, but will continue processing
2025-04-17 23:25:55,610 - WARNING - Failed to fetch statistics for match 3761608033, but will continue processing
2025-04-17 23:25:59,518 - WARNING - Failed to fetch statistics for match 3782262635, but will continue processing
2025-04-18 12:15:37,587 - WARNING - Failed to fetch statistics for match 3835295102, but will continue processing
2025-04-18 12:15:41,440 - WARNING - Failed to fetch statistics for match 3854540442, but will continue processing
2025-04-18 12:16:00,313 - WARNING - Failed to fetch statistics for match 3817101016, but will continue processing
2025-04-18 12:16:04,143 - WARNING - Failed to fetch statistics for match 3854540482, but will continue processing
2025-04-18 12:16:40,945 - WARNING - Failed to fetch statistics for match 3817116625, but will continue processing
2025-04-18 12:16:44,815 - WARNING - Failed to fetch statistics for match 3835295222, but will continue processing
2025-04-18 12:16:48,680 - WARNING - Failed to fetch statistics for match 3854556084, but will continue processing
2025-04-18 12:16:52,504 - WARNING - Failed to fetch statistics for match 3854556106, but will continue processing
2025-04-18 12:16:56,405 - WARNING - Failed to fetch statistics for match 3912652238, but will continue processing
2025-04-18 12:17:00,238 - WARNING - Failed to fetch statistics for match 3876608141, but will continue processing
2025-04-18 12:17:20,674 - WARNING - Failed to fetch statistics for match 3968165690, but will continue processing
2025-04-18 12:17:24,452 - WARNING - Failed to fetch statistics for match 3968165683, but will continue processing
2025-04-18 12:17:28,254 - WARNING - Failed to fetch statistics for match 3988822021, but will continue processing
2025-04-18 12:17:32,080 - WARNING - Failed to fetch statistics for match 4025075911, but will continue processing
2025-04-18 12:17:52,225 - WARNING - Failed to fetch statistics for match 3854556194, but will continue processing
2025-04-18 12:17:56,137 - WARNING - Failed to fetch statistics for match 3912652328, but will continue processing
2025-04-18 12:18:05,171 - WARNING - Failed to fetch statistics for match 3960419691, but will continue processing
2025-04-18 12:18:09,686 - WARNING - Failed to fetch statistics for match 4012060461, but will continue processing
2025-04-18 12:18:30,641 - WARNING - Failed to fetch statistics for match 3817116748, but will continue processing
2025-04-18 12:18:34,669 - WARNING - Failed to fetch statistics for match 3912652366, but will continue processing
2025-04-18 12:18:54,411 - ERROR - Error updating player in database: (psycopg2.errors.UniqueViolation) duplicate key value violates unique constraint "players_pkey"
DETAIL:  Key (id)=(89965) already exists.

[SQL: 
                    INSERT INTO players (
                        id, name, hand, height_cm, country_code, birth_date,
                        turned_pro, weight_kg, birthplace, residence, coach,
                        player_status, last_updated
                    ) VALUES (
                        %(id)s, %(name)s, %(hand)s, %(height_cm)s, %(country_code)s, %(birth_date)s,
                        %(turned_pro)s, %(weight_kg)s, %(birthplace)s, %(residence)s, %(coach)s,
                        %(player_status)s, CURRENT_TIMESTAMP
                    )
                ]
[parameters: {'id': 89965, 'name': 'Julian Messina', 'hand': None, 'height_cm': None, 'country_code': 'USA', 'birth_date': None, 'turned_pro': None, 'weight_kg': None, 'birthplace': None, 'residence': None, 'coach': None, 'player_status': 'Active'}]
(Background on this error at: https://sqlalche.me/e/20/gkpj)
2025-04-18 12:18:54,411 - ERROR - Data that caused error: {'id': 89965, 'name': 'Julian Messina', 'hand': None, 'height_cm': None, 'country_code': 'USA', 'birth_date': None, 'turned_pro': None, 'weight_kg': None, 'birthplace': None, 'residence': None, 'coach': None, 'player_status': 'Active'}
2025-04-18 12:18:54,411 - ERROR - Failed to update player Julian Messina in database
2025-04-18 12:18:54,411 - WARNING - Creating minimal player record for Julian Messina
2025-04-18 12:18:54,673 - ERROR - Error updating player in database: (sqlalchemy.exc.InvalidRequestError) A value is required for bind parameter 'birth_date'
[SQL: 
                    INSERT INTO players (
                        id, name, hand, height_cm, country_code, birth_date,
                        turned_pro, weight_kg, birthplace, residence, coach,
                        player_status, last_updated
                    ) VALUES (
                        %(id)s, %(name)s, %(hand)s, %(height_cm)s, %(country_code)s, %(birth_date)s,
                        %(turned_pro)s, %(weight_kg)s, %(birthplace)s, %(residence)s, %(coach)s,
                        %(player_status)s, CURRENT_TIMESTAMP
                    )
                ]
[parameters: [{'id': 89965, 'name': 'Julian Messina', 'hand': None, 'country_code': None, 'height_cm': None, 'weight_kg': None}]]
(Background on this error at: https://sqlalche.me/e/20/cd3x)
2025-04-18 12:18:54,674 - ERROR - Data that caused error: {'id': 89965, 'name': 'Julian Messina', 'hand': None, 'country_code': None, 'height_cm': None, 'weight_kg': None}
2025-04-18 12:18:54,674 - WARNING - Skipping match 2387247298 insertion - missing loser data for player Julian Messina (ID: 89965)
2025-04-18 12:18:54,674 - WARNING - Skipping match 2387247298 insertion - missing player data
2025-04-18 12:19:48,739 - WARNING - Failed to fetch statistics for match 4023680554, but will continue processing
2025-04-18 12:19:52,614 - WARNING - Failed to fetch statistics for match 4025076105, but will continue processing
2025-04-18 18:13:33,172 - ERROR - Error getting match result: 'str' object has no attribute 'get'
2025-04-18 18:13:33,173 - WARNING - Could not get result for match 1550, skipping
2025-04-18 18:13:36,880 - ERROR - Error getting match result: 'str' object has no attribute 'get'
2025-04-18 18:13:36,881 - WARNING - Could not get result for match 1577, skipping
2025-04-18 18:13:40,387 - ERROR - Error getting match result: 'str' object has no attribute 'get'
2025-04-18 18:13:40,388 - WARNING - Could not get result for match 1528, skipping
2025-04-18 18:18:22,299 - ERROR - Error getting match result: 'str' object has no attribute 'get'
2025-04-18 18:18:22,299 - ERROR - Full traceback:
Traceback (most recent call last):
  File "/home/tom/projects/tennis-predictor/predictor/v4/update_completed_matches.py", line 152, in get_match_result
    logger.debug(f"Checking match: {match.get('id')} (type: {type(match)})")
AttributeError: 'str' object has no attribute 'get'
2025-04-18 18:18:22,299 - WARNING - Could not get result for match 1550, skipping
2025-04-18 18:18:25,863 - ERROR - Error getting match result: 'str' object has no attribute 'get'
2025-04-18 18:18:25,864 - ERROR - Full traceback:
Traceback (most recent call last):
  File "/home/tom/projects/tennis-predictor/predictor/v4/update_completed_matches.py", line 152, in get_match_result
    logger.debug(f"Checking match: {match.get('id')} (type: {type(match)})")
AttributeError: 'str' object has no attribute 'get'
2025-04-18 18:18:25,864 - WARNING - Could not get result for match 1577, skipping
2025-04-18 18:18:29,502 - ERROR - Error getting match result: 'str' object has no attribute 'get'
2025-04-18 18:18:29,502 - ERROR - Full traceback:
Traceback (most recent call last):
  File "/home/tom/projects/tennis-predictor/predictor/v4/update_completed_matches.py", line 152, in get_match_result
    logger.debug(f"Checking match: {match.get('id')} (type: {type(match)})")
AttributeError: 'str' object has no attribute 'get'
2025-04-18 18:18:29,502 - WARNING - Could not get result for match 1528, skipping
2025-04-18 18:19:26,958 - ERROR - Match 1550 not found in tournament 20604
2025-04-18 18:19:26,959 - WARNING - Could not get result for match 1550, skipping
2025-04-18 18:19:30,503 - ERROR - Match 1577 not found in tournament 20605
2025-04-18 18:19:30,504 - WARNING - Could not get result for match 1577, skipping
2025-04-18 18:19:34,067 - ERROR - Match 1528 not found in tournament 20604
2025-04-18 18:19:34,067 - WARNING - Could not get result for match 1528, skipping
2025-04-18 18:19:37,671 - ERROR - Match 1599 not found in tournament 20605
2025-04-18 18:19:37,671 - WARNING - Could not get result for match 1599, skipping
2025-04-18 18:19:41,158 - ERROR - Match 1571 not found in tournament 20605
2025-04-18 18:19:41,158 - WARNING - Could not get result for match 1571, skipping
2025-04-18 18:19:45,194 - ERROR - Match 1427 not found in tournament 20602
2025-04-18 18:19:45,194 - WARNING - Could not get result for match 1427, skipping
2025-04-18 18:19:48,703 - ERROR - Match 1662 not found in tournament 20624
2025-04-18 18:19:48,704 - WARNING - Could not get result for match 1662, skipping
2025-04-18 18:19:52,333 - ERROR - Match 1414 not found in tournament 20602
2025-04-18 18:19:52,333 - WARNING - Could not get result for match 1414, skipping
2025-04-18 18:21:21,073 - ERROR - Match 1550 not found in tournament 20604
2025-04-18 18:21:21,074 - WARNING - Could not get result for match 1550, skipping
2025-04-18 18:21:24,584 - ERROR - Match 1577 not found in tournament 20605
2025-04-18 18:21:24,585 - WARNING - Could not get result for match 1577, skipping
2025-04-18 18:22:09,014 - ERROR - Match 1550 not found in tournament 20604
2025-04-18 18:22:09,014 - WARNING - Could not get result for match 1550, skipping
2025-04-18 18:23:16,671 - ERROR - Error getting match result: unhashable type: 'slice'
2025-04-18 18:23:16,671 - ERROR - Full traceback:
Traceback (most recent call last):
  File "/home/tom/projects/tennis-predictor/predictor/v4/update_completed_matches.py", line 147, in get_match_result
    for i, match in enumerate(all_matches['data'][:3]):
TypeError: unhashable type: 'slice'
2025-04-18 18:23:16,672 - WARNING - Could not get result for match 1550, skipping
2025-04-18 18:24:26,328 - ERROR - Match 1550 not found in tournament 20604
2025-04-18 18:24:26,328 - WARNING - Could not get result for match 1550, skipping
2025-04-18 18:29:25,526 - ERROR - Match 1550 not found in tournament 20604
2025-04-18 18:29:25,526 - WARNING - Could not get result for match 1550, skipping
2025-04-18 18:29:29,333 - ERROR - Match 1577 not found in tournament 20605
2025-04-18 18:29:29,334 - WARNING - Could not get result for match 1577, skipping
2025-04-18 18:29:33,139 - ERROR - Match 1528 not found in tournament 20604
2025-04-18 18:29:33,139 - WARNING - Could not get result for match 1528, skipping
2025-04-18 18:31:45,082 - ERROR - Match 1550 not found in tournament 20604
2025-04-18 18:31:45,082 - WARNING - Could not get result for match 1550, skipping
2025-04-18 18:31:48,583 - ERROR - Match 1577 not found in tournament 20605
2025-04-18 18:31:48,584 - WARNING - Could not get result for match 1577, skipping
2025-04-18 18:31:52,218 - ERROR - Match 1528 not found in tournament 20604
2025-04-18 18:31:52,219 - WARNING - Could not get result for match 1528, skipping
2025-04-18 18:31:55,788 - ERROR - Match 1599 not found in tournament 20605
2025-04-18 18:31:55,788 - WARNING - Could not get result for match 1599, skipping
2025-04-18 18:31:59,434 - ERROR - Match 1571 not found in tournament 20605
2025-04-18 18:31:59,434 - WARNING - Could not get result for match 1571, skipping
2025-04-18 18:32:03,038 - ERROR - Match 1427 not found in tournament 20602
2025-04-18 18:32:03,039 - WARNING - Could not get result for match 1427, skipping
2025-04-18 18:32:06,746 - ERROR - Match 1662 not found in tournament 20624
2025-04-18 18:32:06,746 - WARNING - Could not get result for match 1662, skipping
2025-04-18 18:32:10,362 - ERROR - Match 1414 not found in tournament 20602
2025-04-18 18:32:10,362 - WARNING - Could not get result for match 1414, skipping
2025-04-18 18:32:14,110 - ERROR - Match 1239 not found in tournament 20334
2025-04-18 18:32:14,110 - WARNING - Could not get result for match 1239, skipping
2025-04-18 18:32:17,603 - ERROR - Match 1538 not found in tournament 20604
2025-04-18 18:32:17,603 - WARNING - Could not get result for match 1538, skipping
2025-04-18 18:44:08,565 - ERROR - Error getting match result: 'str' object has no attribute 'get'
2025-04-18 18:44:08,565 - WARNING - Could not get result for match 1550, skipping
2025-04-18 18:44:12,108 - ERROR - Error getting match result: 'str' object has no attribute 'get'
2025-04-18 18:44:12,108 - WARNING - Could not get result for match 1577, skipping
2025-04-18 18:53:59,196 - ERROR - Match 1550 not found in tournament fixtures for tournament 20604
2025-04-18 18:53:59,198 - WARNING - Could not get result for match 1550, skipping
2025-04-18 18:54:02,875 - ERROR - Match 1577 not found in tournament fixtures for tournament 20605
2025-04-18 18:54:02,876 - WARNING - Could not get result for match 1577, skipping
2025-04-18 18:54:06,341 - ERROR - Match 1528 not found in tournament fixtures for tournament 20604
2025-04-18 18:54:06,341 - WARNING - Could not get result for match 1528, skipping
2025-04-18 18:54:09,965 - ERROR - Match 1599 not found in tournament fixtures for tournament 20605
2025-04-18 18:54:09,966 - WARNING - Could not get result for match 1599, skipping
2025-04-18 18:54:13,687 - ERROR - Match 1571 not found in tournament fixtures for tournament 20605
2025-04-18 18:54:13,687 - WARNING - Could not get result for match 1571, skipping
2025-04-18 18:54:17,287 - ERROR - Match 1427 not found in tournament fixtures for tournament 20602
2025-04-18 18:54:17,287 - WARNING - Could not get result for match 1427, skipping
2025-04-18 18:54:20,931 - ERROR - Match 1662 not found in tournament fixtures for tournament 20624
2025-04-18 18:54:20,931 - WARNING - Could not get result for match 1662, skipping
2025-04-18 18:54:24,643 - ERROR - Match 1414 not found in tournament fixtures for tournament 20602
2025-04-18 18:54:24,644 - WARNING - Could not get result for match 1414, skipping
2025-04-18 18:54:28,144 - ERROR - Match 1239 not found in tournament fixtures for tournament 20334
2025-04-18 18:54:28,144 - WARNING - Could not get result for match 1239, skipping
2025-04-18 18:54:31,837 - ERROR - Match 1538 not found in tournament fixtures for tournament 20604
2025-04-18 18:54:31,837 - WARNING - Could not get result for match 1538, skipping
2025-04-18 18:54:35,818 - ERROR - Match 1416 not found in tournament fixtures for tournament 20602
2025-04-18 18:54:35,818 - WARNING - Could not get result for match 1416, skipping
2025-04-18 18:54:39,439 - ERROR - Match 1285 not found in tournament fixtures for tournament 20335
2025-04-18 18:54:39,440 - WARNING - Could not get result for match 1285, skipping
2025-04-18 18:54:42,964 - ERROR - Match 1395 not found in tournament fixtures for tournament 20602
2025-04-18 18:54:42,965 - WARNING - Could not get result for match 1395, skipping
2025-04-18 18:54:46,404 - ERROR - Match 1642 not found in tournament fixtures for tournament 20624
2025-04-18 18:54:46,404 - WARNING - Could not get result for match 1642, skipping
2025-04-18 18:54:49,903 - ERROR - Match 1655 not found in tournament fixtures for tournament 20624
2025-04-18 18:54:49,904 - WARNING - Could not get result for match 1655, skipping
2025-04-18 18:54:53,413 - ERROR - Match 1650 not found in tournament fixtures for tournament 20624
2025-04-18 18:54:53,414 - WARNING - Could not get result for match 1650, skipping
2025-04-18 18:54:57,015 - ERROR - Match 1660 not found in tournament fixtures for tournament 20624
2025-04-18 18:54:57,015 - WARNING - Could not get result for match 1660, skipping
2025-04-18 18:55:00,658 - ERROR - Match 1680 not found in tournament fixtures for tournament 20624
2025-04-18 18:55:00,658 - WARNING - Could not get result for match 1680, skipping
2025-04-18 18:56:06,531 - ERROR - Error getting match result: 'str' object has no attribute 'get'
2025-04-18 18:56:06,531 - WARNING - Could not get result for match 1550, skipping
2025-04-18 18:56:10,758 - ERROR - Error getting match result: 'str' object has no attribute 'get'
2025-04-18 18:56:10,759 - WARNING - Could not get result for match 1577, skipping
2025-04-18 18:56:15,085 - ERROR - Error getting match result: 'str' object has no attribute 'get'
2025-04-18 18:56:15,086 - WARNING - Could not get result for match 1528, skipping
2025-04-18 18:57:05,481 - ERROR - Error storing match in matches table: column "match_id" of relation "matches" does not exist
LINE 2:                         INSERT INTO matches (match_id, tourn...
                                                     ^

2025-04-18 18:57:05,484 - ERROR - Failed to store match 1550
2025-04-18 18:57:11,633 - ERROR - Error storing match in matches table: column "match_id" of relation "matches" does not exist
LINE 2:                         INSERT INTO matches (match_id, tourn...
                                                     ^

2025-04-18 18:57:11,634 - ERROR - Failed to store match 1577
2025-04-18 18:58:09,266 - ERROR - Error storing match in matches table: null value in column "tournament_id" of relation "matches" violates not-null constraint
DETAIL:  Failing row contains (829566, null, null, Unknown, null, C, null, null, null, null, null, null, null, null, null, null, null, null, null, null, null, null, null, null, , 3, null, null, 7, 2, 82, 53, 35, 14, 8, 25, 8, 3, 4, 71, 37, 22, 18, 8, 31, 9, null, null, null, null, singles, null, null, null, null, null).

2025-04-18 18:58:09,267 - ERROR - Failed to store match 1550
2025-04-18 18:59:04,058 - ERROR - Error storing match in matches table: null value in column "tournament_id" of relation "matches" violates not-null constraint
DETAIL:  Failing row contains (829568, null, null, Unknown, null, C, null, null, null, null, null, null, null, null, null, null, null, null, null, null, null, null, null, null, , 3, null, null, 7, 2, 82, 53, 35, 14, 8, 25, 8, 3, 4, 71, 37, 22, 18, 8, 31, 9, null, null, null, null, singles, null, null, null, null, null).

2025-04-18 18:59:04,059 - ERROR - Failed to store match 1550
2025-04-18 19:04:34,712 - ERROR - Error in update_completed_matches: Execution failed on sql '
            SELECT 
                match_id,
                tournament_id,
                round_id,
                player1_id,
                player2_id,
                scheduled_date,
                is_processed
            FROM scheduled_matches
            WHERE is_processed = FALSE
            AND scheduled_date < CURRENT_DATE
            ORDER BY scheduled_date DESC
            LIMIT 100
        ': column "round_id" does not exist
LINE 5:                 round_id,
                        ^
HINT:  Perhaps you meant to reference the column "scheduled_matches.round".

2025-04-18 19:05:37,911 - ERROR - Match not found in tournament 20604 results (round: 5, players: 81980 vs 97369)
2025-04-18 19:05:37,911 - WARNING - Could not get result for match 1550, skipping
2025-04-18 19:05:41,521 - ERROR - Match not found in tournament 20605 results (round: 5, players: 30626 vs 54208)
2025-04-18 19:05:41,521 - WARNING - Could not get result for match 1577, skipping
2025-04-18 19:05:45,007 - ERROR - Match not found in tournament 20604 results (round: 5, players: 39043 vs 50000)
2025-04-18 19:05:45,008 - WARNING - Could not get result for match 1528, skipping
2025-04-18 19:05:48,501 - ERROR - Match not found in tournament 20605 results (round: 9, players: 61856 vs 83555)
2025-04-18 19:05:48,501 - WARNING - Could not get result for match 1599, skipping
2025-04-18 19:05:52,053 - ERROR - Match not found in tournament 20605 results (round: 9, players: 9833 vs 29462)
2025-04-18 19:05:52,053 - WARNING - Could not get result for match 1571, skipping
2025-04-18 19:05:55,757 - ERROR - Match not found in tournament 20602 results (round: 5, players: 84235 vs 84236)
2025-04-18 19:05:55,757 - WARNING - Could not get result for match 1427, skipping
2025-04-18 19:05:59,297 - ERROR - Match not found in tournament 20624 results (round: 4, players: 71182 vs 33166)
2025-04-18 19:05:59,298 - WARNING - Could not get result for match 1662, skipping
2025-04-18 19:06:02,875 - ERROR - Match not found in tournament 20602 results (round: 5, players: 60625 vs 28900)
2025-04-18 19:06:02,876 - WARNING - Could not get result for match 1414, skipping
2025-04-18 19:06:06,440 - ERROR - Match not found in tournament 20334 results (round: 5, players: 68090 vs 39309)
2025-04-18 19:06:06,441 - WARNING - Could not get result for match 1239, skipping
2025-04-18 19:06:09,915 - ERROR - Match not found in tournament 20604 results (round: 5, players: 53532 vs 12498)
2025-04-18 19:06:09,915 - WARNING - Could not get result for match 1538, skipping
2025-04-18 19:06:13,420 - ERROR - Match not found in tournament 20602 results (round: 5, players: 61857 vs 35296)
2025-04-18 19:06:13,421 - WARNING - Could not get result for match 1416, skipping
2025-04-18 19:06:16,964 - ERROR - Match not found in tournament 20335 results (round: 5, players: 38911 vs 52140)
2025-04-18 19:06:16,964 - WARNING - Could not get result for match 1285, skipping
2025-04-18 19:06:20,519 - ERROR - Match not found in tournament 20602 results (round: 5, players: 20654 vs 12097)
2025-04-18 19:06:20,519 - WARNING - Could not get result for match 1395, skipping
2025-04-18 19:06:24,634 - ERROR - Match not found in tournament 20624 results (round: 4, players: 46167 vs 61691)
2025-04-18 19:06:24,634 - WARNING - Could not get result for match 1642, skipping
2025-04-18 19:06:28,095 - ERROR - Match not found in tournament 20624 results (round: 4, players: 56641 vs 21548)
2025-04-18 19:06:28,095 - WARNING - Could not get result for match 1655, skipping
2025-04-18 19:06:31,613 - ERROR - Match not found in tournament 20624 results (round: 4, players: 52552 vs 40795)
2025-04-18 19:06:31,614 - WARNING - Could not get result for match 1650, skipping
2025-04-18 19:06:35,269 - ERROR - Match not found in tournament 20624 results (round: 4, players: 68702 vs 28992)
2025-04-18 19:06:35,269 - WARNING - Could not get result for match 1660, skipping
2025-04-18 19:06:38,867 - ERROR - Match not found in tournament 20624 results (round: 4, players: 94055 vs 33904)
2025-04-18 19:06:38,867 - WARNING - Could not get result for match 1680, skipping
2025-04-18 19:11:22,077 - WARNING - Could not get result for match 1550, skipping
2025-04-18 19:11:25,599 - WARNING - Could not get result for match 1577, skipping
2025-04-18 19:11:29,100 - WARNING - Could not get result for match 1528, skipping
2025-04-18 19:11:32,819 - ERROR - Match not found in tournament 20605 results (round: 9, players: 61856 vs 83555)
2025-04-18 19:11:32,819 - WARNING - Could not get result for match 1599, skipping
2025-04-18 19:11:36,278 - ERROR - Match not found in tournament 20605 results (round: 9, players: 9833 vs 29462)
2025-04-18 19:11:36,278 - WARNING - Could not get result for match 1571, skipping
2025-04-18 19:11:39,737 - WARNING - Could not get result for match 1427, skipping
2025-04-18 19:11:43,397 - ERROR - Match not found in tournament 20624 results (round: 4, players: 71182 vs 33166)
2025-04-18 19:11:43,397 - WARNING - Could not get result for match 1662, skipping
2025-04-18 19:11:46,983 - WARNING - Could not get result for match 1414, skipping
2025-04-18 19:11:50,500 - WARNING - Could not get result for match 1239, skipping
2025-04-18 19:11:54,130 - WARNING - Could not get result for match 1538, skipping
2025-04-18 19:11:57,986 - WARNING - Could not get result for match 1416, skipping
2025-04-18 19:12:01,559 - WARNING - Could not get result for match 1285, skipping
2025-04-18 19:12:05,281 - WARNING - Could not get result for match 1395, skipping
2025-04-18 19:12:08,771 - ERROR - Match not found in tournament 20624 results (round: 4, players: 46167 vs 61691)
2025-04-18 19:12:08,771 - WARNING - Could not get result for match 1642, skipping
2025-04-18 19:12:12,317 - ERROR - Match not found in tournament 20624 results (round: 4, players: 56641 vs 21548)
2025-04-18 19:12:12,318 - WARNING - Could not get result for match 1655, skipping
2025-04-18 19:12:15,936 - ERROR - Match not found in tournament 20624 results (round: 4, players: 52552 vs 40795)
2025-04-18 19:12:15,937 - WARNING - Could not get result for match 1650, skipping
2025-04-18 19:12:19,485 - ERROR - Match not found in tournament 20624 results (round: 4, players: 68702 vs 28992)
2025-04-18 19:12:19,485 - WARNING - Could not get result for match 1660, skipping
2025-04-18 19:12:23,024 - ERROR - Match not found in tournament 20624 results (round: 4, players: 94055 vs 33904)
2025-04-18 19:12:23,024 - WARNING - Could not get result for match 1680, skipping
2025-04-18 19:15:45,172 - ERROR - Error storing match in matches table: column "match_id" of relation "matches" does not exist
LINE 2:                         INSERT INTO matches (match_id, tourn...
                                                     ^

2025-04-18 19:15:45,173 - ERROR - Failed to store match 1550
2025-04-18 19:15:50,728 - ERROR - Error storing match in matches table: column "match_id" of relation "matches" does not exist
LINE 2:                         INSERT INTO matches (match_id, tourn...
                                                     ^

2025-04-18 19:15:50,729 - ERROR - Failed to store match 1577
2025-04-18 19:17:37,808 - ERROR - Error storing match in matches table: null value in column "tournament_id" of relation "matches" violates not-null constraint
DETAIL:  Failing row contains (829569, null, null, Unknown, null, null, null, null, null, null, null, null, null, null, null, null, null, null, null, null, null, null, null, null, , 3, null, null, 7, 2, 82, 53, 35, 14, 8, 25, 8, 3, 4, 71, 37, 22, 18, 8, 31, 9, null, null, null, null, singles, null, null, null, null, null).

2025-04-18 19:17:37,808 - ERROR - Failed to store match 1550
2025-04-18 19:17:43,736 - ERROR - Error storing match in matches table: null value in column "tournament_id" of relation "matches" violates not-null constraint
DETAIL:  Failing row contains (829570, null, null, Unknown, null, null, null, null, null, null, null, null, null, null, null, null, null, null, null, null, null, null, null, null, , 3, null, null, 7, 1, 57, 30, 26, 15, 6, 25, 5, 6, 2, 54, 27, 17, 18, 6, 27, 0, null, null, null, null, singles, null, null, null, null, null).

2025-04-18 19:17:43,736 - ERROR - Failed to store match 1577
2025-04-18 19:38:43,135 - WARNING - Failed to fetch statistics for match 4116620798, but will continue processing
2025-04-18 19:39:52,051 - WARNING - Failed to fetch statistics for match 4116620827, but will continue processing
2025-04-18 19:51:18,035 - WARNING - Failed to fetch statistics for match 4116620798, but will continue processing
2025-04-18 19:51:56,180 - WARNING - Failed to fetch statistics for match 4116620827, but will continue processing
2025-04-18 19:56:55,239 - WARNING - Failed to fetch statistics for match 2344673196, but will continue processing
2025-04-18 19:56:59,900 - WARNING - Failed to fetch statistics for match 2344673197, but will continue processing
2025-04-18 19:57:06,076 - WARNING - Failed to fetch statistics for match 2344673198, but will continue processing
2025-04-18 19:57:10,827 - WARNING - Failed to fetch statistics for match 2344673199, but will continue processing
2025-04-18 19:57:15,509 - WARNING - Failed to fetch statistics for match 2344673200, but will continue processing
2025-04-18 19:57:20,275 - WARNING - Failed to fetch statistics for match 2347253632, but will continue processing
2025-04-18 19:57:25,102 - WARNING - Failed to fetch statistics for match 2347253635, but will continue processing
2025-04-18 19:57:29,950 - WARNING - Failed to fetch statistics for match 2347253637, but will continue processing
2025-04-18 19:57:34,543 - WARNING - Failed to fetch statistics for match 2347253640, but will continue processing
2025-04-18 19:57:39,328 - WARNING - Failed to fetch statistics for match 2349834116, but will continue processing
2025-04-18 19:57:44,209 - WARNING - Failed to fetch statistics for match 2349834117, but will continue processing
2025-04-18 19:57:48,868 - WARNING - Failed to fetch statistics for match 2349834119, but will continue processing
2025-04-18 19:57:53,564 - WARNING - Failed to fetch statistics for match 2349834121, but will continue processing
2025-04-18 19:57:58,288 - WARNING - Failed to fetch statistics for match 2349834122, but will continue processing
2025-04-18 19:58:03,109 - WARNING - Failed to fetch statistics for match 2349834127, but will continue processing
2025-04-18 19:58:07,925 - WARNING - Failed to fetch statistics for match 2349834129, but will continue processing
2025-04-18 19:58:25,671 - ERROR - Error updating player in database: (psycopg2.errors.UniqueViolation) duplicate key value violates unique constraint "players_pkey"
DETAIL:  Key (id)=(89965) already exists.

[SQL: 
                    INSERT INTO players (
                        id, name, hand, height_cm, country_code, birth_date,
                        turned_pro, weight_kg, birthplace, residence, coach,
                        player_status, last_updated
                    ) VALUES (
                        %(id)s, %(name)s, %(hand)s, %(height_cm)s, %(country_code)s, %(birth_date)s,
                        %(turned_pro)s, %(weight_kg)s, %(birthplace)s, %(residence)s, %(coach)s,
                        %(player_status)s, CURRENT_TIMESTAMP
                    )
                ]
[parameters: {'id': 89965, 'name': 'Julian Messina', 'hand': None, 'height_cm': None, 'country_code': 'USA', 'birth_date': None, 'turned_pro': None, 'weight_kg': None, 'birthplace': None, 'residence': None, 'coach': None, 'player_status': 'Active'}]
(Background on this error at: https://sqlalche.me/e/20/gkpj)
2025-04-18 19:58:25,671 - ERROR - Data that caused error: {'id': 89965, 'name': 'Julian Messina', 'hand': None, 'height_cm': None, 'country_code': 'USA', 'birth_date': None, 'turned_pro': None, 'weight_kg': None, 'birthplace': None, 'residence': None, 'coach': None, 'player_status': 'Active'}
2025-04-18 19:58:25,671 - ERROR - Failed to update player Julian Messina in database
2025-04-18 19:58:25,672 - WARNING - Creating minimal player record for Julian Messina
2025-04-18 19:58:25,915 - ERROR - Error updating player in database: (sqlalchemy.exc.InvalidRequestError) A value is required for bind parameter 'birth_date'
[SQL: 
                    INSERT INTO players (
                        id, name, hand, height_cm, country_code, birth_date,
                        turned_pro, weight_kg, birthplace, residence, coach,
                        player_status, last_updated
                    ) VALUES (
                        %(id)s, %(name)s, %(hand)s, %(height_cm)s, %(country_code)s, %(birth_date)s,
                        %(turned_pro)s, %(weight_kg)s, %(birthplace)s, %(residence)s, %(coach)s,
                        %(player_status)s, CURRENT_TIMESTAMP
                    )
                ]
[parameters: [{'id': 89965, 'name': 'Julian Messina', 'hand': None, 'country_code': None, 'height_cm': None, 'weight_kg': None}]]
(Background on this error at: https://sqlalche.me/e/20/cd3x)
2025-04-18 19:58:25,916 - ERROR - Data that caused error: {'id': 89965, 'name': 'Julian Messina', 'hand': None, 'country_code': None, 'height_cm': None, 'weight_kg': None}
2025-04-18 19:58:25,916 - WARNING - Skipping match 2387247298 insertion - missing loser data for player Julian Messina (ID: 89965)
2025-04-18 19:58:25,916 - WARNING - Skipping match 2387247298 insertion - missing player data
2025-04-18 19:58:31,573 - WARNING - Failed to fetch statistics for match 4116637318, but will continue processing
2025-04-18 19:58:35,967 - WARNING - Failed to fetch statistics for match 4116637314, but will continue processing
2025-04-18 19:58:40,418 - WARNING - Failed to fetch statistics for match 4116637319, but will continue processing
2025-04-18 19:58:44,814 - WARNING - Failed to fetch statistics for match 4116637308, but will continue processing
2025-04-18 19:58:51,886 - WARNING - Failed to fetch statistics for match 2352414636, but will continue processing
2025-04-18 19:58:56,628 - WARNING - Failed to fetch statistics for match 2352414637, but will continue processing
2025-04-18 19:59:01,357 - WARNING - Failed to fetch statistics for match 2352414638, but will continue processing
2025-04-18 19:59:06,263 - WARNING - Failed to fetch statistics for match 2352414639, but will continue processing
2025-04-18 19:59:11,006 - WARNING - Failed to fetch statistics for match 2352414640, but will continue processing
2025-04-18 19:59:15,847 - WARNING - Failed to fetch statistics for match 2352414642, but will continue processing
2025-04-18 19:59:20,447 - WARNING - Failed to fetch statistics for match 2352414643, but will continue processing
2025-04-18 19:59:25,172 - WARNING - Failed to fetch statistics for match 2352414644, but will continue processing
2025-04-18 19:59:30,014 - WARNING - Failed to fetch statistics for match 2352414645, but will continue processing
2025-04-18 19:59:35,370 - WARNING - Failed to fetch statistics for match 2352414646, but will continue processing
2025-04-18 19:59:40,043 - WARNING - Failed to fetch statistics for match 2352414647, but will continue processing
2025-04-18 19:59:44,682 - WARNING - Failed to fetch statistics for match 2352414648, but will continue processing
2025-04-18 19:59:49,548 - WARNING - Failed to fetch statistics for match 2352414649, but will continue processing
2025-04-18 19:59:54,410 - WARNING - Failed to fetch statistics for match 2352414650, but will continue processing
2025-04-18 19:59:59,290 - WARNING - Failed to fetch statistics for match 2352414651, but will continue processing
2025-04-18 20:00:04,242 - WARNING - Failed to fetch statistics for match 2352414653, but will continue processing
2025-04-18 20:00:09,128 - WARNING - Failed to fetch statistics for match 2352414654, but will continue processing
2025-04-18 20:00:13,866 - WARNING - Failed to fetch statistics for match 2352414656, but will continue processing
2025-04-18 20:00:18,703 - WARNING - Failed to fetch statistics for match 2352414657, but will continue processing
2025-04-18 20:00:23,545 - WARNING - Failed to fetch statistics for match 2352414658, but will continue processing
2025-04-18 20:00:28,428 - WARNING - Failed to fetch statistics for match 2356285257, but will continue processing
2025-04-18 20:00:33,186 - WARNING - Failed to fetch statistics for match 2356285267, but will continue processing
2025-04-18 20:00:38,026 - WARNING - Failed to fetch statistics for match 2356285272, but will continue processing
2025-04-18 20:00:42,801 - WARNING - Failed to fetch statistics for match 2356285273, but will continue processing
2025-04-18 20:00:47,574 - WARNING - Failed to fetch statistics for match 2356285278, but will continue processing
2025-04-18 20:00:52,274 - WARNING - Failed to fetch statistics for match 2356285279, but will continue processing
2025-04-18 20:00:57,002 - WARNING - Failed to fetch statistics for match 2356285280, but will continue processing
2025-04-18 20:01:01,625 - WARNING - Failed to fetch statistics for match 2356285284, but will continue processing
2025-04-18 20:01:06,689 - WARNING - Failed to fetch statistics for match 2357575447, but will continue processing
2025-04-18 20:03:36,284 - WARNING - Failed to fetch statistics for match 4116637370, but will continue processing
2025-04-18 20:03:41,306 - WARNING - Failed to fetch statistics for match 4116637343, but will continue processing
2025-04-18 20:03:48,288 - WARNING - Failed to fetch statistics for match 2375636661, but will continue processing
2025-04-18 20:03:53,119 - WARNING - Failed to fetch statistics for match 2375636662, but will continue processing
2025-04-18 20:03:58,120 - WARNING - Failed to fetch statistics for match 2375636663, but will continue processing
2025-04-18 20:04:03,019 - WARNING - Failed to fetch statistics for match 2375636664, but will continue processing
2025-04-18 20:04:11,822 - WARNING - Failed to fetch statistics for match 2375636665, but will continue processing
2025-04-18 20:04:16,616 - WARNING - Failed to fetch statistics for match 2375636666, but will continue processing
2025-04-18 20:04:21,582 - WARNING - Failed to fetch statistics for match 2375636667, but will continue processing
2025-04-18 20:04:26,525 - WARNING - Failed to fetch statistics for match 2375636668, but will continue processing
2025-04-18 20:04:31,498 - WARNING - Failed to fetch statistics for match 2375636669, but will continue processing
2025-04-18 20:04:36,416 - WARNING - Failed to fetch statistics for match 2375636670, but will continue processing
2025-04-18 20:04:41,282 - WARNING - Failed to fetch statistics for match 2375636671, but will continue processing
2025-04-18 20:04:46,507 - WARNING - Failed to fetch statistics for match 2375636672, but will continue processing
2025-04-18 20:04:51,369 - WARNING - Failed to fetch statistics for match 2375636673, but will continue processing
2025-04-18 20:04:56,026 - WARNING - Failed to fetch statistics for match 2375636674, but will continue processing
2025-04-18 20:05:00,655 - WARNING - Failed to fetch statistics for match 2375636675, but will continue processing
2025-04-18 20:05:05,492 - WARNING - Failed to fetch statistics for match 2375636676, but will continue processing
2025-04-18 20:07:34,853 - WARNING - Failed to fetch statistics for match 2344673202, but will continue processing
2025-04-18 20:07:39,764 - WARNING - Failed to fetch statistics for match 2345963407, but will continue processing
2025-04-18 20:07:44,599 - WARNING - Failed to fetch statistics for match 2345963409, but will continue processing
2025-04-18 20:07:49,318 - WARNING - Failed to fetch statistics for match 2345963410, but will continue processing
2025-04-18 20:07:54,075 - WARNING - Failed to fetch statistics for match 2345963411, but will continue processing
2025-04-18 20:07:58,849 - WARNING - Failed to fetch statistics for match 2345963412, but will continue processing
2025-04-18 20:08:03,572 - WARNING - Failed to fetch statistics for match 2347253642, but will continue processing
2025-04-18 20:08:08,730 - WARNING - Failed to fetch statistics for match 2347253645, but will continue processing
2025-04-18 20:08:13,730 - WARNING - Failed to fetch statistics for match 2347253647, but will continue processing
2025-04-18 20:08:18,664 - WARNING - Failed to fetch statistics for match 2348543912, but will continue processing
2025-04-18 20:08:23,465 - WARNING - Failed to fetch statistics for match 2348543916, but will continue processing
2025-04-18 20:08:28,153 - WARNING - Failed to fetch statistics for match 2351124385, but will continue processing
2025-04-18 20:08:32,942 - WARNING - Failed to fetch statistics for match 2351124387, but will continue processing
2025-04-18 20:08:37,876 - WARNING - Failed to fetch statistics for match 2352414670, but will continue processing
2025-04-18 20:08:42,678 - WARNING - Failed to fetch statistics for match 2352414672, but will continue processing
2025-04-18 20:08:47,540 - WARNING - Failed to fetch statistics for match 2352414674, but will continue processing
2025-04-18 20:10:10,971 - WARNING - Failed to fetch statistics for match 4116637524, but will continue processing
2025-04-18 20:10:18,048 - WARNING - Failed to fetch statistics for match 2347253651, but will continue processing
2025-04-18 20:10:22,753 - WARNING - Failed to fetch statistics for match 2347253652, but will continue processing
2025-04-18 20:10:27,585 - WARNING - Failed to fetch statistics for match 2347253653, but will continue processing
2025-04-18 20:10:32,320 - WARNING - Failed to fetch statistics for match 2347253654, but will continue processing
2025-04-18 20:10:36,975 - WARNING - Failed to fetch statistics for match 2347253655, but will continue processing
2025-04-18 20:10:41,696 - WARNING - Failed to fetch statistics for match 2347253657, but will continue processing
2025-04-18 20:10:46,596 - WARNING - Failed to fetch statistics for match 2347253658, but will continue processing
2025-04-18 20:10:51,386 - WARNING - Failed to fetch statistics for match 2347253659, but will continue processing
2025-04-18 20:10:54,364 - ERROR - Error updating player in database: (psycopg2.errors.UniqueViolation) duplicate key value violates unique constraint "players_pkey"
DETAIL:  Key (id)=(118736) already exists.

[SQL: 
                    INSERT INTO players (
                        id, name, hand, height_cm, country_code, birth_date,
                        turned_pro, weight_kg, birthplace, residence, coach,
                        player_status, last_updated
                    ) VALUES (
                        %(id)s, %(name)s, %(hand)s, %(height_cm)s, %(country_code)s, %(birth_date)s,
                        %(turned_pro)s, %(weight_kg)s, %(birthplace)s, %(residence)s, %(coach)s,
                        %(player_status)s, CURRENT_TIMESTAMP
                    )
                ]
[parameters: {'id': 118736, 'name': 'Luca Ramini', 'hand': None, 'height_cm': None, 'country_code': 'ITA', 'birth_date': None, 'turned_pro': None, 'weight_kg': None, 'birthplace': None, 'residence': None, 'coach': None, 'player_status': 'Active'}]
(Background on this error at: https://sqlalche.me/e/20/gkpj)
2025-04-18 20:10:54,365 - ERROR - Data that caused error: {'id': 118736, 'name': 'Luca Ramini', 'hand': None, 'height_cm': None, 'country_code': 'ITA', 'birth_date': None, 'turned_pro': None, 'weight_kg': None, 'birthplace': None, 'residence': None, 'coach': None, 'player_status': 'Active'}
2025-04-18 20:10:54,365 - ERROR - Failed to update player Luca Ramini in database
2025-04-18 20:10:54,365 - WARNING - Creating minimal player record for Luca Ramini
2025-04-18 20:10:54,606 - ERROR - Error updating player in database: (sqlalchemy.exc.InvalidRequestError) A value is required for bind parameter 'birth_date'
[SQL: 
                    INSERT INTO players (
                        id, name, hand, height_cm, country_code, birth_date,
                        turned_pro, weight_kg, birthplace, residence, coach,
                        player_status, last_updated
                    ) VALUES (
                        %(id)s, %(name)s, %(hand)s, %(height_cm)s, %(country_code)s, %(birth_date)s,
                        %(turned_pro)s, %(weight_kg)s, %(birthplace)s, %(residence)s, %(coach)s,
                        %(player_status)s, CURRENT_TIMESTAMP
                    )
                ]
[parameters: [{'id': 118736, 'name': 'Luca Ramini', 'hand': None, 'country_code': None, 'height_cm': None, 'weight_kg': None}]]
(Background on this error at: https://sqlalche.me/e/20/cd3x)
2025-04-18 20:10:54,606 - ERROR - Data that caused error: {'id': 118736, 'name': 'Luca Ramini', 'hand': None, 'country_code': None, 'height_cm': None, 'weight_kg': None}
2025-04-18 20:10:54,606 - WARNING - Skipping match 2347253659 insertion - missing loser data for player Luca Ramini (ID: 118736)
2025-04-18 20:10:54,606 - WARNING - Skipping match 2347253659 insertion - missing player data
2025-04-18 20:10:56,867 - WARNING - Failed to fetch statistics for match 2349834145, but will continue processing
2025-04-18 20:11:01,592 - WARNING - Failed to fetch statistics for match 2349834146, but will continue processing
2025-04-18 20:11:06,509 - WARNING - Failed to fetch statistics for match 2349834147, but will continue processing
2025-04-18 20:11:11,413 - WARNING - Failed to fetch statistics for match 2349834148, but will continue processing
2025-04-18 20:11:16,342 - WARNING - Failed to fetch statistics for match 2349834149, but will continue processing
2025-04-18 20:11:21,017 - WARNING - Failed to fetch statistics for match 2349834150, but will continue processing
2025-04-18 20:11:25,792 - WARNING - Failed to fetch statistics for match 2349834151, but will continue processing
2025-04-18 20:11:31,042 - WARNING - Failed to fetch statistics for match 2349834152, but will continue processing
2025-04-18 20:11:35,915 - WARNING - Failed to fetch statistics for match 2349834153, but will continue processing
2025-04-18 20:11:40,785 - WARNING - Failed to fetch statistics for match 2349834156, but will continue processing
2025-04-18 20:11:45,640 - WARNING - Failed to fetch statistics for match 2349834158, but will continue processing
2025-04-18 20:11:50,434 - WARNING - Failed to fetch statistics for match 2349834161, but will continue processing
2025-04-18 20:11:55,336 - WARNING - Failed to fetch statistics for match 2352414676, but will continue processing
2025-04-18 20:12:00,294 - WARNING - Failed to fetch statistics for match 2352414678, but will continue processing
2025-04-18 20:12:05,105 - WARNING - Failed to fetch statistics for match 2352414679, but will continue processing
2025-04-18 20:12:09,926 - WARNING - Failed to fetch statistics for match 2352414681, but will continue processing
2025-04-18 20:12:14,706 - WARNING - Failed to fetch statistics for match 2352414684, but will continue processing
2025-04-18 20:12:19,538 - WARNING - Failed to fetch statistics for match 2352414687, but will continue processing
2025-04-18 20:12:24,386 - WARNING - Failed to fetch statistics for match 2352414700, but will continue processing
2025-04-18 20:12:29,300 - WARNING - Failed to fetch statistics for match 2352414702, but will continue processing
2025-04-18 20:12:34,272 - WARNING - Failed to fetch statistics for match 2354995140, but will continue processing
2025-04-18 20:12:39,079 - WARNING - Failed to fetch statistics for match 2354995149, but will continue processing
2025-04-18 20:12:43,892 - WARNING - Failed to fetch statistics for match 2378216853, but will continue processing
2025-04-18 20:12:48,856 - WARNING - Failed to fetch statistics for match 2378216858, but will continue processing
2025-04-18 20:12:53,734 - WARNING - Failed to fetch statistics for match 2380797010, but will continue processing
2025-04-18 20:12:58,498 - WARNING - Failed to fetch statistics for match 2380797013, but will continue processing
2025-04-18 20:13:03,348 - WARNING - Failed to fetch statistics for match 2380797017, but will continue processing
2025-04-18 20:13:08,290 - WARNING - Failed to fetch statistics for match 2380797024, but will continue processing
2025-04-18 20:13:17,857 - WARNING - Failed to fetch statistics for match 2380797028, but will continue processing
2025-04-18 20:13:23,309 - WARNING - Failed to fetch statistics for match 2380797038, but will continue processing
2025-04-18 20:13:27,989 - WARNING - Failed to fetch statistics for match 2380797041, but will continue processing
2025-04-18 20:13:32,651 - WARNING - Failed to fetch statistics for match 2380797042, but will continue processing
2025-04-18 20:13:37,410 - WARNING - Failed to fetch statistics for match 2380797048, but will continue processing
2025-04-18 20:13:42,405 - WARNING - Failed to fetch statistics for match 2380797050, but will continue processing
2025-04-18 20:13:47,135 - WARNING - Failed to fetch statistics for match 2383377149, but will continue processing
2025-04-18 20:13:51,849 - WARNING - Failed to fetch statistics for match 2383377153, but will continue processing
2025-04-18 20:13:56,735 - WARNING - Failed to fetch statistics for match 2383377154, but will continue processing
2025-04-18 20:14:01,492 - WARNING - Failed to fetch statistics for match 2383377162, but will continue processing
2025-04-18 20:14:06,252 - WARNING - Failed to fetch statistics for match 2392407948, but will continue processing
2025-04-18 20:14:11,224 - WARNING - Failed to fetch statistics for match 2392407974, but will continue processing
2025-04-18 20:14:16,085 - WARNING - Failed to fetch statistics for match 2389827645, but will continue processing
2025-04-18 20:14:20,944 - WARNING - Failed to fetch statistics for match 2389827646, but will continue processing
2025-04-18 20:14:25,813 - WARNING - Failed to fetch statistics for match 2389827681, but will continue processing
2025-04-18 20:14:30,740 - WARNING - Failed to fetch statistics for match 2389827685, but will continue processing
2025-04-18 20:14:35,407 - WARNING - Failed to fetch statistics for match 2392407954, but will continue processing
2025-04-18 20:14:40,301 - WARNING - Failed to fetch statistics for match 2389827664, but will continue processing
2025-04-18 20:14:45,019 - WARNING - Failed to fetch statistics for match 2794949318, but will continue processing
2025-04-18 20:14:49,741 - WARNING - Failed to fetch statistics for match 2810432918, but will continue processing
2025-04-18 20:14:54,408 - WARNING - Failed to fetch statistics for match 2810432919, but will continue processing
2025-04-18 20:14:59,204 - WARNING - Failed to fetch statistics for match 2828497580, but will continue processing
2025-04-18 20:15:04,012 - WARNING - Failed to fetch statistics for match 3388569776, but will continue processing
2025-04-18 20:15:08,733 - WARNING - Failed to fetch statistics for match 3285318470, but will continue processing
2025-04-18 20:15:13,376 - WARNING - Failed to fetch statistics for match 3285318476, but will continue processing
2025-04-18 20:15:18,182 - WARNING - Failed to fetch statistics for match 3285318499, but will continue processing
2025-04-18 20:15:23,026 - WARNING - Failed to fetch statistics for match 3285318513, but will continue processing
2025-04-18 20:15:27,837 - WARNING - Failed to fetch statistics for match 3327908155, but will continue processing
2025-04-18 20:15:32,761 - WARNING - Failed to fetch statistics for match 3327908162, but will continue processing
2025-04-18 20:15:37,498 - WARNING - Failed to fetch statistics for match 3364046549, but will continue processing
2025-04-18 20:15:42,348 - WARNING - Failed to fetch statistics for match 3327908151, but will continue processing
2025-04-18 20:15:47,139 - WARNING - Failed to fetch statistics for match 3364046576, but will continue processing
2025-04-18 20:15:51,933 - WARNING - Failed to fetch statistics for match 3373081372, but will continue processing
2025-04-18 20:15:56,714 - WARNING - Failed to fetch statistics for match 3388569829, but will continue processing
2025-04-18 20:16:01,630 - WARNING - Failed to fetch statistics for match 3726754174, but will continue processing
2025-04-18 20:16:06,512 - WARNING - Failed to fetch statistics for match 3746117209, but will continue processing
2025-04-18 20:16:11,296 - WARNING - Failed to fetch statistics for match 3746117257, but will continue processing
2025-04-18 20:16:16,014 - WARNING - Failed to fetch statistics for match 3761607875, but will continue processing
2025-04-18 20:16:20,810 - WARNING - Failed to fetch statistics for match 3782262488, but will continue processing
2025-04-18 20:16:25,526 - WARNING - Failed to fetch statistics for match 3782262499, but will continue processing
2025-04-18 20:16:30,182 - WARNING - Failed to fetch statistics for match 3806790121, but will continue processing
2025-04-18 20:16:34,915 - WARNING - Failed to fetch statistics for match 3806790164, but will continue processing
2025-04-18 20:16:39,670 - WARNING - Failed to fetch statistics for match 4116637571, but will continue processing
2025-04-18 20:16:44,028 - WARNING - Failed to fetch statistics for match 4116637575, but will continue processing
2025-04-18 20:16:48,399 - WARNING - Failed to fetch statistics for match 4116637623, but will continue processing
2025-04-18 20:16:55,530 - WARNING - Failed to fetch statistics for match 2339512560, but will continue processing
2025-04-18 20:17:00,330 - WARNING - Failed to fetch statistics for match 2339512561, but will continue processing
2025-04-18 20:17:05,195 - WARNING - Failed to fetch statistics for match 2339512562, but will continue processing
2025-04-18 20:17:10,095 - WARNING - Failed to fetch statistics for match 2339512563, but will continue processing
2025-04-18 20:17:14,933 - WARNING - Failed to fetch statistics for match 2339512564, but will continue processing
2025-04-18 20:17:20,141 - WARNING - Failed to fetch statistics for match 2339512565, but will continue processing
2025-04-18 20:17:24,838 - WARNING - Failed to fetch statistics for match 2339512566, but will continue processing
2025-04-18 20:17:29,619 - WARNING - Failed to fetch statistics for match 2339512567, but will continue processing
2025-04-18 20:17:34,302 - WARNING - Failed to fetch statistics for match 2339512568, but will continue processing
2025-04-18 20:17:39,158 - WARNING - Failed to fetch statistics for match 2342092864, but will continue processing
2025-04-18 20:17:44,037 - WARNING - Failed to fetch statistics for match 2342092867, but will continue processing
2025-04-18 20:17:48,622 - WARNING - Failed to fetch statistics for match 2342092868, but will continue processing
2025-04-18 20:17:53,516 - WARNING - Failed to fetch statistics for match 2342092872, but will continue processing
2025-04-18 20:17:58,390 - WARNING - Failed to fetch statistics for match 2342092874, but will continue processing
2025-04-18 20:18:03,169 - WARNING - Failed to fetch statistics for match 2342092875, but will continue processing
2025-04-18 20:18:08,063 - WARNING - Failed to fetch statistics for match 2342092877, but will continue processing
2025-04-18 20:18:13,652 - WARNING - Failed to fetch statistics for match 2342092878, but will continue processing
2025-04-18 20:18:18,289 - WARNING - Failed to fetch statistics for match 2342092880, but will continue processing
2025-04-18 20:18:22,981 - WARNING - Failed to fetch statistics for match 2342092881, but will continue processing
2025-04-18 20:18:27,559 - WARNING - Failed to fetch statistics for match 2344673211, but will continue processing
2025-04-18 20:18:32,505 - WARNING - Failed to fetch statistics for match 2344673214, but will continue processing
2025-04-18 20:18:37,306 - WARNING - Failed to fetch statistics for match 2344673216, but will continue processing
2025-04-18 20:18:42,049 - WARNING - Failed to fetch statistics for match 2344673217, but will continue processing
2025-04-18 20:18:46,984 - WARNING - Failed to fetch statistics for match 2344673219, but will continue processing
2025-04-18 20:18:51,785 - WARNING - Failed to fetch statistics for match 2344673220, but will continue processing
2025-04-18 20:18:56,610 - WARNING - Failed to fetch statistics for match 2344673221, but will continue processing
2025-04-18 20:19:01,254 - WARNING - Failed to fetch statistics for match 2344673226, but will continue processing
2025-04-18 20:19:06,210 - WARNING - Failed to fetch statistics for match 2344673229, but will continue processing
2025-04-18 20:19:10,938 - WARNING - Failed to fetch statistics for match 2344673230, but will continue processing
