2025-04-19 13:18:25,518 - __main__ - INFO - Using database URL with dialect: postgresql
2025-04-19 13:18:25,518 - __main__ - INFO - Using 7 CPU cores for processing
2025-04-19 13:18:25,518 - __main__ - INFO - Processing batch size: 10000
2025-04-19 13:18:25,518 - __main__ - INFO - Database batch size: 10000
2025-04-19 13:18:27,337 - __main__ - INFO - Added Elo columns to matches table successfully
2025-04-19 13:18:37,484 - __main__ - INFO - Reset all Elo columns to NULL successfully
2025-04-19 13:19:17,296 - __main__ - INFO - Updating database with 70000 matches...
2025-04-19 13:19:30,258 - __main__ - INFO - Performing final update from temporary table...
2025-04-19 13:19:31,851 - __main__ - INFO - Updated 70000 rows in matches table
2025-04-19 13:19:33,701 - __main__ - INFO - Updating database with 70000 matches...
2025-04-19 13:19:46,463 - __main__ - INFO - Performing final update from temporary table...
2025-04-19 13:19:48,109 - __main__ - INFO - Updated 70000 rows in matches table
2025-04-19 13:19:50,141 - __main__ - INFO - Updating database with 70000 matches...
2025-04-19 13:20:02,787 - __main__ - INFO - Performing final update from temporary table...
2025-04-19 13:20:04,199 - __main__ - INFO - Updated 70000 rows in matches table
2025-04-19 13:20:06,123 - __main__ - INFO - Updating database with 70000 matches...
2025-04-19 13:20:19,618 - __main__ - INFO - Performing final update from temporary table...
2025-04-19 13:20:21,316 - __main__ - INFO - Updated 70000 rows in matches table
2025-04-19 13:20:23,167 - __main__ - INFO - Updating database with 70000 matches...
2025-04-19 13:20:35,886 - __main__ - INFO - Performing final update from temporary table...
2025-04-19 13:20:37,593 - __main__ - INFO - Updated 70000 rows in matches table
2025-04-19 13:20:39,364 - __main__ - INFO - Updating database with 70000 matches...
2025-04-19 13:20:52,243 - __main__ - INFO - Performing final update from temporary table...
2025-04-19 13:20:53,722 - __main__ - INFO - Updated 70000 rows in matches table
2025-04-19 13:20:55,808 - __main__ - INFO - Updating database with 70000 matches...
2025-04-19 13:21:09,125 - __main__ - INFO - Performing final update from temporary table...
2025-04-19 13:21:10,578 - __main__ - INFO - Updated 70000 rows in matches table
2025-04-19 13:21:12,589 - __main__ - INFO - Updating database with 70000 matches...
2025-04-19 13:21:25,448 - __main__ - INFO - Performing final update from temporary table...
2025-04-19 13:21:26,844 - __main__ - INFO - Updated 70000 rows in matches table
2025-04-19 13:21:28,615 - __main__ - INFO - Updating database with 70000 matches...
2025-04-19 13:21:41,802 - __main__ - INFO - Performing final update from temporary table...
2025-04-19 13:21:43,025 - __main__ - INFO - Updated 70000 rows in matches table
2025-04-19 13:21:44,765 - __main__ - INFO - Updating database with 70000 matches...
2025-04-19 13:21:57,615 - __main__ - INFO - Performing final update from temporary table...
2025-04-19 13:21:59,074 - __main__ - INFO - Updated 70000 rows in matches table
2025-04-19 13:22:01,005 - __main__ - INFO - Updating database with 70000 matches...
2025-04-19 13:22:21,519 - __main__ - INFO - Performing final update from temporary table...
2025-04-19 13:22:23,081 - __main__ - INFO - Updated 70000 rows in matches table
2025-04-19 13:22:24,629 - __main__ - INFO - Updating database with 59504 matches...
2025-04-19 13:22:35,627 - __main__ - INFO - Performing final update from temporary table...
2025-04-19 13:22:37,000 - __main__ - INFO - Updated 59504 rows in matches table
2025-04-19 13:22:37,453 - __main__ - INFO - Successfully updated 829504 matches with Elo ratings
