2025-04-18 00:24:02,933 - __main__ - INFO - Database tables created successfully
2025-04-18 00:24:04,629 - __main__ - INFO - Found 0 tournaments in next 7 days
2025-04-18 00:24:05,351 - __main__ - INFO - Removed 0 old matches from scheduled_matches
2025-04-18 00:24:05,351 - __main__ - INFO - Match collection completed successfully
2025-04-18 00:26:02,618 - __main__ - INFO - Database tables created successfully
2025-04-18 00:26:03,934 - __main__ - INFO - Found 0 tournaments in next 7 days
2025-04-18 00:26:04,660 - __main__ - INFO - Removed 0 old matches from scheduled_matches
2025-04-18 00:26:04,660 - __main__ - INFO - Match collection completed successfully
2025-04-18 00:27:26,770 - __main__ - INFO - Database tables created successfully
2025-04-18 00:27:27,433 - __main__ - INFO - Database tables created successfully
2025-04-18 00:27:28,244 - __main__ - INFO - Found 0 tournaments in next 7 days
2025-04-18 00:27:28,728 - __main__ - INFO - Found 0 tournaments in next 7 days
2025-04-18 00:27:28,965 - __main__ - INFO - Removed 0 old matches from scheduled_matches
2025-04-18 00:27:28,966 - __main__ - INFO - Match collection completed successfully
2025-04-18 00:27:29,451 - __main__ - INFO - Removed 0 old matches from scheduled_matches
2025-04-18 00:27:29,451 - __main__ - INFO - Match collection completed successfully
2025-04-18 00:28:30,400 - __main__ - INFO - Database tables created successfully
2025-04-18 00:28:30,402 - __main__ - INFO - Searching for tournaments between 2025-04-18 and 2025-04-25
2025-04-18 00:28:30,402 - __main__ - INFO - Fetching tournaments for year 2025
2025-04-18 00:28:31,776 - __main__ - INFO - Retrieved 101 tournaments for year 2025
2025-04-18 00:28:31,781 - __main__ - INFO - No tournaments found. Trying fallback year 2023
2025-04-18 00:28:33,175 - __main__ - INFO - Retrieved 101 tournaments from fallback year 2023
2025-04-18 00:28:33,176 - __main__ - INFO - Found 101 tournaments in total
2025-04-18 00:28:33,895 - __main__ - INFO - Removed 0 old matches from scheduled_matches
2025-04-18 00:28:33,896 - __main__ - INFO - Processing tournament: M15 Yanagawa
2025-04-18 00:28:35,161 - __main__ - INFO - Found 0 singles matches for tournament 19327
2025-04-18 00:28:35,162 - __main__ - INFO - Processing tournament: M15 Monastir
2025-04-18 00:28:36,447 - __main__ - INFO - Found 0 singles matches for tournament 19328
2025-04-18 00:28:36,448 - __main__ - INFO - Processing tournament: M15 Yanagawa
2025-04-18 00:28:37,714 - __main__ - INFO - Found 0 singles matches for tournament 19323
2025-04-18 00:28:37,715 - __main__ - INFO - Processing tournament: M15 Papamoa
2025-04-18 00:28:38,980 - __main__ - INFO - Found 0 singles matches for tournament 19324
2025-04-18 00:28:38,981 - __main__ - INFO - Processing tournament: M15 Antalya
2025-04-18 00:28:40,247 - __main__ - INFO - Found 0 singles matches for tournament 19325
2025-04-18 00:28:40,248 - __main__ - INFO - Processing tournament: M15 Monastir
2025-04-18 00:28:41,533 - __main__ - INFO - Found 0 singles matches for tournament 19326
2025-04-18 00:28:41,534 - __main__ - INFO - Processing tournament: M15 Sharm ElSheikh
2025-04-18 00:28:42,798 - __main__ - INFO - Found 0 singles matches for tournament 19316
2025-04-18 00:28:42,799 - __main__ - INFO - Processing tournament: M15 Wellington
2025-04-18 00:28:44,145 - __main__ - INFO - Found 0 singles matches for tournament 19317
2025-04-18 00:28:44,145 - __main__ - INFO - Processing tournament: M15 Antalya
2025-04-18 00:28:45,433 - __main__ - INFO - Found 0 singles matches for tournament 19318
2025-04-18 00:28:45,433 - __main__ - INFO - Processing tournament: M15 Zahra
2025-04-18 00:28:46,727 - __main__ - INFO - Found 0 singles matches for tournament 19319
2025-04-18 00:28:46,727 - __main__ - INFO - Processing tournament: M15 Concepcion
2025-04-18 00:28:48,056 - __main__ - INFO - Found 0 singles matches for tournament 19320
2025-04-18 00:28:48,057 - __main__ - INFO - Processing tournament: M15 Ceuta
2025-04-18 00:28:49,327 - __main__ - INFO - Found 0 singles matches for tournament 19321
2025-04-18 00:28:49,328 - __main__ - INFO - Processing tournament: M15 Monastir
2025-04-18 00:28:50,613 - __main__ - INFO - Found 0 singles matches for tournament 19322
2025-04-18 00:28:50,614 - __main__ - INFO - Processing tournament: M15 Sharm ElSheikh
2025-04-18 00:28:51,905 - __main__ - INFO - Found 0 singles matches for tournament 19310
2025-04-18 00:28:51,906 - __main__ - INFO - Processing tournament: M15 Madrid
2025-04-18 00:28:53,164 - __main__ - INFO - Found 0 singles matches for tournament 19311
2025-04-18 00:28:53,165 - __main__ - INFO - Processing tournament: M15 Antalya
2025-04-18 00:28:54,437 - __main__ - INFO - Found 0 singles matches for tournament 19312
2025-04-18 00:28:54,438 - __main__ - INFO - Processing tournament: M15 Zahra
2025-04-18 00:28:55,704 - __main__ - INFO - Found 0 singles matches for tournament 19313
2025-04-18 00:28:55,704 - __main__ - INFO - Processing tournament: M15 Concepcion
2025-04-18 00:28:56,971 - __main__ - INFO - Found 0 singles matches for tournament 19314
2025-04-18 00:28:56,971 - __main__ - INFO - Processing tournament: M15 Monastir
2025-04-18 00:28:58,235 - __main__ - INFO - Found 0 singles matches for tournament 19315
2025-04-18 00:28:58,236 - __main__ - INFO - Processing tournament: Next Gen ATP Finals - Jeddah
2025-04-18 00:28:59,617 - __main__ - INFO - Found 0 singles matches for tournament 18522
2025-04-18 00:28:59,617 - __main__ - INFO - Processing tournament: Maia Challenger
2025-04-18 00:29:00,894 - __main__ - INFO - Found 0 singles matches for tournament 19252
2025-04-18 00:29:00,894 - __main__ - INFO - Processing tournament: Yokkaichi Challenger
2025-04-18 00:29:02,157 - __main__ - INFO - Found 0 singles matches for tournament 19253
2025-04-18 00:29:02,158 - __main__ - INFO - Processing tournament: Maspalomas Challenger
2025-04-18 00:29:03,444 - __main__ - INFO - Found 0 singles matches for tournament 19254
2025-04-18 00:29:03,444 - __main__ - INFO - Processing tournament: Temuco Challenger
2025-04-18 00:29:04,715 - __main__ - INFO - Found 0 singles matches for tournament 19255
2025-04-18 00:29:04,716 - __main__ - INFO - Processing tournament: M25 Heraklion
2025-04-18 00:29:06,093 - __main__ - INFO - Found 0 singles matches for tournament 19295
2025-04-18 00:29:06,093 - __main__ - INFO - Processing tournament: M25 Gold Coast
2025-04-18 00:29:07,372 - __main__ - INFO - Found 0 singles matches for tournament 19296
2025-04-18 00:29:07,372 - __main__ - INFO - Processing tournament: M25 Kalaburagi
2025-04-18 00:29:08,665 - __main__ - INFO - Found 0 singles matches for tournament 19297
2025-04-18 00:29:08,666 - __main__ - INFO - Processing tournament: M25 Ramat Gan
2025-04-18 00:29:09,942 - __main__ - INFO - Found 0 singles matches for tournament 19298
2025-04-18 00:29:09,943 - __main__ - INFO - Processing tournament: M25 Monastir
2025-04-18 00:29:11,209 - __main__ - INFO - Found 0 singles matches for tournament 19299
2025-04-18 00:29:11,210 - __main__ - INFO - Processing tournament: M15 Monastir
2025-04-18 00:29:12,473 - __main__ - INFO - Found 0 singles matches for tournament 19300
2025-04-18 00:29:12,474 - __main__ - INFO - Processing tournament: M15 San Gregorio di Catania
2025-04-18 00:30:57,601 - __main__ - INFO - Database tables created successfully
2025-04-18 00:30:58,973 - __main__ - INFO - Found 0 tournaments in next 7 days
2025-04-18 00:30:59,698 - __main__ - INFO - Removed 0 old matches from scheduled_matches
2025-04-18 00:30:59,698 - __main__ - INFO - Match collection completed successfully
2025-04-18 00:31:44,041 - __main__ - INFO - Database tables created successfully
2025-04-18 00:31:44,041 - __main__ - INFO - Current date: 2025-04-18 00:31:44.041906
2025-04-18 00:31:44,042 - __main__ - INFO - End date: 2025-04-25 00:31:44.041906
2025-04-18 00:31:44,042 - __main__ - INFO - Fetching tournaments for current year: 2025
2025-04-18 00:31:45,316 - __main__ - INFO - Fetched 101 tournaments for year 2025
2025-04-18 00:31:45,316 - __main__ - INFO - Total tournaments fetched: 101
2025-04-18 00:31:45,319 - __main__ - INFO - Found 0 tournaments in or near the specified date range
2025-04-18 00:31:46,042 - __main__ - INFO - Removed 0 old matches from scheduled_matches
2025-04-18 00:31:46,042 - __main__ - INFO - Match collection completed successfully
2025-04-18 00:32:03,534 - __main__ - INFO - Database tables created successfully
2025-04-18 00:32:03,534 - __main__ - INFO - Current date: 2025-04-18 00:32:03.534700
2025-04-18 00:32:03,535 - __main__ - INFO - End date: 2025-04-25 00:32:03.534700
2025-04-18 00:32:03,535 - __main__ - INFO - Fetching tournaments for current year: 2025
2025-04-18 00:32:05,215 - __main__ - INFO - Fetched 101 tournaments for year 2025
2025-04-18 00:32:05,216 - __main__ - INFO - Total tournaments fetched: 101
2025-04-18 00:32:05,220 - __main__ - INFO - Found 0 tournaments in or near the specified date range
2025-04-18 00:32:05,942 - __main__ - INFO - Removed 0 old matches from scheduled_matches
2025-04-18 00:32:05,943 - __main__ - INFO - Match collection completed successfully
2025-04-18 00:33:03,323 - __main__ - INFO - Database tables created successfully
2025-04-18 00:33:03,324 - __main__ - INFO - Current date: 2025-04-18 00:33:03.324348
2025-04-18 00:33:03,324 - __main__ - INFO - End date: 2025-04-25 00:33:03.324348
2025-04-18 00:33:03,324 - __main__ - INFO - Fetching tournaments for current year: 2025
2025-04-18 00:33:04,797 - __main__ - INFO - Fetched 411 tournaments for year 2025
2025-04-18 00:33:04,798 - __main__ - INFO - Total tournaments fetched: 411
2025-04-18 00:33:04,802 - __main__ - INFO - Including tournament: Mutua Madrid Open - Madrid (2025-04-21)
2025-04-18 00:33:04,802 - __main__ - INFO - Including tournament: Gwangju Challenger (2025-04-21)
2025-04-18 00:33:04,802 - __main__ - INFO - Including tournament: Savannah Challenger (2025-04-21)
2025-04-18 00:33:04,802 - __main__ - INFO - Including tournament: Abidjan 2 Challenger (2025-04-21)
2025-04-18 00:33:04,803 - __main__ - INFO - Including tournament: Rome Challenger (2025-04-21)
2025-04-18 00:33:04,803 - __main__ - INFO - Including tournament: San Miguel de Tucuman Challenger (2025-04-21)
2025-04-18 00:33:04,803 - __main__ - INFO - Including tournament: M25 Angers (2025-04-21)
2025-04-18 00:33:04,803 - __main__ - INFO - Including tournament: M25 Santa margherita di Pula (2025-04-21)
2025-04-18 00:33:04,804 - __main__ - INFO - Including tournament: M25 Sharm ElSheikh (2025-04-21)
2025-04-18 00:33:04,804 - __main__ - INFO - Including tournament: M15 Sanxenxo (2025-04-21)
2025-04-18 00:33:04,804 - __main__ - INFO - Including tournament: M15 Kursumlijska Banja (2025-04-21)
2025-04-18 00:33:04,804 - __main__ - INFO - Including tournament: M15 Osaka (2025-04-21)
2025-04-18 00:33:04,805 - __main__ - INFO - Including tournament: M15 Shymkent (2025-04-21)
2025-04-18 00:33:04,805 - __main__ - INFO - Including tournament: M15 Monastir (2025-04-21)
2025-04-18 00:33:04,805 - __main__ - INFO - Including tournament: M15 Luan (2025-04-21)
2025-04-18 00:33:04,806 - __main__ - INFO - Including tournament: M15 Vero Beach (2025-04-21)
2025-04-18 00:33:04,806 - __main__ - INFO - Including tournament: M15 Antalya (2025-04-21)
2025-04-18 00:33:04,806 - __main__ - INFO - Including tournament: Barcelona Open Banc Sabadell - Barcelona (2025-04-14)
2025-04-18 00:33:04,806 - __main__ - INFO - Including tournament: BMW Open - Munich (2025-04-14)
2025-04-18 00:33:04,807 - __main__ - INFO - Including tournament: Busan Challenger (2025-04-14)
2025-04-18 00:33:04,807 - __main__ - INFO - Including tournament: Oeiras 4 Challenger (2025-04-14)
2025-04-18 00:33:04,807 - __main__ - INFO - Including tournament: San Luis Potosi Challenger (2025-04-14)
2025-04-18 00:33:04,808 - __main__ - INFO - Including tournament: Tallahassee Challenger (2025-04-14)
2025-04-18 00:33:04,808 - __main__ - INFO - Including tournament: Abidjan 1 Challenger (2025-04-14)
2025-04-18 00:33:04,808 - __main__ - INFO - Including tournament: M25 Santa Margherita di Pula (2025-04-14)
2025-04-18 00:33:04,808 - __main__ - INFO - Including tournament: M25 Sharm ElSheikh (2025-04-14)
2025-04-18 00:33:04,809 - __main__ - INFO - Including tournament: M15 Osaka (2025-04-14)
2025-04-18 00:33:04,809 - __main__ - INFO - Including tournament: M15 Dubrovnik (2025-04-14)
2025-04-18 00:33:04,809 - __main__ - INFO - Including tournament: M15 Monastir (2025-04-14)
2025-04-18 00:33:04,810 - __main__ - INFO - Including tournament: M15 Luan (2025-04-14)
2025-04-18 00:33:04,810 - __main__ - INFO - Including tournament: M15 Antalya (2025-04-14)
2025-04-18 00:33:04,810 - __main__ - INFO - Including tournament: Monte-Carlo Rolex Masters - Monte-Carlo (2025-04-07)
2025-04-18 00:33:04,811 - __main__ - INFO - Including tournament: Mexico City Challenger (2025-04-07)
2025-04-18 00:33:04,811 - __main__ - INFO - Including tournament: Madrid Challenger (2025-04-07)
2025-04-18 00:33:04,811 - __main__ - INFO - Including tournament: Monza Challenger (2025-04-07)
2025-04-18 00:33:04,812 - __main__ - INFO - Including tournament: Sarasota Challenger (2025-04-07)
2025-04-18 00:33:04,812 - __main__ - INFO - Including tournament: M25 Antalya (2025-04-07)
2025-04-18 00:33:04,812 - __main__ - INFO - Including tournament: M25 Santa Margherita di Pula (2025-04-07)
2025-04-18 00:33:04,812 - __main__ - INFO - Including tournament: M15 Monastir (2025-04-07)
2025-04-18 00:33:04,813 - __main__ - INFO - Including tournament: M15 Luan (2025-04-07)
2025-04-18 00:33:04,813 - __main__ - INFO - Including tournament: M15 Sharm ElSheikh (2025-04-07)
2025-04-18 00:33:04,813 - __main__ - INFO - Including tournament: Tiriac Open - Bucharest (2025-03-31)
2025-04-18 00:33:04,813 - __main__ - INFO - Including tournament: US Men's Clay Court Championship - Houston (2025-03-31)
2025-04-18 00:33:04,814 - __main__ - INFO - Including tournament: Grand Prix Hassan II - Marrakech (2025-03-31)
2025-04-18 00:33:04,814 - __main__ - INFO - Including tournament: Menorca Challenger (2025-03-31)
2025-04-18 00:33:04,814 - __main__ - INFO - Including tournament: Barletta Challenger (2025-03-31)
2025-04-18 00:33:04,814 - __main__ - INFO - Including tournament: Campinas Challenger (2025-03-31)
2025-04-18 00:33:04,815 - __main__ - INFO - Including tournament: Cuernavaca Challenger (2025-03-31)
2025-04-18 00:33:04,815 - __main__ - INFO - Including tournament: M25 Santa Margherita di Pula (2025-03-31)
2025-04-18 00:33:04,815 - __main__ - INFO - Including tournament: M25 Chacabuco (2025-03-31)
2025-04-18 00:33:04,816 - __main__ - INFO - Including tournament: M25 Antalya (2025-03-31)
2025-04-18 00:33:04,816 - __main__ - INFO - Including tournament: M25 Reus (2025-03-31)
2025-04-18 00:33:04,816 - __main__ - INFO - Including tournament: M15 Sharm ElSheikh (2025-03-31)
2025-04-18 00:33:04,816 - __main__ - INFO - Including tournament: M15 Kashiwa (2025-03-31)
2025-04-18 00:33:04,817 - __main__ - INFO - Including tournament: M15 Heraklion (2025-03-31)
2025-04-18 00:33:04,817 - __main__ - INFO - Including tournament: M15 Lons-le-Saunier (2025-03-31)
2025-04-18 00:33:04,817 - __main__ - INFO - Including tournament: M25 Bengaluru (2025-03-31)
2025-04-18 00:33:04,817 - __main__ - INFO - Including tournament: M15 Monastir (2025-03-31)
2025-04-18 00:33:04,818 - __main__ - INFO - Including tournament: Morelia Challenger (2025-03-24)
2025-04-18 00:33:04,818 - __main__ - INFO - Including tournament: Naples Challenger (2025-03-24)
2025-04-18 00:33:04,818 - __main__ - INFO - Including tournament: Girona Challenger (2025-03-24)
2025-04-18 00:33:04,818 - __main__ - INFO - Including tournament: Concepcion Challenger (2025-03-24)
2025-04-18 00:33:04,819 - __main__ - INFO - Including tournament: M25 Santo Domingo (2025-03-24)
2025-04-18 00:33:04,819 - __main__ - INFO - Including tournament: M25 Tarragona (2025-03-24)
2025-04-18 00:33:04,819 - __main__ - INFO - Including tournament: M25 Ahmedabad (2025-03-24)
2025-04-18 00:33:04,819 - __main__ - INFO - Including tournament: M25 Lujan (2025-03-24)
2025-04-18 00:33:04,820 - __main__ - INFO - Including tournament: M25 Calabasas (2025-03-24)
2025-04-18 00:33:04,820 - __main__ - INFO - Including tournament: M25 Saint-Dizier (2025-03-24)
2025-04-18 00:33:04,820 - __main__ - INFO - Including tournament: M15 Nonthaburi (2025-03-24)
2025-04-18 00:33:04,820 - __main__ - INFO - Including tournament: M15 Sharm ElSheikh (2025-03-24)
2025-04-18 00:33:04,821 - __main__ - INFO - Including tournament: M15 Opatija (2025-03-24)
2025-04-18 00:33:04,821 - __main__ - INFO - Including tournament: M15 Alaminos (2025-03-24)
2025-04-18 00:33:04,821 - __main__ - INFO - Including tournament: M15 Tsukuba (2025-03-24)
2025-04-18 00:33:04,821 - __main__ - INFO - Including tournament: M15 Heraklion (2025-03-24)
2025-04-18 00:33:04,821 - __main__ - INFO - Including tournament: M15 Monastir (2025-03-24)
2025-04-18 00:33:04,822 - __main__ - INFO - Including tournament: M15 Foggia (2025-03-24)
2025-04-18 00:33:04,822 - __main__ - INFO - Including tournament: M15 Antalya (2025-03-24)
2025-04-18 00:33:04,826 - __main__ - INFO - Found 77 tournaments in or near the specified date range
2025-04-18 00:33:05,549 - __main__ - INFO - Removed 0 old matches from scheduled_matches
2025-04-18 00:33:05,550 - __main__ - INFO - Processing tournament: Mutua Madrid Open - Madrid
2025-04-18 00:33:06,833 - __main__ - INFO - Found 0 singles matches for tournament 20336
2025-04-18 00:33:06,834 - __main__ - INFO - Processing tournament: Gwangju Challenger
2025-04-18 00:33:08,092 - __main__ - INFO - Found 0 singles matches for tournament 20606
2025-04-18 00:33:08,092 - __main__ - INFO - Processing tournament: Savannah Challenger
2025-04-18 00:33:09,375 - __main__ - INFO - Found 0 singles matches for tournament 20607
2025-04-18 00:33:09,376 - __main__ - INFO - Processing tournament: Abidjan 2 Challenger
2025-04-18 00:33:10,667 - __main__ - INFO - Found 0 singles matches for tournament 20608
2025-04-18 00:33:10,668 - __main__ - INFO - Processing tournament: Rome Challenger
2025-04-18 00:33:11,937 - __main__ - INFO - Found 0 singles matches for tournament 20609
2025-04-18 00:33:11,937 - __main__ - INFO - Processing tournament: San Miguel de Tucuman Challenger
2025-04-18 00:33:13,240 - __main__ - INFO - Found 0 singles matches for tournament 20610
2025-04-18 00:33:13,240 - __main__ - INFO - Processing tournament: M25 Angers
2025-04-18 00:33:14,501 - __main__ - INFO - Found 0 singles matches for tournament 20631
2025-04-18 00:33:14,501 - __main__ - INFO - Processing tournament: M25 Santa margherita di Pula
2025-04-18 00:33:15,769 - __main__ - INFO - Found 0 singles matches for tournament 20632
2025-04-18 00:33:15,769 - __main__ - INFO - Processing tournament: M25 Sharm ElSheikh
2025-04-18 00:33:17,061 - __main__ - INFO - Found 0 singles matches for tournament 20633
2025-04-18 00:33:17,062 - __main__ - INFO - Processing tournament: M15 Sanxenxo
2025-04-18 00:33:18,322 - __main__ - INFO - Found 0 singles matches for tournament 20634
2025-04-18 00:33:18,323 - __main__ - INFO - Processing tournament: M15 Kursumlijska Banja
2025-04-18 00:33:19,586 - __main__ - INFO - Found 0 singles matches for tournament 20635
2025-04-18 00:33:19,587 - __main__ - INFO - Processing tournament: M15 Osaka
2025-04-18 00:33:20,859 - __main__ - INFO - Found 0 singles matches for tournament 20636
2025-04-18 00:33:20,859 - __main__ - INFO - Processing tournament: M15 Shymkent
2025-04-18 00:33:22,121 - __main__ - INFO - Found 0 singles matches for tournament 20637
2025-04-18 00:33:22,122 - __main__ - INFO - Processing tournament: M15 Monastir
2025-04-18 00:33:23,383 - __main__ - INFO - Found 0 singles matches for tournament 20638
2025-04-18 00:33:23,384 - __main__ - INFO - Processing tournament: M15 Luan
2025-04-18 00:33:24,658 - __main__ - INFO - Found 0 singles matches for tournament 20639
2025-04-18 00:33:24,658 - __main__ - INFO - Processing tournament: M15 Vero Beach
2025-04-18 00:33:25,917 - __main__ - INFO - Found 0 singles matches for tournament 20640
2025-04-18 00:33:25,918 - __main__ - INFO - Processing tournament: M15 Antalya
2025-04-18 00:33:27,181 - __main__ - INFO - Found 0 singles matches for tournament 20641
2025-04-18 00:33:27,181 - __main__ - INFO - Processing tournament: Barcelona Open Banc Sabadell - Barcelona
2025-04-18 00:33:28,458 - __main__ - INFO - Found 4 singles matches for tournament 20334
2025-04-18 00:33:29,536 - __main__ - INFO - Processing tournament: BMW Open - Munich
2025-04-18 00:33:30,798 - __main__ - INFO - Found 4 singles matches for tournament 20335
2025-04-18 00:33:31,851 - __main__ - INFO - Processing tournament: Busan Challenger
2025-04-18 00:33:33,224 - __main__ - INFO - Found 4 singles matches for tournament 20601
2025-04-18 00:33:34,288 - __main__ - INFO - Processing tournament: Oeiras 4 Challenger
2025-04-18 00:33:35,559 - __main__ - INFO - Found 4 singles matches for tournament 20602
2025-04-18 00:33:36,621 - __main__ - INFO - Processing tournament: San Luis Potosi Challenger
2025-04-18 00:33:37,899 - __main__ - INFO - Found 6 singles matches for tournament 20603
2025-04-18 00:33:39,496 - __main__ - INFO - Processing tournament: Tallahassee Challenger
2025-04-18 00:33:40,759 - __main__ - INFO - Found 6 singles matches for tournament 20604
2025-04-18 00:33:42,352 - __main__ - INFO - Processing tournament: Abidjan 1 Challenger
2025-04-18 00:33:43,638 - __main__ - INFO - Found 4 singles matches for tournament 20605
2025-04-18 00:33:44,708 - __main__ - INFO - Processing tournament: M25 Santa Margherita di Pula
2025-04-18 00:33:45,989 - __main__ - INFO - Found 9 singles matches for tournament 20624
2025-04-18 00:33:48,386 - __main__ - INFO - Processing tournament: M25 Sharm ElSheikh
2025-04-18 00:33:49,670 - __main__ - INFO - Found 4 singles matches for tournament 20625
2025-04-18 00:33:50,742 - __main__ - INFO - Processing tournament: M15 Osaka
2025-04-18 00:33:52,003 - __main__ - INFO - Found 4 singles matches for tournament 20626
2025-04-18 00:33:53,071 - __main__ - INFO - Processing tournament: M15 Dubrovnik
2025-04-18 00:33:54,340 - __main__ - INFO - Found 2 singles matches for tournament 20627
2025-04-18 00:33:54,926 - __main__ - INFO - Processing tournament: M15 Monastir
2025-04-18 00:33:56,196 - __main__ - INFO - Found 4 singles matches for tournament 20628
2025-04-18 00:33:57,251 - __main__ - INFO - Processing tournament: M15 Luan
2025-04-18 00:33:58,516 - __main__ - INFO - Found 3 singles matches for tournament 20629
2025-04-18 00:33:59,314 - __main__ - INFO - Processing tournament: M15 Antalya
2025-04-18 00:34:00,580 - __main__ - INFO - Found 4 singles matches for tournament 20630
2025-04-18 00:34:01,654 - __main__ - INFO - Processing tournament: Monte-Carlo Rolex Masters - Monte-Carlo
2025-04-18 00:34:02,930 - __main__ - INFO - Found 0 singles matches for tournament 20333
2025-04-18 00:34:02,931 - __main__ - INFO - Processing tournament: Mexico City Challenger
2025-04-18 00:34:04,187 - __main__ - INFO - Found 0 singles matches for tournament 20597
2025-04-18 00:34:04,187 - __main__ - INFO - Processing tournament: Madrid Challenger
2025-04-18 00:34:05,522 - __main__ - INFO - Found 0 singles matches for tournament 20598
2025-04-18 00:34:05,523 - __main__ - INFO - Processing tournament: Monza Challenger
2025-04-18 00:34:07,036 - __main__ - INFO - Found 0 singles matches for tournament 20599
2025-04-18 00:34:07,036 - __main__ - INFO - Processing tournament: Sarasota Challenger
2025-04-18 00:34:08,372 - __main__ - INFO - Found 0 singles matches for tournament 20600
2025-04-18 00:34:08,373 - __main__ - INFO - Processing tournament: M25 Antalya
2025-04-18 00:34:09,639 - __main__ - INFO - Found 0 singles matches for tournament 20619
2025-04-18 00:34:09,640 - __main__ - INFO - Processing tournament: M25 Santa Margherita di Pula
2025-04-18 00:34:10,893 - __main__ - INFO - Found 0 singles matches for tournament 20620
2025-04-18 00:34:10,894 - __main__ - INFO - Processing tournament: M15 Monastir
2025-04-18 00:34:12,157 - __main__ - INFO - Found 0 singles matches for tournament 20621
2025-04-18 00:34:12,157 - __main__ - INFO - Processing tournament: M15 Luan
2025-04-18 00:34:13,485 - __main__ - INFO - Found 0 singles matches for tournament 20622
2025-04-18 00:34:13,486 - __main__ - INFO - Processing tournament: M15 Sharm ElSheikh
2025-04-18 00:34:14,753 - __main__ - INFO - Found 0 singles matches for tournament 20623
2025-04-18 00:34:14,754 - __main__ - INFO - Processing tournament: Tiriac Open - Bucharest
2025-04-18 00:34:16,076 - __main__ - INFO - Found 0 singles matches for tournament 20330
2025-04-18 00:34:16,077 - __main__ - INFO - Processing tournament: US Men's Clay Court Championship - Houston
2025-04-18 00:34:17,331 - __main__ - INFO - Found 0 singles matches for tournament 20331
2025-04-18 00:34:17,332 - __main__ - INFO - Processing tournament: Grand Prix Hassan II - Marrakech
2025-04-18 00:34:18,609 - __main__ - INFO - Found 0 singles matches for tournament 20332
2025-04-18 00:34:18,610 - __main__ - INFO - Processing tournament: Menorca Challenger
2025-04-18 00:34:19,883 - __main__ - INFO - Found 0 singles matches for tournament 20525
2025-04-18 00:34:19,884 - __main__ - INFO - Processing tournament: Barletta Challenger
2025-04-18 00:34:21,157 - __main__ - INFO - Found 0 singles matches for tournament 20526
2025-04-18 00:34:21,158 - __main__ - INFO - Processing tournament: Campinas Challenger
2025-04-18 00:34:22,425 - __main__ - INFO - Found 0 singles matches for tournament 20527
2025-04-18 00:34:22,425 - __main__ - INFO - Processing tournament: Cuernavaca Challenger
2025-04-18 00:34:23,718 - __main__ - INFO - Found 0 singles matches for tournament 20528
2025-04-18 00:34:23,719 - __main__ - INFO - Processing tournament: M25 Santa Margherita di Pula
2025-04-18 00:34:25,025 - __main__ - INFO - Found 0 singles matches for tournament 20588
2025-04-18 00:34:25,026 - __main__ - INFO - Processing tournament: M25 Chacabuco
2025-04-18 00:34:26,300 - __main__ - INFO - Found 0 singles matches for tournament 20589
2025-04-18 00:34:26,301 - __main__ - INFO - Processing tournament: M25 Antalya
2025-04-18 00:34:27,571 - __main__ - INFO - Found 0 singles matches for tournament 20590
2025-04-18 00:34:27,571 - __main__ - INFO - Processing tournament: M25 Reus
2025-04-18 00:34:28,845 - __main__ - INFO - Found 0 singles matches for tournament 20591
2025-04-18 00:34:28,846 - __main__ - INFO - Processing tournament: M15 Sharm ElSheikh
2025-04-18 00:34:30,110 - __main__ - INFO - Found 0 singles matches for tournament 20592
2025-04-18 00:34:30,111 - __main__ - INFO - Processing tournament: M15 Kashiwa
2025-04-18 00:34:31,378 - __main__ - INFO - Found 0 singles matches for tournament 20593
2025-04-18 00:34:31,378 - __main__ - INFO - Processing tournament: M15 Heraklion
2025-04-18 00:34:32,641 - __main__ - INFO - Found 0 singles matches for tournament 20594
2025-04-18 00:34:32,641 - __main__ - INFO - Processing tournament: M15 Lons-le-Saunier
2025-04-18 00:34:33,912 - __main__ - INFO - Found 0 singles matches for tournament 20595
2025-04-18 00:34:33,913 - __main__ - INFO - Processing tournament: M25 Bengaluru
2025-04-18 00:34:35,173 - __main__ - INFO - Found 0 singles matches for tournament 20617
2025-04-18 00:34:35,173 - __main__ - INFO - Processing tournament: M15 Monastir
2025-04-18 00:34:36,451 - __main__ - INFO - Found 0 singles matches for tournament 20618
2025-04-18 00:34:36,451 - __main__ - INFO - Processing tournament: Morelia Challenger
2025-04-18 00:34:37,717 - __main__ - INFO - Found 0 singles matches for tournament 20521
2025-04-18 00:34:37,717 - __main__ - INFO - Processing tournament: Naples Challenger
2025-04-18 00:34:38,991 - __main__ - INFO - Found 0 singles matches for tournament 20522
2025-04-18 00:34:38,992 - __main__ - INFO - Processing tournament: Girona Challenger
2025-04-18 00:34:40,255 - __main__ - INFO - Found 0 singles matches for tournament 20523
2025-04-18 00:34:40,255 - __main__ - INFO - Processing tournament: Concepcion Challenger
2025-04-18 00:34:41,514 - __main__ - INFO - Found 0 singles matches for tournament 20524
2025-04-18 00:34:41,515 - __main__ - INFO - Processing tournament: M25 Santo Domingo
2025-04-18 00:34:42,782 - __main__ - INFO - Found 0 singles matches for tournament 20573
2025-04-18 00:34:42,783 - __main__ - INFO - Processing tournament: M25 Tarragona
2025-04-18 00:34:44,045 - __main__ - INFO - Found 0 singles matches for tournament 20574
2025-04-18 00:34:44,046 - __main__ - INFO - Processing tournament: M25 Ahmedabad
2025-04-18 00:34:45,363 - __main__ - INFO - Found 0 singles matches for tournament 20575
2025-04-18 00:34:45,364 - __main__ - INFO - Processing tournament: M25 Lujan
2025-04-18 00:34:46,638 - __main__ - INFO - Found 0 singles matches for tournament 20576
2025-04-18 00:34:46,638 - __main__ - INFO - Processing tournament: M25 Calabasas
2025-04-18 00:34:47,891 - __main__ - INFO - Found 0 singles matches for tournament 20577
2025-04-18 00:34:47,892 - __main__ - INFO - Processing tournament: M25 Saint-Dizier
2025-04-18 00:34:49,175 - __main__ - INFO - Found 0 singles matches for tournament 20578
2025-04-18 00:34:49,175 - __main__ - INFO - Processing tournament: M15 Nonthaburi
2025-04-18 00:34:50,448 - __main__ - INFO - Found 0 singles matches for tournament 20579
2025-04-18 00:34:50,449 - __main__ - INFO - Processing tournament: M15 Sharm ElSheikh
2025-04-18 00:34:51,713 - __main__ - INFO - Found 0 singles matches for tournament 20580
2025-04-18 00:34:51,714 - __main__ - INFO - Processing tournament: M15 Opatija
2025-04-18 00:34:52,967 - __main__ - INFO - Found 0 singles matches for tournament 20581
2025-04-18 00:34:52,968 - __main__ - INFO - Processing tournament: M15 Alaminos
2025-04-18 00:34:54,227 - __main__ - INFO - Found 0 singles matches for tournament 20582
2025-04-18 00:34:54,227 - __main__ - INFO - Processing tournament: M15 Tsukuba
2025-04-18 00:34:55,519 - __main__ - INFO - Found 0 singles matches for tournament 20583
2025-04-18 00:34:55,520 - __main__ - INFO - Processing tournament: M15 Heraklion
2025-04-18 00:34:56,867 - __main__ - INFO - Found 0 singles matches for tournament 20584
2025-04-18 00:34:56,868 - __main__ - INFO - Processing tournament: M15 Monastir
2025-04-18 00:34:58,135 - __main__ - INFO - Found 0 singles matches for tournament 20585
2025-04-18 00:34:58,135 - __main__ - INFO - Processing tournament: M15 Foggia
2025-04-18 00:34:59,399 - __main__ - INFO - Found 0 singles matches for tournament 20586
2025-04-18 00:34:59,400 - __main__ - INFO - Processing tournament: M15 Antalya
2025-04-18 00:35:00,663 - __main__ - INFO - Found 0 singles matches for tournament 20587
2025-04-18 00:35:00,663 - __main__ - INFO - Match collection completed successfully
2025-04-18 18:08:09,829 - __main__ - INFO - Database tables created successfully
2025-04-18 18:08:09,830 - __main__ - INFO - Current date: 2025-04-18 18:08:09.830095
2025-04-18 18:08:09,830 - __main__ - INFO - End date: 2025-04-25 18:08:09.830095
2025-04-18 18:08:09,830 - __main__ - INFO - Fetching tournaments for current year: 2025
2025-04-18 18:08:11,396 - __main__ - INFO - Fetched 411 tournaments for year 2025
2025-04-18 18:08:11,396 - __main__ - INFO - Total tournaments fetched: 411
2025-04-18 18:08:11,402 - __main__ - INFO - Including tournament: Mutua Madrid Open - Madrid (2025-04-21)
2025-04-18 18:08:11,402 - __main__ - INFO - Including tournament: Gwangju Challenger (2025-04-21)
2025-04-18 18:08:11,402 - __main__ - INFO - Including tournament: Savannah Challenger (2025-04-21)
2025-04-18 18:08:11,403 - __main__ - INFO - Including tournament: Abidjan 2 Challenger (2025-04-21)
2025-04-18 18:08:11,403 - __main__ - INFO - Including tournament: Rome Challenger (2025-04-21)
2025-04-18 18:08:11,403 - __main__ - INFO - Including tournament: San Miguel de Tucuman Challenger (2025-04-21)
2025-04-18 18:08:11,403 - __main__ - INFO - Including tournament: M25 Angers (2025-04-21)
2025-04-18 18:08:11,404 - __main__ - INFO - Including tournament: M25 Santa margherita di Pula (2025-04-21)
2025-04-18 18:08:11,404 - __main__ - INFO - Including tournament: M25 Sharm ElSheikh (2025-04-21)
2025-04-18 18:08:11,404 - __main__ - INFO - Including tournament: M15 Sanxenxo (2025-04-21)
2025-04-18 18:08:11,405 - __main__ - INFO - Including tournament: M15 Kursumlijska Banja (2025-04-21)
2025-04-18 18:08:11,405 - __main__ - INFO - Including tournament: M15 Osaka (2025-04-21)
2025-04-18 18:08:11,405 - __main__ - INFO - Including tournament: M15 Shymkent (2025-04-21)
2025-04-18 18:08:11,406 - __main__ - INFO - Including tournament: M15 Monastir (2025-04-21)
2025-04-18 18:08:11,406 - __main__ - INFO - Including tournament: M15 Luan (2025-04-21)
2025-04-18 18:08:11,406 - __main__ - INFO - Including tournament: M15 Vero Beach (2025-04-21)
2025-04-18 18:08:11,406 - __main__ - INFO - Including tournament: M15 Antalya (2025-04-21)
2025-04-18 18:08:11,407 - __main__ - INFO - Including tournament: Barcelona Open Banc Sabadell - Barcelona (2025-04-14)
2025-04-18 18:08:11,407 - __main__ - INFO - Including tournament: BMW Open - Munich (2025-04-14)
2025-04-18 18:08:11,407 - __main__ - INFO - Including tournament: Busan Challenger (2025-04-14)
2025-04-18 18:08:11,408 - __main__ - INFO - Including tournament: Oeiras 4 Challenger (2025-04-14)
2025-04-18 18:08:11,408 - __main__ - INFO - Including tournament: San Luis Potosi Challenger (2025-04-14)
2025-04-18 18:08:11,408 - __main__ - INFO - Including tournament: Tallahassee Challenger (2025-04-14)
2025-04-18 18:08:11,409 - __main__ - INFO - Including tournament: Abidjan 1 Challenger (2025-04-14)
2025-04-18 18:08:11,409 - __main__ - INFO - Including tournament: M25 Santa Margherita di Pula (2025-04-14)
2025-04-18 18:08:11,409 - __main__ - INFO - Including tournament: M25 Sharm ElSheikh (2025-04-14)
2025-04-18 18:08:11,410 - __main__ - INFO - Including tournament: M15 Osaka (2025-04-14)
2025-04-18 18:08:11,410 - __main__ - INFO - Including tournament: M15 Dubrovnik (2025-04-14)
2025-04-18 18:08:11,410 - __main__ - INFO - Including tournament: M15 Monastir (2025-04-14)
2025-04-18 18:08:11,410 - __main__ - INFO - Including tournament: M15 Luan (2025-04-14)
2025-04-18 18:08:11,411 - __main__ - INFO - Including tournament: M15 Antalya (2025-04-14)
2025-04-18 18:08:11,411 - __main__ - INFO - Including tournament: Monte-Carlo Rolex Masters - Monte-Carlo (2025-04-07)
2025-04-18 18:08:11,411 - __main__ - INFO - Including tournament: Mexico City Challenger (2025-04-07)
2025-04-18 18:08:11,411 - __main__ - INFO - Including tournament: Madrid Challenger (2025-04-07)
2025-04-18 18:08:11,411 - __main__ - INFO - Including tournament: Monza Challenger (2025-04-07)
2025-04-18 18:08:11,412 - __main__ - INFO - Including tournament: Sarasota Challenger (2025-04-07)
2025-04-18 18:08:11,412 - __main__ - INFO - Including tournament: M25 Antalya (2025-04-07)
2025-04-18 18:08:11,412 - __main__ - INFO - Including tournament: M25 Santa Margherita di Pula (2025-04-07)
2025-04-18 18:08:11,412 - __main__ - INFO - Including tournament: M15 Monastir (2025-04-07)
2025-04-18 18:08:11,413 - __main__ - INFO - Including tournament: M15 Luan (2025-04-07)
2025-04-18 18:08:11,413 - __main__ - INFO - Including tournament: M15 Sharm ElSheikh (2025-04-07)
2025-04-18 18:08:11,413 - __main__ - INFO - Including tournament: Tiriac Open - Bucharest (2025-03-31)
2025-04-18 18:08:11,414 - __main__ - INFO - Including tournament: US Men's Clay Court Championship - Houston (2025-03-31)
2025-04-18 18:08:11,414 - __main__ - INFO - Including tournament: Grand Prix Hassan II - Marrakech (2025-03-31)
2025-04-18 18:08:11,414 - __main__ - INFO - Including tournament: Menorca Challenger (2025-03-31)
2025-04-18 18:08:11,415 - __main__ - INFO - Including tournament: Barletta Challenger (2025-03-31)
2025-04-18 18:08:11,415 - __main__ - INFO - Including tournament: Campinas Challenger (2025-03-31)
2025-04-18 18:08:11,416 - __main__ - INFO - Including tournament: Cuernavaca Challenger (2025-03-31)
2025-04-18 18:08:11,416 - __main__ - INFO - Including tournament: M25 Santa Margherita di Pula (2025-03-31)
2025-04-18 18:08:11,416 - __main__ - INFO - Including tournament: M25 Chacabuco (2025-03-31)
2025-04-18 18:08:11,417 - __main__ - INFO - Including tournament: M25 Antalya (2025-03-31)
2025-04-18 18:08:11,417 - __main__ - INFO - Including tournament: M25 Reus (2025-03-31)
2025-04-18 18:08:11,417 - __main__ - INFO - Including tournament: M15 Sharm ElSheikh (2025-03-31)
2025-04-18 18:08:11,418 - __main__ - INFO - Including tournament: M15 Kashiwa (2025-03-31)
2025-04-18 18:08:11,418 - __main__ - INFO - Including tournament: M15 Heraklion (2025-03-31)
2025-04-18 18:08:11,419 - __main__ - INFO - Including tournament: M15 Lons-le-Saunier (2025-03-31)
2025-04-18 18:08:11,419 - __main__ - INFO - Including tournament: M25 Bengaluru (2025-03-31)
2025-04-18 18:08:11,419 - __main__ - INFO - Including tournament: M15 Monastir (2025-03-31)
2025-04-18 18:08:11,420 - __main__ - INFO - Including tournament: Morelia Challenger (2025-03-24)
2025-04-18 18:08:11,420 - __main__ - INFO - Including tournament: Naples Challenger (2025-03-24)
2025-04-18 18:08:11,421 - __main__ - INFO - Including tournament: Girona Challenger (2025-03-24)
2025-04-18 18:08:11,421 - __main__ - INFO - Including tournament: Concepcion Challenger (2025-03-24)
2025-04-18 18:08:11,421 - __main__ - INFO - Including tournament: M25 Santo Domingo (2025-03-24)
2025-04-18 18:08:11,421 - __main__ - INFO - Including tournament: M25 Tarragona (2025-03-24)
2025-04-18 18:08:11,422 - __main__ - INFO - Including tournament: M25 Ahmedabad (2025-03-24)
2025-04-18 18:08:11,422 - __main__ - INFO - Including tournament: M25 Lujan (2025-03-24)
2025-04-18 18:08:11,422 - __main__ - INFO - Including tournament: M25 Calabasas (2025-03-24)
2025-04-18 18:08:11,422 - __main__ - INFO - Including tournament: M25 Saint-Dizier (2025-03-24)
2025-04-18 18:08:11,423 - __main__ - INFO - Including tournament: M15 Nonthaburi (2025-03-24)
2025-04-18 18:08:11,423 - __main__ - INFO - Including tournament: M15 Sharm ElSheikh (2025-03-24)
2025-04-18 18:08:11,423 - __main__ - INFO - Including tournament: M15 Opatija (2025-03-24)
2025-04-18 18:08:11,423 - __main__ - INFO - Including tournament: M15 Alaminos (2025-03-24)
2025-04-18 18:08:11,424 - __main__ - INFO - Including tournament: M15 Tsukuba (2025-03-24)
2025-04-18 18:08:11,424 - __main__ - INFO - Including tournament: M15 Heraklion (2025-03-24)
2025-04-18 18:08:11,424 - __main__ - INFO - Including tournament: M15 Monastir (2025-03-24)
2025-04-18 18:08:11,424 - __main__ - INFO - Including tournament: M15 Foggia (2025-03-24)
2025-04-18 18:08:11,425 - __main__ - INFO - Including tournament: M15 Antalya (2025-03-24)
2025-04-18 18:08:11,428 - __main__ - INFO - Found 77 tournaments in or near the specified date range
2025-04-18 18:08:12,089 - __main__ - INFO - Removed 0 old matches from scheduled_matches
2025-04-18 18:08:12,089 - __main__ - INFO - Processing tournament: Mutua Madrid Open - Madrid
2025-04-18 18:08:13,450 - __main__ - INFO - Found 0 singles matches for tournament 20336
2025-04-18 18:08:13,450 - __main__ - INFO - Processing tournament: Gwangju Challenger
2025-04-18 18:08:14,681 - __main__ - INFO - Found 0 singles matches for tournament 20606
2025-04-18 18:08:14,682 - __main__ - INFO - Processing tournament: Savannah Challenger
2025-04-18 18:08:15,936 - __main__ - INFO - Found 0 singles matches for tournament 20607
2025-04-18 18:08:15,937 - __main__ - INFO - Processing tournament: Abidjan 2 Challenger
2025-04-18 18:08:17,174 - __main__ - INFO - Found 0 singles matches for tournament 20608
2025-04-18 18:08:17,175 - __main__ - INFO - Processing tournament: Rome Challenger
2025-04-18 18:08:18,415 - __main__ - INFO - Found 0 singles matches for tournament 20609
2025-04-18 18:08:18,416 - __main__ - INFO - Processing tournament: San Miguel de Tucuman Challenger
2025-04-18 18:08:19,940 - __main__ - INFO - Found 0 singles matches for tournament 20610
2025-04-18 18:08:19,940 - __main__ - INFO - Processing tournament: M25 Angers
2025-04-18 18:08:21,175 - __main__ - INFO - Found 0 singles matches for tournament 20631
2025-04-18 18:08:21,175 - __main__ - INFO - Processing tournament: M25 Santa margherita di Pula
2025-04-18 18:08:22,432 - __main__ - INFO - Found 0 singles matches for tournament 20632
2025-04-18 18:08:22,432 - __main__ - INFO - Processing tournament: M25 Sharm ElSheikh
2025-04-18 18:08:23,672 - __main__ - INFO - Found 0 singles matches for tournament 20633
2025-04-18 18:08:23,672 - __main__ - INFO - Processing tournament: M15 Sanxenxo
2025-04-18 18:08:24,904 - __main__ - INFO - Found 0 singles matches for tournament 20634
2025-04-18 18:08:24,904 - __main__ - INFO - Processing tournament: M15 Kursumlijska Banja
2025-04-18 18:08:26,237 - __main__ - INFO - Found 0 singles matches for tournament 20635
2025-04-18 18:08:26,237 - __main__ - INFO - Processing tournament: M15 Osaka
2025-04-18 18:08:27,513 - __main__ - INFO - Found 0 singles matches for tournament 20636
2025-04-18 18:08:27,513 - __main__ - INFO - Processing tournament: M15 Shymkent
2025-04-18 18:08:28,821 - __main__ - INFO - Found 0 singles matches for tournament 20637
2025-04-18 18:08:28,821 - __main__ - INFO - Processing tournament: M15 Monastir
2025-04-18 18:08:30,058 - __main__ - INFO - Found 0 singles matches for tournament 20638
2025-04-18 18:08:30,059 - __main__ - INFO - Processing tournament: M15 Luan
2025-04-18 18:08:31,415 - __main__ - INFO - Found 0 singles matches for tournament 20639
2025-04-18 18:08:31,415 - __main__ - INFO - Processing tournament: M15 Vero Beach
2025-04-18 18:08:32,701 - __main__ - INFO - Found 0 singles matches for tournament 20640
2025-04-18 18:08:32,702 - __main__ - INFO - Processing tournament: M15 Antalya
2025-04-18 18:08:33,933 - __main__ - INFO - Found 0 singles matches for tournament 20641
2025-04-18 18:08:33,933 - __main__ - INFO - Processing tournament: Barcelona Open Banc Sabadell - Barcelona
2025-04-18 18:08:35,187 - __main__ - INFO - Found 4 singles matches for tournament 20334
2025-04-18 18:08:36,179 - __main__ - INFO - Processing tournament: BMW Open - Munich
2025-04-18 18:08:37,429 - __main__ - INFO - Found 4 singles matches for tournament 20335
2025-04-18 18:08:38,492 - __main__ - INFO - Processing tournament: Busan Challenger
2025-04-18 18:08:39,729 - __main__ - INFO - Found 2 singles matches for tournament 20601
2025-04-18 18:08:40,231 - __main__ - INFO - Processing tournament: Oeiras 4 Challenger
2025-04-18 18:08:41,479 - __main__ - INFO - Found 4 singles matches for tournament 20602
2025-04-18 18:08:42,461 - __main__ - INFO - Processing tournament: San Luis Potosi Challenger
2025-04-18 18:08:43,710 - __main__ - INFO - Found 4 singles matches for tournament 20603
2025-04-18 18:08:44,785 - __main__ - INFO - Processing tournament: Tallahassee Challenger
2025-04-18 18:08:46,034 - __main__ - INFO - Found 4 singles matches for tournament 20604
2025-04-18 18:08:47,007 - __main__ - INFO - Processing tournament: Abidjan 1 Challenger
2025-04-18 18:08:48,249 - __main__ - INFO - Found 4 singles matches for tournament 20605
2025-04-18 18:08:49,228 - __main__ - INFO - Processing tournament: M25 Santa Margherita di Pula
2025-04-18 18:08:50,462 - __main__ - INFO - Found 9 singles matches for tournament 20624
2025-04-18 18:08:52,877 - __main__ - INFO - Processing tournament: M25 Sharm ElSheikh
2025-04-18 18:08:54,138 - __main__ - INFO - Found 4 singles matches for tournament 20625
2025-04-18 18:08:55,184 - __main__ - INFO - Processing tournament: M15 Osaka
2025-04-18 18:08:56,412 - __main__ - INFO - Found 2 singles matches for tournament 20626
2025-04-18 18:08:56,901 - __main__ - INFO - Processing tournament: M15 Dubrovnik
2025-04-18 18:08:58,138 - __main__ - INFO - Found 2 singles matches for tournament 20627
2025-04-18 18:08:58,629 - __main__ - INFO - Processing tournament: M15 Monastir
2025-04-18 18:08:59,872 - __main__ - INFO - Found 4 singles matches for tournament 20628
2025-04-18 18:09:00,965 - __main__ - INFO - Processing tournament: M15 Luan
2025-04-18 18:09:02,196 - __main__ - INFO - Found 2 singles matches for tournament 20629
2025-04-18 18:09:02,686 - __main__ - INFO - Processing tournament: M15 Antalya
2025-04-18 18:09:04,022 - __main__ - INFO - Found 4 singles matches for tournament 20630
2025-04-18 18:09:05,001 - __main__ - INFO - Processing tournament: Monte-Carlo Rolex Masters - Monte-Carlo
2025-04-18 18:09:06,258 - __main__ - INFO - Found 0 singles matches for tournament 20333
2025-04-18 18:09:06,259 - __main__ - INFO - Processing tournament: Mexico City Challenger
2025-04-18 18:09:07,489 - __main__ - INFO - Found 0 singles matches for tournament 20597
2025-04-18 18:09:07,489 - __main__ - INFO - Processing tournament: Madrid Challenger
2025-04-18 18:09:08,713 - __main__ - INFO - Found 0 singles matches for tournament 20598
2025-04-18 18:09:08,714 - __main__ - INFO - Processing tournament: Monza Challenger
2025-04-18 18:09:10,023 - __main__ - INFO - Found 0 singles matches for tournament 20599
2025-04-18 18:09:10,024 - __main__ - INFO - Processing tournament: Sarasota Challenger
2025-04-18 18:09:11,400 - __main__ - INFO - Found 0 singles matches for tournament 20600
2025-04-18 18:09:11,401 - __main__ - INFO - Processing tournament: M25 Antalya
2025-04-18 18:09:12,680 - __main__ - INFO - Found 0 singles matches for tournament 20619
2025-04-18 18:09:12,681 - __main__ - INFO - Processing tournament: M25 Santa Margherita di Pula
2025-04-18 18:09:13,926 - __main__ - INFO - Found 0 singles matches for tournament 20620
2025-04-18 18:09:13,926 - __main__ - INFO - Processing tournament: M15 Monastir
2025-04-18 18:09:15,168 - __main__ - INFO - Found 0 singles matches for tournament 20621
2025-04-18 18:09:15,169 - __main__ - INFO - Processing tournament: M15 Luan
2025-04-18 18:09:16,398 - __main__ - INFO - Found 0 singles matches for tournament 20622
2025-04-18 18:09:16,399 - __main__ - INFO - Processing tournament: M15 Sharm ElSheikh
2025-04-18 18:09:17,726 - __main__ - INFO - Found 0 singles matches for tournament 20623
2025-04-18 18:09:17,727 - __main__ - INFO - Processing tournament: Tiriac Open - Bucharest
2025-04-18 18:09:18,965 - __main__ - INFO - Found 0 singles matches for tournament 20330
2025-04-18 18:09:18,965 - __main__ - INFO - Processing tournament: US Men's Clay Court Championship - Houston
2025-04-18 18:09:20,213 - __main__ - INFO - Found 0 singles matches for tournament 20331
2025-04-18 18:09:20,213 - __main__ - INFO - Processing tournament: Grand Prix Hassan II - Marrakech
2025-04-18 18:09:21,440 - __main__ - INFO - Found 0 singles matches for tournament 20332
2025-04-18 18:09:21,440 - __main__ - INFO - Processing tournament: Menorca Challenger
2025-04-18 18:09:22,673 - __main__ - INFO - Found 0 singles matches for tournament 20525
2025-04-18 18:09:22,674 - __main__ - INFO - Processing tournament: Barletta Challenger
2025-04-18 18:09:23,909 - __main__ - INFO - Found 0 singles matches for tournament 20526
2025-04-18 18:09:23,910 - __main__ - INFO - Processing tournament: Campinas Challenger
2025-04-18 18:09:25,579 - __main__ - INFO - Found 0 singles matches for tournament 20527
2025-04-18 18:09:25,580 - __main__ - INFO - Processing tournament: Cuernavaca Challenger
2025-04-18 18:09:26,812 - __main__ - INFO - Found 0 singles matches for tournament 20528
2025-04-18 18:09:26,812 - __main__ - INFO - Processing tournament: M25 Santa Margherita di Pula
2025-04-18 18:09:28,044 - __main__ - INFO - Found 0 singles matches for tournament 20588
2025-04-18 18:09:28,045 - __main__ - INFO - Processing tournament: M25 Chacabuco
2025-04-18 18:09:29,292 - __main__ - INFO - Found 0 singles matches for tournament 20589
2025-04-18 18:09:29,293 - __main__ - INFO - Processing tournament: M25 Antalya
2025-04-18 18:09:30,537 - __main__ - INFO - Found 0 singles matches for tournament 20590
2025-04-18 18:09:30,537 - __main__ - INFO - Processing tournament: M25 Reus
2025-04-18 18:09:31,779 - __main__ - INFO - Found 0 singles matches for tournament 20591
2025-04-18 18:09:31,779 - __main__ - INFO - Processing tournament: M15 Sharm ElSheikh
2025-04-18 18:09:33,022 - __main__ - INFO - Found 0 singles matches for tournament 20592
2025-04-18 18:09:33,023 - __main__ - INFO - Processing tournament: M15 Kashiwa
2025-04-18 18:09:34,373 - __main__ - INFO - Found 0 singles matches for tournament 20593
2025-04-18 18:09:34,374 - __main__ - INFO - Processing tournament: M15 Heraklion
2025-04-18 18:09:35,609 - __main__ - INFO - Found 0 singles matches for tournament 20594
2025-04-18 18:09:35,609 - __main__ - INFO - Processing tournament: M15 Lons-le-Saunier
2025-04-18 18:09:36,870 - __main__ - INFO - Found 0 singles matches for tournament 20595
2025-04-18 18:09:36,870 - __main__ - INFO - Processing tournament: M25 Bengaluru
2025-04-18 18:09:38,106 - __main__ - INFO - Found 0 singles matches for tournament 20617
2025-04-18 18:09:38,107 - __main__ - INFO - Processing tournament: M15 Monastir
2025-04-18 18:09:39,399 - __main__ - INFO - Found 0 singles matches for tournament 20618
2025-04-18 18:09:39,399 - __main__ - INFO - Processing tournament: Morelia Challenger
2025-04-18 18:09:40,722 - __main__ - INFO - Found 0 singles matches for tournament 20521
2025-04-18 18:09:40,722 - __main__ - INFO - Processing tournament: Naples Challenger
2025-04-18 18:09:41,942 - __main__ - INFO - Found 0 singles matches for tournament 20522
2025-04-18 18:09:41,943 - __main__ - INFO - Processing tournament: Girona Challenger
2025-04-18 18:09:43,177 - __main__ - INFO - Found 0 singles matches for tournament 20523
2025-04-18 18:09:43,178 - __main__ - INFO - Processing tournament: Concepcion Challenger
2025-04-18 18:09:44,423 - __main__ - INFO - Found 0 singles matches for tournament 20524
2025-04-18 18:09:44,424 - __main__ - INFO - Processing tournament: M25 Santo Domingo
2025-04-18 18:09:45,660 - __main__ - INFO - Found 0 singles matches for tournament 20573
2025-04-18 18:09:45,660 - __main__ - INFO - Processing tournament: M25 Tarragona
2025-04-18 18:09:46,916 - __main__ - INFO - Found 0 singles matches for tournament 20574
2025-04-18 18:09:46,916 - __main__ - INFO - Processing tournament: M25 Ahmedabad
2025-04-18 18:09:48,170 - __main__ - INFO - Found 0 singles matches for tournament 20575
2025-04-18 18:09:48,170 - __main__ - INFO - Processing tournament: M25 Lujan
2025-04-18 18:09:49,388 - __main__ - INFO - Found 0 singles matches for tournament 20576
2025-04-18 18:09:49,389 - __main__ - INFO - Processing tournament: M25 Calabasas
2025-04-18 18:09:50,628 - __main__ - INFO - Found 0 singles matches for tournament 20577
2025-04-18 18:09:50,629 - __main__ - INFO - Processing tournament: M25 Saint-Dizier
2025-04-18 18:09:51,866 - __main__ - INFO - Found 0 singles matches for tournament 20578
2025-04-18 18:09:51,866 - __main__ - INFO - Processing tournament: M15 Nonthaburi
2025-04-18 18:09:53,099 - __main__ - INFO - Found 0 singles matches for tournament 20579
2025-04-18 18:09:53,099 - __main__ - INFO - Processing tournament: M15 Sharm ElSheikh
2025-04-18 18:09:54,331 - __main__ - INFO - Found 0 singles matches for tournament 20580
2025-04-18 18:09:54,332 - __main__ - INFO - Processing tournament: M15 Opatija
2025-04-18 18:09:55,564 - __main__ - INFO - Found 0 singles matches for tournament 20581
2025-04-18 18:09:55,565 - __main__ - INFO - Processing tournament: M15 Alaminos
2025-04-18 18:09:56,920 - __main__ - INFO - Found 0 singles matches for tournament 20582
2025-04-18 18:09:56,920 - __main__ - INFO - Processing tournament: M15 Tsukuba
2025-04-18 18:09:58,151 - __main__ - INFO - Found 0 singles matches for tournament 20583
2025-04-18 18:09:58,151 - __main__ - INFO - Processing tournament: M15 Heraklion
2025-04-18 18:09:59,389 - __main__ - INFO - Found 0 singles matches for tournament 20584
2025-04-18 18:09:59,389 - __main__ - INFO - Processing tournament: M15 Monastir
2025-04-18 18:10:00,632 - __main__ - INFO - Found 0 singles matches for tournament 20585
2025-04-18 18:10:00,632 - __main__ - INFO - Processing tournament: M15 Foggia
2025-04-18 18:10:01,927 - __main__ - INFO - Found 0 singles matches for tournament 20586
2025-04-18 18:10:01,927 - __main__ - INFO - Processing tournament: M15 Antalya
2025-04-18 18:10:03,218 - __main__ - INFO - Found 0 singles matches for tournament 20587
2025-04-18 18:10:03,219 - __main__ - INFO - Match collection completed successfully
2025-04-18 18:43:43,921 - __main__ - INFO - Database tables created successfully
2025-04-18 18:43:43,925 - __main__ - INFO - Current date: 2025-04-18 18:43:43.924999
2025-04-18 18:43:43,925 - __main__ - INFO - End date: 2025-04-25 18:43:43.924999
2025-04-18 18:43:43,925 - __main__ - INFO - Fetching tournaments for current year: 2025
2025-04-18 18:43:45,574 - __main__ - INFO - Fetched 411 tournaments for year 2025
2025-04-18 18:43:45,575 - __main__ - INFO - Total tournaments fetched: 411
2025-04-18 18:43:45,580 - __main__ - INFO - Including tournament: Mutua Madrid Open - Madrid (2025-04-21)
2025-04-18 18:43:45,580 - __main__ - INFO - Including tournament: Gwangju Challenger (2025-04-21)
2025-04-18 18:43:45,580 - __main__ - INFO - Including tournament: Savannah Challenger (2025-04-21)
2025-04-18 18:43:45,581 - __main__ - INFO - Including tournament: Abidjan 2 Challenger (2025-04-21)
2025-04-18 18:43:45,581 - __main__ - INFO - Including tournament: Rome Challenger (2025-04-21)
2025-04-18 18:43:45,581 - __main__ - INFO - Including tournament: San Miguel de Tucuman Challenger (2025-04-21)
2025-04-18 18:43:45,582 - __main__ - INFO - Including tournament: M25 Angers (2025-04-21)
2025-04-18 18:43:45,582 - __main__ - INFO - Including tournament: M25 Santa margherita di Pula (2025-04-21)
2025-04-18 18:43:45,582 - __main__ - INFO - Including tournament: M25 Sharm ElSheikh (2025-04-21)
2025-04-18 18:43:45,583 - __main__ - INFO - Including tournament: M15 Sanxenxo (2025-04-21)
2025-04-18 18:43:45,583 - __main__ - INFO - Including tournament: M15 Kursumlijska Banja (2025-04-21)
2025-04-18 18:43:45,583 - __main__ - INFO - Including tournament: M15 Osaka (2025-04-21)
2025-04-18 18:43:45,584 - __main__ - INFO - Including tournament: M15 Shymkent (2025-04-21)
2025-04-18 18:43:45,584 - __main__ - INFO - Including tournament: M15 Monastir (2025-04-21)
2025-04-18 18:43:45,585 - __main__ - INFO - Including tournament: M15 Luan (2025-04-21)
2025-04-18 18:43:45,585 - __main__ - INFO - Including tournament: M15 Vero Beach (2025-04-21)
2025-04-18 18:43:45,586 - __main__ - INFO - Including tournament: M15 Antalya (2025-04-21)
2025-04-18 18:43:45,586 - __main__ - INFO - Including tournament: Barcelona Open Banc Sabadell - Barcelona (2025-04-14)
2025-04-18 18:43:45,586 - __main__ - INFO - Including tournament: BMW Open - Munich (2025-04-14)
2025-04-18 18:43:45,587 - __main__ - INFO - Including tournament: Busan Challenger (2025-04-14)
2025-04-18 18:43:45,587 - __main__ - INFO - Including tournament: Oeiras 4 Challenger (2025-04-14)
2025-04-18 18:43:45,588 - __main__ - INFO - Including tournament: San Luis Potosi Challenger (2025-04-14)
2025-04-18 18:43:45,588 - __main__ - INFO - Including tournament: Tallahassee Challenger (2025-04-14)
2025-04-18 18:43:45,588 - __main__ - INFO - Including tournament: Abidjan 1 Challenger (2025-04-14)
2025-04-18 18:43:45,589 - __main__ - INFO - Including tournament: M25 Santa Margherita di Pula (2025-04-14)
2025-04-18 18:43:45,589 - __main__ - INFO - Including tournament: M25 Sharm ElSheikh (2025-04-14)
2025-04-18 18:43:45,589 - __main__ - INFO - Including tournament: M15 Osaka (2025-04-14)
2025-04-18 18:43:45,590 - __main__ - INFO - Including tournament: M15 Dubrovnik (2025-04-14)
2025-04-18 18:43:45,590 - __main__ - INFO - Including tournament: M15 Monastir (2025-04-14)
2025-04-18 18:43:45,590 - __main__ - INFO - Including tournament: M15 Luan (2025-04-14)
2025-04-18 18:43:45,590 - __main__ - INFO - Including tournament: M15 Antalya (2025-04-14)
2025-04-18 18:43:45,591 - __main__ - INFO - Including tournament: Monte-Carlo Rolex Masters - Monte-Carlo (2025-04-07)
2025-04-18 18:43:45,591 - __main__ - INFO - Including tournament: Mexico City Challenger (2025-04-07)
2025-04-18 18:43:45,591 - __main__ - INFO - Including tournament: Madrid Challenger (2025-04-07)
2025-04-18 18:43:45,592 - __main__ - INFO - Including tournament: Monza Challenger (2025-04-07)
2025-04-18 18:43:45,592 - __main__ - INFO - Including tournament: Sarasota Challenger (2025-04-07)
2025-04-18 18:43:45,592 - __main__ - INFO - Including tournament: M25 Antalya (2025-04-07)
2025-04-18 18:43:45,593 - __main__ - INFO - Including tournament: M25 Santa Margherita di Pula (2025-04-07)
2025-04-18 18:43:45,593 - __main__ - INFO - Including tournament: M15 Monastir (2025-04-07)
2025-04-18 18:43:45,593 - __main__ - INFO - Including tournament: M15 Luan (2025-04-07)
2025-04-18 18:43:45,593 - __main__ - INFO - Including tournament: M15 Sharm ElSheikh (2025-04-07)
2025-04-18 18:43:45,594 - __main__ - INFO - Including tournament: Tiriac Open - Bucharest (2025-03-31)
2025-04-18 18:43:45,594 - __main__ - INFO - Including tournament: US Men's Clay Court Championship - Houston (2025-03-31)
2025-04-18 18:43:45,594 - __main__ - INFO - Including tournament: Grand Prix Hassan II - Marrakech (2025-03-31)
2025-04-18 18:43:45,595 - __main__ - INFO - Including tournament: Menorca Challenger (2025-03-31)
2025-04-18 18:43:45,595 - __main__ - INFO - Including tournament: Barletta Challenger (2025-03-31)
2025-04-18 18:43:45,595 - __main__ - INFO - Including tournament: Campinas Challenger (2025-03-31)
2025-04-18 18:43:45,596 - __main__ - INFO - Including tournament: Cuernavaca Challenger (2025-03-31)
2025-04-18 18:43:45,596 - __main__ - INFO - Including tournament: M25 Santa Margherita di Pula (2025-03-31)
2025-04-18 18:43:45,596 - __main__ - INFO - Including tournament: M25 Chacabuco (2025-03-31)
2025-04-18 18:43:45,597 - __main__ - INFO - Including tournament: M25 Antalya (2025-03-31)
2025-04-18 18:43:45,597 - __main__ - INFO - Including tournament: M25 Reus (2025-03-31)
2025-04-18 18:43:45,597 - __main__ - INFO - Including tournament: M15 Sharm ElSheikh (2025-03-31)
2025-04-18 18:43:45,597 - __main__ - INFO - Including tournament: M15 Kashiwa (2025-03-31)
2025-04-18 18:43:45,598 - __main__ - INFO - Including tournament: M15 Heraklion (2025-03-31)
2025-04-18 18:43:45,598 - __main__ - INFO - Including tournament: M15 Lons-le-Saunier (2025-03-31)
2025-04-18 18:43:45,599 - __main__ - INFO - Including tournament: M25 Bengaluru (2025-03-31)
2025-04-18 18:43:45,599 - __main__ - INFO - Including tournament: M15 Monastir (2025-03-31)
2025-04-18 18:43:45,600 - __main__ - INFO - Including tournament: Morelia Challenger (2025-03-24)
2025-04-18 18:43:45,600 - __main__ - INFO - Including tournament: Naples Challenger (2025-03-24)
2025-04-18 18:43:45,600 - __main__ - INFO - Including tournament: Girona Challenger (2025-03-24)
2025-04-18 18:43:45,601 - __main__ - INFO - Including tournament: Concepcion Challenger (2025-03-24)
2025-04-18 18:43:45,601 - __main__ - INFO - Including tournament: M25 Santo Domingo (2025-03-24)
2025-04-18 18:43:45,601 - __main__ - INFO - Including tournament: M25 Tarragona (2025-03-24)
2025-04-18 18:43:45,602 - __main__ - INFO - Including tournament: M25 Ahmedabad (2025-03-24)
2025-04-18 18:43:45,602 - __main__ - INFO - Including tournament: M25 Lujan (2025-03-24)
2025-04-18 18:43:45,602 - __main__ - INFO - Including tournament: M25 Calabasas (2025-03-24)
2025-04-18 18:43:45,602 - __main__ - INFO - Including tournament: M25 Saint-Dizier (2025-03-24)
2025-04-18 18:43:45,603 - __main__ - INFO - Including tournament: M15 Nonthaburi (2025-03-24)
2025-04-18 18:43:45,603 - __main__ - INFO - Including tournament: M15 Sharm ElSheikh (2025-03-24)
2025-04-18 18:43:45,603 - __main__ - INFO - Including tournament: M15 Opatija (2025-03-24)
2025-04-18 18:43:45,603 - __main__ - INFO - Including tournament: M15 Alaminos (2025-03-24)
2025-04-18 18:43:45,604 - __main__ - INFO - Including tournament: M15 Tsukuba (2025-03-24)
2025-04-18 18:43:45,605 - __main__ - INFO - Including tournament: M15 Heraklion (2025-03-24)
2025-04-18 18:43:45,606 - __main__ - INFO - Including tournament: M15 Monastir (2025-03-24)
2025-04-18 18:43:45,606 - __main__ - INFO - Including tournament: M15 Foggia (2025-03-24)
2025-04-18 18:43:45,607 - __main__ - INFO - Including tournament: M15 Antalya (2025-03-24)
2025-04-18 18:43:45,612 - __main__ - INFO - Found 77 tournaments in or near the specified date range
2025-04-18 18:43:46,290 - __main__ - INFO - Removed 0 old matches from scheduled_matches
2025-04-18 18:43:46,291 - __main__ - INFO - Processing tournament: Mutua Madrid Open - Madrid
2025-04-18 18:43:47,530 - __main__ - INFO - Found 0 singles matches for tournament 20336
2025-04-18 18:43:47,530 - __main__ - INFO - Processing tournament: Gwangju Challenger
2025-04-18 18:43:48,758 - __main__ - INFO - Found 0 singles matches for tournament 20606
2025-04-18 18:43:48,758 - __main__ - INFO - Processing tournament: Savannah Challenger
2025-04-18 18:43:49,979 - __main__ - INFO - Found 0 singles matches for tournament 20607
2025-04-18 18:43:49,979 - __main__ - INFO - Processing tournament: Abidjan 2 Challenger
2025-04-18 18:43:51,289 - __main__ - INFO - Found 0 singles matches for tournament 20608
2025-04-18 18:43:51,290 - __main__ - INFO - Processing tournament: Rome Challenger
2025-04-18 20:24:07,239 - __main__ - INFO - Database tables created successfully
2025-04-18 20:24:07,241 - __main__ - INFO - Current date: 2025-04-18 20:24:07.241712
2025-04-18 20:24:07,241 - __main__ - INFO - End date: 2025-04-25 20:24:07.241712
2025-04-18 20:24:07,242 - __main__ - INFO - Fetching tournaments for current year: 2025
2025-04-18 20:24:08,954 - __main__ - INFO - Fetched 411 tournaments for year 2025
2025-04-18 20:24:08,955 - __main__ - INFO - Total tournaments fetched: 411
2025-04-18 20:24:08,958 - __main__ - INFO - Including tournament: Mutua Madrid Open - Madrid (2025-04-21)
2025-04-18 20:24:08,958 - __main__ - INFO - Including tournament: Gwangju Challenger (2025-04-21)
2025-04-18 20:24:08,958 - __main__ - INFO - Including tournament: Savannah Challenger (2025-04-21)
2025-04-18 20:24:08,958 - __main__ - INFO - Including tournament: Abidjan 2 Challenger (2025-04-21)
2025-04-18 20:24:08,958 - __main__ - INFO - Including tournament: Rome Challenger (2025-04-21)
2025-04-18 20:24:08,958 - __main__ - INFO - Including tournament: San Miguel de Tucuman Challenger (2025-04-21)
2025-04-18 20:24:08,958 - __main__ - INFO - Including tournament: M25 Angers (2025-04-21)
2025-04-18 20:24:08,959 - __main__ - INFO - Including tournament: M25 Santa margherita di Pula (2025-04-21)
2025-04-18 20:24:08,959 - __main__ - INFO - Including tournament: M25 Sharm ElSheikh (2025-04-21)
2025-04-18 20:24:08,959 - __main__ - INFO - Including tournament: M15 Sanxenxo (2025-04-21)
2025-04-18 20:24:08,959 - __main__ - INFO - Including tournament: M15 Kursumlijska Banja (2025-04-21)
2025-04-18 20:24:08,959 - __main__ - INFO - Including tournament: M15 Osaka (2025-04-21)
2025-04-18 20:24:08,959 - __main__ - INFO - Including tournament: M15 Shymkent (2025-04-21)
2025-04-18 20:24:08,959 - __main__ - INFO - Including tournament: M15 Monastir (2025-04-21)
2025-04-18 20:24:08,959 - __main__ - INFO - Including tournament: M15 Luan (2025-04-21)
2025-04-18 20:24:08,959 - __main__ - INFO - Including tournament: M15 Vero Beach (2025-04-21)
2025-04-18 20:24:08,959 - __main__ - INFO - Including tournament: M15 Antalya (2025-04-21)
2025-04-18 20:24:08,959 - __main__ - INFO - Including tournament: Barcelona Open Banc Sabadell - Barcelona (2025-04-14)
2025-04-18 20:24:08,960 - __main__ - INFO - Including tournament: BMW Open - Munich (2025-04-14)
2025-04-18 20:24:08,960 - __main__ - INFO - Including tournament: Busan Challenger (2025-04-14)
2025-04-18 20:24:08,960 - __main__ - INFO - Including tournament: Oeiras 4 Challenger (2025-04-14)
2025-04-18 20:24:08,960 - __main__ - INFO - Including tournament: San Luis Potosi Challenger (2025-04-14)
2025-04-18 20:24:08,960 - __main__ - INFO - Including tournament: Tallahassee Challenger (2025-04-14)
2025-04-18 20:24:08,960 - __main__ - INFO - Including tournament: Abidjan 1 Challenger (2025-04-14)
2025-04-18 20:24:08,960 - __main__ - INFO - Including tournament: M25 Santa Margherita di Pula (2025-04-14)
2025-04-18 20:24:08,960 - __main__ - INFO - Including tournament: M25 Sharm ElSheikh (2025-04-14)
2025-04-18 20:24:08,960 - __main__ - INFO - Including tournament: M15 Osaka (2025-04-14)
2025-04-18 20:24:08,960 - __main__ - INFO - Including tournament: M15 Dubrovnik (2025-04-14)
2025-04-18 20:24:08,960 - __main__ - INFO - Including tournament: M15 Monastir (2025-04-14)
2025-04-18 20:24:08,961 - __main__ - INFO - Including tournament: M15 Luan (2025-04-14)
2025-04-18 20:24:08,961 - __main__ - INFO - Including tournament: M15 Antalya (2025-04-14)
2025-04-18 20:24:08,961 - __main__ - INFO - Including tournament: Monte-Carlo Rolex Masters - Monte-Carlo (2025-04-07)
2025-04-18 20:24:08,961 - __main__ - INFO - Including tournament: Mexico City Challenger (2025-04-07)
2025-04-18 20:24:08,961 - __main__ - INFO - Including tournament: Madrid Challenger (2025-04-07)
2025-04-18 20:24:08,961 - __main__ - INFO - Including tournament: Monza Challenger (2025-04-07)
2025-04-18 20:24:08,961 - __main__ - INFO - Including tournament: Sarasota Challenger (2025-04-07)
2025-04-18 20:24:08,961 - __main__ - INFO - Including tournament: M25 Antalya (2025-04-07)
2025-04-18 20:24:08,961 - __main__ - INFO - Including tournament: M25 Santa Margherita di Pula (2025-04-07)
2025-04-18 20:24:08,961 - __main__ - INFO - Including tournament: M15 Monastir (2025-04-07)
2025-04-18 20:24:08,961 - __main__ - INFO - Including tournament: M15 Luan (2025-04-07)
2025-04-18 20:24:08,962 - __main__ - INFO - Including tournament: M15 Sharm ElSheikh (2025-04-07)
2025-04-18 20:24:08,962 - __main__ - INFO - Including tournament: Tiriac Open - Bucharest (2025-03-31)
2025-04-18 20:24:08,962 - __main__ - INFO - Including tournament: US Men's Clay Court Championship - Houston (2025-03-31)
2025-04-18 20:24:08,962 - __main__ - INFO - Including tournament: Grand Prix Hassan II - Marrakech (2025-03-31)
2025-04-18 20:24:08,962 - __main__ - INFO - Including tournament: Menorca Challenger (2025-03-31)
2025-04-18 20:24:08,962 - __main__ - INFO - Including tournament: Barletta Challenger (2025-03-31)
2025-04-18 20:24:08,962 - __main__ - INFO - Including tournament: Campinas Challenger (2025-03-31)
2025-04-18 20:24:08,962 - __main__ - INFO - Including tournament: Cuernavaca Challenger (2025-03-31)
2025-04-18 20:24:08,962 - __main__ - INFO - Including tournament: M25 Santa Margherita di Pula (2025-03-31)
2025-04-18 20:24:08,962 - __main__ - INFO - Including tournament: M25 Chacabuco (2025-03-31)
2025-04-18 20:24:08,963 - __main__ - INFO - Including tournament: M25 Antalya (2025-03-31)
2025-04-18 20:24:08,963 - __main__ - INFO - Including tournament: M25 Reus (2025-03-31)
2025-04-18 20:24:08,963 - __main__ - INFO - Including tournament: M15 Sharm ElSheikh (2025-03-31)
2025-04-18 20:24:08,963 - __main__ - INFO - Including tournament: M15 Kashiwa (2025-03-31)
2025-04-18 20:24:08,963 - __main__ - INFO - Including tournament: M15 Heraklion (2025-03-31)
2025-04-18 20:24:08,963 - __main__ - INFO - Including tournament: M15 Lons-le-Saunier (2025-03-31)
2025-04-18 20:24:08,963 - __main__ - INFO - Including tournament: M25 Bengaluru (2025-03-31)
2025-04-18 20:24:08,963 - __main__ - INFO - Including tournament: M15 Monastir (2025-03-31)
2025-04-18 20:24:08,963 - __main__ - INFO - Including tournament: Morelia Challenger (2025-03-24)
2025-04-18 20:24:08,963 - __main__ - INFO - Including tournament: Naples Challenger (2025-03-24)
2025-04-18 20:24:08,963 - __main__ - INFO - Including tournament: Girona Challenger (2025-03-24)
2025-04-18 20:24:08,964 - __main__ - INFO - Including tournament: Concepcion Challenger (2025-03-24)
2025-04-18 20:24:08,964 - __main__ - INFO - Including tournament: M25 Santo Domingo (2025-03-24)
2025-04-18 20:24:08,964 - __main__ - INFO - Including tournament: M25 Tarragona (2025-03-24)
2025-04-18 20:24:08,964 - __main__ - INFO - Including tournament: M25 Ahmedabad (2025-03-24)
2025-04-18 20:24:08,964 - __main__ - INFO - Including tournament: M25 Lujan (2025-03-24)
2025-04-18 20:24:08,964 - __main__ - INFO - Including tournament: M25 Calabasas (2025-03-24)
2025-04-18 20:24:08,964 - __main__ - INFO - Including tournament: M25 Saint-Dizier (2025-03-24)
2025-04-18 20:24:08,964 - __main__ - INFO - Including tournament: M15 Nonthaburi (2025-03-24)
2025-04-18 20:24:08,964 - __main__ - INFO - Including tournament: M15 Sharm ElSheikh (2025-03-24)
2025-04-18 20:24:08,964 - __main__ - INFO - Including tournament: M15 Opatija (2025-03-24)
2025-04-18 20:24:08,964 - __main__ - INFO - Including tournament: M15 Alaminos (2025-03-24)
2025-04-18 20:24:08,965 - __main__ - INFO - Including tournament: M15 Tsukuba (2025-03-24)
2025-04-18 20:24:08,965 - __main__ - INFO - Including tournament: M15 Heraklion (2025-03-24)
2025-04-18 20:24:08,965 - __main__ - INFO - Including tournament: M15 Monastir (2025-03-24)
2025-04-18 20:24:08,965 - __main__ - INFO - Including tournament: M15 Foggia (2025-03-24)
2025-04-18 20:24:08,965 - __main__ - INFO - Including tournament: M15 Antalya (2025-03-24)
2025-04-18 20:24:08,966 - __main__ - INFO - Found 77 tournaments in or near the specified date range
2025-04-18 20:24:09,626 - __main__ - INFO - Removed 0 old matches from scheduled_matches
2025-04-18 20:24:09,626 - __main__ - INFO - Processing tournament: Mutua Madrid Open - Madrid
2025-04-18 20:24:10,881 - __main__ - INFO - Found 0 singles matches for tournament 20336
2025-04-18 20:24:10,881 - __main__ - INFO - Processing tournament: Gwangju Challenger
2025-04-18 20:24:12,333 - __main__ - INFO - Found 0 singles matches for tournament 20606
2025-04-18 20:24:12,334 - __main__ - INFO - Processing tournament: Savannah Challenger
2025-04-18 20:24:13,563 - __main__ - INFO - Found 0 singles matches for tournament 20607
2025-04-18 20:24:13,563 - __main__ - INFO - Processing tournament: Abidjan 2 Challenger
2025-04-18 20:24:14,813 - __main__ - INFO - Found 0 singles matches for tournament 20608
2025-04-18 20:24:14,813 - __main__ - INFO - Processing tournament: Rome Challenger
2025-04-18 20:24:16,052 - __main__ - INFO - Found 0 singles matches for tournament 20609
2025-04-18 20:24:16,052 - __main__ - INFO - Processing tournament: San Miguel de Tucuman Challenger
2025-04-18 20:24:17,295 - __main__ - INFO - Found 0 singles matches for tournament 20610
2025-04-18 20:24:17,295 - __main__ - INFO - Processing tournament: M25 Angers
2025-04-18 20:24:18,645 - __main__ - INFO - Found 0 singles matches for tournament 20631
2025-04-18 20:24:18,646 - __main__ - INFO - Processing tournament: M25 Santa margherita di Pula
2025-04-18 20:24:19,878 - __main__ - INFO - Found 0 singles matches for tournament 20632
2025-04-18 20:24:19,879 - __main__ - INFO - Processing tournament: M25 Sharm ElSheikh
2025-04-18 20:24:21,114 - __main__ - INFO - Found 0 singles matches for tournament 20633
2025-04-18 20:24:21,115 - __main__ - INFO - Processing tournament: M15 Sanxenxo
2025-04-18 20:24:22,438 - __main__ - INFO - Found 0 singles matches for tournament 20634
2025-04-18 20:24:22,439 - __main__ - INFO - Processing tournament: M15 Kursumlijska Banja
2025-04-18 20:24:23,748 - __main__ - INFO - Found 0 singles matches for tournament 20635
2025-04-18 20:24:23,748 - __main__ - INFO - Processing tournament: M15 Osaka
2025-04-18 20:24:25,078 - __main__ - INFO - Found 0 singles matches for tournament 20636
2025-04-18 20:24:25,079 - __main__ - INFO - Processing tournament: M15 Shymkent
2025-04-18 20:24:26,309 - __main__ - INFO - Found 0 singles matches for tournament 20637
2025-04-18 20:24:26,309 - __main__ - INFO - Processing tournament: M15 Monastir
2025-04-18 20:24:27,548 - __main__ - INFO - Found 0 singles matches for tournament 20638
2025-04-18 20:24:27,548 - __main__ - INFO - Processing tournament: M15 Luan
2025-04-18 20:24:28,775 - __main__ - INFO - Found 0 singles matches for tournament 20639
2025-04-18 20:24:28,775 - __main__ - INFO - Processing tournament: M15 Vero Beach
2025-04-18 20:24:30,004 - __main__ - INFO - Found 0 singles matches for tournament 20640
2025-04-18 20:24:30,005 - __main__ - INFO - Processing tournament: M15 Antalya
2025-04-18 20:24:31,349 - __main__ - INFO - Found 0 singles matches for tournament 20641
2025-04-18 20:24:31,349 - __main__ - INFO - Processing tournament: Barcelona Open Banc Sabadell - Barcelona
2025-04-18 20:24:32,595 - __main__ - INFO - Found 3 singles matches for tournament 20334
2025-04-18 20:24:33,346 - __main__ - INFO - Processing tournament: BMW Open - Munich
2025-04-18 20:24:34,690 - __main__ - INFO - Found 3 singles matches for tournament 20335
2025-04-18 20:24:35,426 - __main__ - INFO - Processing tournament: Busan Challenger
2025-04-18 20:24:36,657 - __main__ - INFO - Found 2 singles matches for tournament 20601
2025-04-18 20:24:37,258 - __main__ - INFO - Processing tournament: Oeiras 4 Challenger
2025-04-18 20:24:38,512 - __main__ - INFO - Found 4 singles matches for tournament 20602
2025-04-18 20:24:39,482 - __main__ - INFO - Processing tournament: San Luis Potosi Challenger
2025-04-18 20:24:40,706 - __main__ - INFO - Found 4 singles matches for tournament 20603
2025-04-18 20:24:41,682 - __main__ - INFO - Processing tournament: Tallahassee Challenger
2025-04-18 20:24:42,921 - __main__ - INFO - Found 4 singles matches for tournament 20604
2025-04-18 20:24:44,013 - __main__ - INFO - Processing tournament: Abidjan 1 Challenger
2025-04-18 20:24:45,254 - __main__ - INFO - Found 4 singles matches for tournament 20605
2025-04-18 20:24:46,229 - __main__ - INFO - Processing tournament: M25 Santa Margherita di Pula
2025-04-18 20:24:47,550 - __main__ - INFO - Found 8 singles matches for tournament 20624
2025-04-18 20:24:49,535 - __main__ - INFO - Processing tournament: M25 Sharm ElSheikh
2025-04-18 20:24:50,787 - __main__ - INFO - Found 2 singles matches for tournament 20625
2025-04-18 20:24:51,281 - __main__ - INFO - Processing tournament: M15 Osaka
2025-04-18 20:24:52,522 - __main__ - INFO - Found 2 singles matches for tournament 20626
2025-04-18 20:24:53,016 - __main__ - INFO - Processing tournament: M15 Dubrovnik
2025-04-18 20:24:54,414 - __main__ - INFO - Found 1 singles matches for tournament 20627
2025-04-18 20:24:54,662 - __main__ - INFO - Processing tournament: M15 Monastir
2025-04-18 20:24:55,895 - __main__ - INFO - Found 2 singles matches for tournament 20628
2025-04-18 20:24:56,461 - __main__ - INFO - Processing tournament: M15 Luan
2025-04-18 20:24:57,690 - __main__ - INFO - Found 2 singles matches for tournament 20629
2025-04-18 20:24:58,182 - __main__ - INFO - Processing tournament: M15 Antalya
2025-04-18 20:24:59,417 - __main__ - INFO - Found 2 singles matches for tournament 20630
2025-04-18 20:25:00,096 - __main__ - INFO - Processing tournament: Monte-Carlo Rolex Masters - Monte-Carlo
2025-04-18 20:25:01,324 - __main__ - INFO - Found 0 singles matches for tournament 20333
2025-04-18 20:25:01,325 - __main__ - INFO - Processing tournament: Mexico City Challenger
2025-04-18 20:25:02,562 - __main__ - INFO - Found 0 singles matches for tournament 20597
2025-04-18 20:25:02,562 - __main__ - INFO - Processing tournament: Madrid Challenger
2025-04-18 20:25:03,864 - __main__ - INFO - Found 0 singles matches for tournament 20598
2025-04-18 20:25:03,864 - __main__ - INFO - Processing tournament: Monza Challenger
2025-04-18 20:25:05,102 - __main__ - INFO - Found 0 singles matches for tournament 20599
2025-04-18 20:25:05,102 - __main__ - INFO - Processing tournament: Sarasota Challenger
2025-04-18 20:25:06,333 - __main__ - INFO - Found 0 singles matches for tournament 20600
2025-04-18 20:25:06,333 - __main__ - INFO - Processing tournament: M25 Antalya
2025-04-18 20:25:07,680 - __main__ - INFO - Found 0 singles matches for tournament 20619
2025-04-18 20:25:07,680 - __main__ - INFO - Processing tournament: M25 Santa Margherita di Pula
2025-04-18 20:25:08,905 - __main__ - INFO - Found 0 singles matches for tournament 20620
2025-04-18 20:25:08,905 - __main__ - INFO - Processing tournament: M15 Monastir
2025-04-18 20:25:10,165 - __main__ - INFO - Found 0 singles matches for tournament 20621
2025-04-18 20:25:10,165 - __main__ - INFO - Processing tournament: M15 Luan
2025-04-18 20:25:11,419 - __main__ - INFO - Found 0 singles matches for tournament 20622
2025-04-18 20:25:11,419 - __main__ - INFO - Processing tournament: M15 Sharm ElSheikh
2025-04-18 20:25:12,655 - __main__ - INFO - Found 0 singles matches for tournament 20623
2025-04-18 20:25:12,655 - __main__ - INFO - Processing tournament: Tiriac Open - Bucharest
2025-04-18 20:25:13,890 - __main__ - INFO - Found 0 singles matches for tournament 20330
2025-04-18 20:25:13,890 - __main__ - INFO - Processing tournament: US Men's Clay Court Championship - Houston
2025-04-18 20:25:15,172 - __main__ - INFO - Found 0 singles matches for tournament 20331
2025-04-18 20:25:15,173 - __main__ - INFO - Processing tournament: Grand Prix Hassan II - Marrakech
2025-04-18 20:25:16,401 - __main__ - INFO - Found 0 singles matches for tournament 20332
2025-04-18 20:25:16,402 - __main__ - INFO - Processing tournament: Menorca Challenger
2025-04-18 20:25:17,625 - __main__ - INFO - Found 0 singles matches for tournament 20525
2025-04-18 20:25:17,625 - __main__ - INFO - Processing tournament: Barletta Challenger
2025-04-18 20:25:18,867 - __main__ - INFO - Found 0 singles matches for tournament 20526
2025-04-18 20:25:18,867 - __main__ - INFO - Processing tournament: Campinas Challenger
2025-04-18 20:25:20,170 - __main__ - INFO - Found 0 singles matches for tournament 20527
2025-04-18 20:25:20,170 - __main__ - INFO - Processing tournament: Cuernavaca Challenger
2025-04-18 20:25:21,405 - __main__ - INFO - Found 0 singles matches for tournament 20528
2025-04-18 20:25:21,405 - __main__ - INFO - Processing tournament: M25 Santa Margherita di Pula
2025-04-18 20:25:22,644 - __main__ - INFO - Found 0 singles matches for tournament 20588
2025-04-18 20:25:22,645 - __main__ - INFO - Processing tournament: M25 Chacabuco
2025-04-18 20:25:23,884 - __main__ - INFO - Found 0 singles matches for tournament 20589
2025-04-18 20:25:23,884 - __main__ - INFO - Processing tournament: M25 Antalya
2025-04-18 20:25:25,114 - __main__ - INFO - Found 0 singles matches for tournament 20590
2025-04-18 20:25:25,114 - __main__ - INFO - Processing tournament: M25 Reus
2025-04-18 20:25:26,371 - __main__ - INFO - Found 0 singles matches for tournament 20591
2025-04-18 20:25:26,372 - __main__ - INFO - Processing tournament: M15 Sharm ElSheikh
2025-04-18 20:25:27,597 - __main__ - INFO - Found 0 singles matches for tournament 20592
2025-04-18 20:25:27,598 - __main__ - INFO - Processing tournament: M15 Kashiwa
2025-04-18 20:25:28,829 - __main__ - INFO - Found 0 singles matches for tournament 20593
2025-04-18 20:25:28,830 - __main__ - INFO - Processing tournament: M15 Heraklion
2025-04-18 20:25:30,059 - __main__ - INFO - Found 0 singles matches for tournament 20594
2025-04-18 20:25:30,060 - __main__ - INFO - Processing tournament: M15 Lons-le-Saunier
2025-04-18 20:25:31,278 - __main__ - INFO - Found 0 singles matches for tournament 20595
2025-04-18 20:25:31,278 - __main__ - INFO - Processing tournament: M25 Bengaluru
2025-04-18 20:25:32,513 - __main__ - INFO - Found 0 singles matches for tournament 20617
2025-04-18 20:25:32,514 - __main__ - INFO - Processing tournament: M15 Monastir
2025-04-18 20:25:33,756 - __main__ - INFO - Found 0 singles matches for tournament 20618
2025-04-18 20:25:33,757 - __main__ - INFO - Processing tournament: Morelia Challenger
2025-04-18 20:25:34,988 - __main__ - INFO - Found 0 singles matches for tournament 20521
2025-04-18 20:25:34,988 - __main__ - INFO - Processing tournament: Naples Challenger
2025-04-18 20:25:36,286 - __main__ - INFO - Found 0 singles matches for tournament 20522
2025-04-18 20:25:36,286 - __main__ - INFO - Processing tournament: Girona Challenger
2025-04-18 20:25:37,521 - __main__ - INFO - Found 0 singles matches for tournament 20523
2025-04-18 20:25:37,521 - __main__ - INFO - Processing tournament: Concepcion Challenger
2025-04-18 20:25:38,824 - __main__ - INFO - Found 0 singles matches for tournament 20524
2025-04-18 20:25:38,824 - __main__ - INFO - Processing tournament: M25 Santo Domingo
2025-04-18 20:25:40,060 - __main__ - INFO - Found 0 singles matches for tournament 20573
2025-04-18 20:25:40,060 - __main__ - INFO - Processing tournament: M25 Tarragona
2025-04-18 20:25:41,284 - __main__ - INFO - Found 0 singles matches for tournament 20574
2025-04-18 20:25:41,284 - __main__ - INFO - Processing tournament: M25 Ahmedabad
2025-04-18 20:25:42,593 - __main__ - INFO - Found 0 singles matches for tournament 20575
2025-04-18 20:25:42,593 - __main__ - INFO - Processing tournament: M25 Lujan
2025-04-18 20:25:43,826 - __main__ - INFO - Found 0 singles matches for tournament 20576
2025-04-18 20:25:43,826 - __main__ - INFO - Processing tournament: M25 Calabasas
2025-04-18 20:25:45,075 - __main__ - INFO - Found 0 singles matches for tournament 20577
2025-04-18 20:25:45,075 - __main__ - INFO - Processing tournament: M25 Saint-Dizier
2025-04-18 20:25:46,313 - __main__ - INFO - Found 0 singles matches for tournament 20578
2025-04-18 20:25:46,314 - __main__ - INFO - Processing tournament: M15 Nonthaburi
2025-04-18 20:25:47,533 - __main__ - INFO - Found 0 singles matches for tournament 20579
2025-04-18 20:25:47,533 - __main__ - INFO - Processing tournament: M15 Sharm ElSheikh
2025-04-18 20:25:48,784 - __main__ - INFO - Found 0 singles matches for tournament 20580
2025-04-18 20:25:48,784 - __main__ - INFO - Processing tournament: M15 Opatija
2025-04-18 20:25:50,013 - __main__ - INFO - Found 0 singles matches for tournament 20581
2025-04-18 20:25:50,013 - __main__ - INFO - Processing tournament: M15 Alaminos
2025-04-18 20:25:51,252 - __main__ - INFO - Found 0 singles matches for tournament 20582
2025-04-18 20:25:51,252 - __main__ - INFO - Processing tournament: M15 Tsukuba
2025-04-18 20:25:52,590 - __main__ - INFO - Found 0 singles matches for tournament 20583
2025-04-18 20:25:52,590 - __main__ - INFO - Processing tournament: M15 Heraklion
2025-04-18 20:25:53,811 - __main__ - INFO - Found 0 singles matches for tournament 20584
2025-04-18 20:25:53,811 - __main__ - INFO - Processing tournament: M15 Monastir
2025-04-18 20:25:55,042 - __main__ - INFO - Found 0 singles matches for tournament 20585
2025-04-18 20:25:55,042 - __main__ - INFO - Processing tournament: M15 Foggia
2025-04-18 20:25:56,285 - __main__ - INFO - Found 0 singles matches for tournament 20586
2025-04-18 20:25:56,285 - __main__ - INFO - Processing tournament: M15 Antalya
2025-04-18 20:25:57,502 - __main__ - INFO - Found 0 singles matches for tournament 20587
2025-04-18 20:25:57,502 - __main__ - INFO - Match collection completed successfully
