2025-04-18 19:30:18,125 - __main__ - INFO - CompletedMatchUpdater initialized
2025-04-18 19:30:19,049 - __main__ - INFO - Found 18 completed but unprocessed matches
2025-04-18 19:30:19,938 - __main__ - INFO - No match found in tournament 20604, round 5 with players 81980 vs 97369
2025-04-18 19:30:20,799 - __main__ - INFO - No match found in tournament 20605, round 5 with players 30626 vs 54208
2025-04-18 19:30:21,664 - __main__ - INFO - No match found in tournament 20604, round 5 with players 39043 vs 50000
2025-04-18 19:30:22,601 - __main__ - INFO - No match found in tournament 20605, round 9 with players 61856 vs 83555
2025-04-18 19:30:23,623 - __main__ - INFO - No match found in tournament 20605, round 9 with players 9833 vs 29462
2025-04-18 19:30:24,473 - __main__ - INFO - No match found in tournament 20602, round 5 with players 84235 vs 84236
2025-04-18 19:30:25,318 - __main__ - INFO - No match found in tournament 20624, round 4 with players 71182 vs 33166
2025-04-18 19:30:26,166 - __main__ - INFO - No match found in tournament 20602, round 5 with players 60625 vs 28900
2025-04-18 19:30:27,069 - __main__ - INFO - No match found in tournament 20334, round 5 with players 68090 vs 39309
2025-04-18 19:30:27,930 - __main__ - INFO - No match found in tournament 20604, round 5 with players 53532 vs 12498
2025-04-18 19:30:28,779 - __main__ - INFO - No match found in tournament 20602, round 5 with players 61857 vs 35296
2025-04-18 19:30:29,710 - __main__ - INFO - No match found in tournament 20335, round 5 with players 38911 vs 52140
2025-04-18 19:30:30,542 - __main__ - INFO - No match found in tournament 20602, round 5 with players 20654 vs 12097
2025-04-18 19:30:31,420 - __main__ - INFO - No match found in tournament 20624, round 4 with players 46167 vs 61691
2025-04-18 19:30:32,270 - __main__ - INFO - No match found in tournament 20624, round 4 with players 56641 vs 21548
2025-04-18 19:30:33,184 - __main__ - INFO - No match found in tournament 20624, round 4 with players 52552 vs 40795
2025-04-18 19:30:34,041 - __main__ - INFO - No match found in tournament 20624, round 4 with players 68702 vs 28992
2025-04-18 19:30:34,937 - __main__ - INFO - No match found in tournament 20624, round 4 with players 94055 vs 33904
2025-04-18 19:30:35,017 - __main__ - INFO - Updated 0 matches, skipped 18 matches
2025-04-18 20:27:19,546 - __main__ - INFO - CompletedMatchUpdater initialized
2025-04-18 20:27:20,230 - __main__ - INFO - Found 17 completed but unprocessed matches
2025-04-18 20:27:20,643 - __main__ - ERROR - Error in update_completed_matches: 'psycopg2.extensions.connection' object has no attribute 'connect'
2025-04-18 20:27:20,644 - __main__ - INFO - Updated 0 matches, skipped 0 matches
2025-04-18 20:28:43,466 - __main__ - INFO - CompletedMatchUpdater initialized
2025-04-18 20:28:44,153 - __main__ - INFO - Found 17 completed but unprocessed matches
2025-04-18 20:28:44,973 - __main__ - INFO - Match ID 1550 has no valid statistics in database
2025-04-18 20:28:45,287 - __main__ - INFO - Match ID 1577 has no valid statistics in database
2025-04-18 20:28:45,549 - __main__ - INFO - Match ID 1528 has no valid statistics in database
2025-04-18 20:28:45,824 - __main__ - INFO - Match ID 1571 has no valid statistics in database
2025-04-18 20:28:46,084 - __main__ - INFO - Match ID 1599 has no valid statistics in database
2025-04-18 20:28:46,362 - __main__ - INFO - Match ID 1427 has no valid statistics in database
2025-04-18 20:28:46,605 - __main__ - INFO - Match ID 1662 has no valid statistics in database
2025-04-18 20:28:46,877 - __main__ - INFO - Match ID 1414 has no valid statistics in database
2025-04-18 20:28:47,152 - __main__ - INFO - Match ID 1239 has no valid statistics in database
2025-04-18 20:28:47,468 - __main__ - INFO - Match ID 1538 has no valid statistics in database
2025-04-18 20:28:47,737 - __main__ - INFO - Match ID 1416 has no valid statistics in database
2025-04-18 20:28:47,999 - __main__ - INFO - Match ID 1285 has no valid statistics in database
2025-04-18 20:28:48,264 - __main__ - INFO - Match ID 1395 has no valid statistics in database
2025-04-18 20:28:48,536 - __main__ - INFO - Match ID 1642 has no valid statistics in database
2025-04-18 20:28:48,789 - __main__ - INFO - Match ID 1655 has no valid statistics in database
2025-04-18 20:28:49,052 - __main__ - INFO - Match ID 1650 has no valid statistics in database
2025-04-18 20:28:49,303 - __main__ - INFO - Match ID 1660 has no valid statistics in database
2025-04-18 20:28:49,383 - __main__ - INFO - Updated 0 matches, skipped 17 matches
2025-04-18 20:32:22,758 - __main__ - INFO - CompletedMatchUpdater initialized
2025-04-18 20:32:23,452 - __main__ - INFO - Found 17 completed but unprocessed matches
2025-04-18 20:32:24,357 - __main__ - INFO - Match ID 1550 has no valid statistics in database
2025-04-18 20:32:24,658 - __main__ - INFO - Match ID 1577 has no valid statistics in database
2025-04-18 20:32:24,910 - __main__ - INFO - Match ID 1528 has no valid statistics in database
2025-04-18 20:32:25,177 - __main__ - INFO - Match ID 1571 has no valid statistics in database
2025-04-18 20:32:25,437 - __main__ - INFO - Match ID 1599 has no valid statistics in database
2025-04-18 20:32:25,706 - __main__ - INFO - Match ID 1427 has no valid statistics in database
2025-04-18 20:32:26,006 - __main__ - INFO - Match ID 1662 has no valid statistics in database
2025-04-18 20:32:26,283 - __main__ - INFO - Match ID 1414 has no valid statistics in database
2025-04-18 20:32:26,554 - __main__ - INFO - Match ID 1239 has no valid statistics in database
2025-04-18 20:32:26,849 - __main__ - INFO - Match ID 1538 has no valid statistics in database
2025-04-18 20:32:27,106 - __main__ - INFO - Match ID 1416 has no valid statistics in database
2025-04-18 20:32:27,360 - __main__ - INFO - Match ID 1285 has no valid statistics in database
2025-04-18 20:32:27,600 - __main__ - INFO - Match ID 1395 has no valid statistics in database
2025-04-18 20:32:27,869 - __main__ - INFO - Match ID 1642 has no valid statistics in database
2025-04-18 20:32:28,113 - __main__ - INFO - Match ID 1655 has no valid statistics in database
2025-04-18 20:32:28,355 - __main__ - INFO - Match ID 1650 has no valid statistics in database
2025-04-18 20:32:28,595 - __main__ - INFO - Match ID 1660 has no valid statistics in database
2025-04-18 20:32:28,675 - __main__ - INFO - Updated 0 matches, skipped 17 matches
2025-04-18 20:35:26,654 - __main__ - INFO - CompletedMatchUpdater initialized
2025-04-18 20:35:27,331 - __main__ - INFO - Found 17 completed but unprocessed matches
2025-04-18 20:35:28,291 - __main__ - INFO - Match ID 1550 not found in matches table
2025-04-18 20:35:28,630 - __main__ - INFO - Match ID 1577 not found in matches table
2025-04-18 20:35:28,956 - __main__ - INFO - Match ID 1528 not found in matches table
2025-04-18 20:35:29,294 - __main__ - INFO - Match ID 1571 not found in matches table
2025-04-18 20:35:29,623 - __main__ - INFO - Match ID 1599 not found in matches table
2025-04-18 20:35:29,949 - __main__ - INFO - Match ID 1427 not found in matches table
2025-04-18 20:35:30,279 - __main__ - INFO - Match ID 1662 not found in matches table
2025-04-18 20:35:30,593 - __main__ - INFO - Match ID 1414 not found in matches table
2025-04-18 20:35:30,909 - __main__ - INFO - Match ID 1239 not found in matches table
2025-04-18 20:35:31,251 - __main__ - INFO - Match ID 1538 not found in matches table
2025-04-18 20:35:31,600 - __main__ - INFO - Match ID 1416 not found in matches table
2025-04-18 20:35:31,928 - __main__ - INFO - Match ID 1285 not found in matches table
2025-04-18 20:35:32,253 - __main__ - INFO - Match ID 1395 not found in matches table
2025-04-18 20:35:32,597 - __main__ - INFO - Match ID 1642 not found in matches table
2025-04-18 20:35:32,930 - __main__ - INFO - Match ID 1655 not found in matches table
2025-04-18 20:35:33,253 - __main__ - INFO - Match ID 1650 not found in matches table
2025-04-18 20:35:33,570 - __main__ - INFO - Match ID 1660 not found in matches table
2025-04-18 20:35:33,648 - __main__ - INFO - Updated 0 matches, skipped 17 matches
2025-04-18 20:37:49,808 - __main__ - INFO - CompletedMatchUpdater initialized
2025-04-18 20:37:50,498 - __main__ - INFO - Found 17 completed but unprocessed matches
2025-04-18 20:37:51,506 - __main__ - INFO - Match ID 1550 found in matches table
2025-04-18 20:37:52,166 - __main__ - INFO - Marked match 1550 as processed=True
2025-04-18 20:37:52,537 - __main__ - INFO - Match ID 1577 found in matches table
2025-04-18 20:37:53,196 - __main__ - INFO - Marked match 1577 as processed=True
2025-04-18 20:37:53,537 - __main__ - INFO - Match ID 1528 found in matches table
2025-04-18 20:37:54,310 - __main__ - INFO - Marked match 1528 as processed=True
2025-04-18 20:37:54,669 - __main__ - INFO - Match ID 1571 not found in matches table
2025-04-18 20:37:55,033 - __main__ - INFO - Match ID 1599 not found in matches table
2025-04-18 20:37:55,359 - __main__ - INFO - Match ID 1427 found in matches table
2025-04-18 20:37:56,033 - __main__ - INFO - Marked match 1427 as processed=True
2025-04-18 20:37:56,366 - __main__ - INFO - Match ID 1662 found in matches table
2025-04-18 20:37:57,026 - __main__ - INFO - Marked match 1662 as processed=True
2025-04-18 20:37:57,434 - __main__ - INFO - Match ID 1414 found in matches table
2025-04-18 20:37:58,097 - __main__ - INFO - Marked match 1414 as processed=True
2025-04-18 20:37:58,447 - __main__ - INFO - Match ID 1239 found in matches table
2025-04-18 20:37:59,117 - __main__ - INFO - Marked match 1239 as processed=True
2025-04-18 20:37:59,454 - __main__ - INFO - Match ID 1538 found in matches table
2025-04-18 20:38:00,119 - __main__ - INFO - Marked match 1538 as processed=True
2025-04-18 20:38:00,456 - __main__ - INFO - Match ID 1416 found in matches table
2025-04-18 20:38:01,220 - __main__ - INFO - Marked match 1416 as processed=True
2025-04-18 20:38:01,575 - __main__ - INFO - Match ID 1285 found in matches table
2025-04-18 20:38:02,241 - __main__ - INFO - Marked match 1285 as processed=True
2025-04-18 20:38:02,601 - __main__ - INFO - Match ID 1395 found in matches table
2025-04-18 20:38:03,261 - __main__ - INFO - Marked match 1395 as processed=True
2025-04-18 20:38:03,619 - __main__ - INFO - Match ID 1642 found in matches table
2025-04-18 20:38:04,364 - __main__ - INFO - Marked match 1642 as processed=True
2025-04-18 20:38:04,717 - __main__ - INFO - Match ID 1655 not found in matches table
2025-04-18 20:38:05,064 - __main__ - INFO - Match ID 1650 not found in matches table
2025-04-18 20:38:05,394 - __main__ - INFO - Match ID 1660 found in matches table
2025-04-18 20:38:06,059 - __main__ - INFO - Marked match 1660 as processed=True
2025-04-18 20:38:06,139 - __main__ - INFO - Updated 13 matches, skipped 4 matches
